{"/Users/maksimtereshin/Projects/Personal/biz-assess-platform/backend/src/app.module.ts": {"path":"/Users/maksimtereshin/Projects/Personal/biz-assess-platform/backend/src/app.module.ts","statementMap":{"0":{"start":{"line":1,"column":0},"end":{"line":1,"column":54}},"1":{"start":{"line":2,"column":0},"end":{"line":2,"column":46}},"2":{"start":{"line":3,"column":0},"end":{"line":3,"column":48}},"3":{"start":{"line":4,"column":0},"end":{"line":4,"column":68}},"4":{"start":{"line":5,"column":0},"end":{"line":5,"column":41}},"5":{"start":{"line":6,"column":0},"end":{"line":6,"column":54}},"6":{"start":{"line":7,"column":0},"end":{"line":7,"column":57}},"7":{"start":{"line":8,"column":0},"end":{"line":8,"column":54}},"8":{"start":{"line":9,"column":0},"end":{"line":9,"column":60}},"9":{"start":{"line":10,"column":0},"end":{"line":10,"column":48}},"10":{"start":{"line":11,"column":0},"end":{"line":11,"column":54}},"11":{"start":{"line":12,"column":0},"end":{"line":12,"column":51}},"12":{"start":{"line":13,"column":0},"end":{"line":13,"column":63}},"13":{"start":{"line":14,"column":0},"end":{"line":14,"column":51}},"14":{"start":{"line":15,"column":0},"end":{"line":15,"column":39}},"15":{"start":{"line":16,"column":0},"end":{"line":16,"column":37}},"16":{"start":{"line":17,"column":0},"end":{"line":17,"column":50}},"17":{"start":{"line":18,"column":0},"end":{"line":18,"column":84}},"18":{"start":{"line":79,"column":7},"end":{"line":86,"column":null}},"19":{"start":{"line":80,"column":22},"end":{"line":80,"column":34}},"20":{"start":{"line":84,"column":4},"end":{"line":84,"column":39}},"21":{"start":{"line":79,"column":13},"end":{"line":79,"column":22}},"22":{"start":{"line":79,"column":13},"end":{"line":86,"column":null}}},"fnMap":{"0":{"name":"(anonymous_2)","decl":{"start":{"line":80,"column":2},"end":{"line":80,"column":22}},"loc":{"start":{"line":80,"column":44},"end":{"line":80,"column":48}}},"1":{"name":"(anonymous_3)","decl":{"start":{"line":82,"column":2},"end":{"line":82,"column":7}},"loc":{"start":{"line":82,"column":20},"end":{"line":85,"column":3}}}},"branchMap":{"0":{"loc":{"start":{"line":50,"column":12},"end":{"line":50,"column":46}},"type":"binary-expr","locations":[{"start":{"line":50,"column":12},"end":{"line":50,"column":31}},{"start":{"line":50,"column":35},"end":{"line":50,"column":46}}]},"1":{"loc":{"start":{"line":51,"column":12},"end":{"line":51,"column":49}},"type":"binary-expr","locations":[{"start":{"line":51,"column":12},"end":{"line":51,"column":41}},{"start":{"line":51,"column":45},"end":{"line":51,"column":49}}]},"2":{"loc":{"start":{"line":52,"column":16},"end":{"line":52,"column":53}},"type":"binary-expr","locations":[{"start":{"line":52,"column":16},"end":{"line":52,"column":39}},{"start":{"line":52,"column":43},"end":{"line":52,"column":53}}]},"3":{"loc":{"start":{"line":53,"column":16},"end":{"line":53,"column":53}},"type":"binary-expr","locations":[{"start":{"line":53,"column":16},"end":{"line":53,"column":39}},{"start":{"line":53,"column":43},"end":{"line":53,"column":53}}]},"4":{"loc":{"start":{"line":54,"column":16},"end":{"line":54,"column":56}},"type":"binary-expr","locations":[{"start":{"line":54,"column":16},"end":{"line":54,"column":35}},{"start":{"line":54,"column":39},"end":{"line":54,"column":56}}]}},"s":{"0":0,"1":0,"2":0,"3":0,"4":0,"5":0,"6":0,"7":0,"8":0,"9":0,"10":0,"11":0,"12":0,"13":0,"14":0,"15":0,"16":0,"17":0,"18":0,"19":0,"20":0,"21":0,"22":0},"f":{"0":0,"1":0},"b":{"0":[0,0],"1":[0,0],"2":[0,0],"3":[0,0],"4":[0,0]}}
,"/Users/maksimtereshin/Projects/Personal/biz-assess-platform/backend/src/main.ts": {"path":"/Users/maksimtereshin/Projects/Personal/biz-assess-platform/backend/src/main.ts","statementMap":{"0":{"start":{"line":1,"column":0},"end":{"line":1,"column":43}},"1":{"start":{"line":2,"column":0},"end":{"line":2,"column":56}},"2":{"start":{"line":3,"column":0},"end":{"line":3,"column":41}},"3":{"start":{"line":6,"column":14},"end":{"line":6,"column":49}},"4":{"start":{"line":9,"column":2},"end":{"line":15,"column":4}},"5":{"start":{"line":18,"column":2},"end":{"line":18,"column":29}},"6":{"start":{"line":21,"column":23},"end":{"line":23,"column":31}},"7":{"start":{"line":22,"column":53},"end":{"line":22,"column":63}},"8":{"start":{"line":26,"column":28},"end":{"line":31,"column":19}},"9":{"start":{"line":34,"column":24},"end":{"line":37,"column":4}},"10":{"start":{"line":39,"column":25},"end":{"line":39,"column":82}},"11":{"start":{"line":41,"column":2},"end":{"line":82,"column":5}},"12":{"start":{"line":44,"column":6},"end":{"line":46,"column":7}},"13":{"start":{"line":45,"column":8},"end":{"line":45,"column":36}},"14":{"start":{"line":49,"column":6},"end":{"line":51,"column":7}},"15":{"start":{"line":50,"column":8},"end":{"line":50,"column":36}},"16":{"start":{"line":54,"column":6},"end":{"line":56,"column":7}},"17":{"start":{"line":55,"column":8},"end":{"line":55,"column":36}},"18":{"start":{"line":59,"column":6},"end":{"line":62,"column":7}},"19":{"start":{"line":60,"column":8},"end":{"line":60,"column":68}},"20":{"start":{"line":61,"column":8},"end":{"line":61,"column":36}},"21":{"start":{"line":65,"column":6},"end":{"line":67,"column":7}},"22":{"start":{"line":66,"column":8},"end":{"line":66,"column":62}},"23":{"start":{"line":69,"column":6},"end":{"line":69,"column":70}},"24":{"start":{"line":84,"column":15},"end":{"line":84,"column":39}},"25":{"start":{"line":85,"column":2},"end":{"line":85,"column":36}},"26":{"start":{"line":87,"column":2},"end":{"line":87,"column":71}},"27":{"start":{"line":90,"column":0},"end":{"line":90,"column":12}}},"fnMap":{"0":{"name":"bootstrap","decl":{"start":{"line":5,"column":15},"end":{"line":5,"column":24}},"loc":{"start":{"line":5,"column":24},"end":{"line":88,"column":1}}},"1":{"name":"(anonymous_1)","decl":{"start":{"line":22,"column":46},"end":{"line":22,"column":49}},"loc":{"start":{"line":22,"column":53},"end":{"line":22,"column":63}}},"2":{"name":"(anonymous_2)","decl":{"start":{"line":42,"column":12},"end":{"line":42,"column":13}},"loc":{"start":{"line":42,"column":33},"end":{"line":70,"column":5}}}},"branchMap":{"0":{"loc":{"start":{"line":21,"column":23},"end":{"line":23,"column":31}},"type":"cond-expr","locations":[{"start":{"line":22,"column":6},"end":{"line":22,"column":64}},{"start":{"line":23,"column":6},"end":{"line":23,"column":31}}]},"1":{"loc":{"start":{"line":27,"column":4},"end":{"line":27,"column":79}},"type":"binary-expr","locations":[{"start":{"line":27,"column":4},"end":{"line":27,"column":33}},{"start":{"line":27,"column":37},"end":{"line":27,"column":79}}]},"2":{"loc":{"start":{"line":28,"column":4},"end":{"line":28,"column":78}},"type":"binary-expr","locations":[{"start":{"line":28,"column":4},"end":{"line":28,"column":33}},{"start":{"line":28,"column":37},"end":{"line":28,"column":78}}]},"3":{"loc":{"start":{"line":29,"column":4},"end":{"line":29,"column":73}},"type":"binary-expr","locations":[{"start":{"line":29,"column":4},"end":{"line":29,"column":30}},{"start":{"line":29,"column":34},"end":{"line":29,"column":73}}]},"4":{"loc":{"start":{"line":30,"column":4},"end":{"line":30,"column":72}},"type":"binary-expr","locations":[{"start":{"line":30,"column":4},"end":{"line":30,"column":30}},{"start":{"line":30,"column":34},"end":{"line":30,"column":72}}]},"5":{"loc":{"start":{"line":44,"column":6},"end":{"line":46,"column":7}},"type":"if","locations":[{"start":{"line":44,"column":6},"end":{"line":46,"column":7}}]},"6":{"loc":{"start":{"line":49,"column":6},"end":{"line":51,"column":7}},"type":"if","locations":[{"start":{"line":49,"column":6},"end":{"line":51,"column":7}}]},"7":{"loc":{"start":{"line":49,"column":10},"end":{"line":49,"column":89}},"type":"binary-expr","locations":[{"start":{"line":49,"column":10},"end":{"line":49,"column":48}},{"start":{"line":49,"column":52},"end":{"line":49,"column":89}}]},"8":{"loc":{"start":{"line":54,"column":6},"end":{"line":56,"column":7}},"type":"if","locations":[{"start":{"line":54,"column":6},"end":{"line":56,"column":7}}]},"9":{"loc":{"start":{"line":59,"column":6},"end":{"line":62,"column":7}},"type":"if","locations":[{"start":{"line":59,"column":6},"end":{"line":62,"column":7}}]},"10":{"loc":{"start":{"line":59,"column":10},"end":{"line":59,"column":83}},"type":"binary-expr","locations":[{"start":{"line":59,"column":10},"end":{"line":59,"column":42}},{"start":{"line":59,"column":46},"end":{"line":59,"column":83}}]},"11":{"loc":{"start":{"line":65,"column":6},"end":{"line":67,"column":7}},"type":"if","locations":[{"start":{"line":65,"column":6},"end":{"line":67,"column":7}}]},"12":{"loc":{"start":{"line":65,"column":10},"end":{"line":65,"column":115}},"type":"binary-expr","locations":[{"start":{"line":65,"column":10},"end":{"line":65,"column":43}},{"start":{"line":65,"column":48},"end":{"line":65,"column":77}},{"start":{"line":65,"column":81},"end":{"line":65,"column":114}}]},"13":{"loc":{"start":{"line":84,"column":15},"end":{"line":84,"column":39}},"type":"binary-expr","locations":[{"start":{"line":84,"column":15},"end":{"line":84,"column":31}},{"start":{"line":84,"column":35},"end":{"line":84,"column":39}}]}},"s":{"0":0,"1":0,"2":0,"3":0,"4":0,"5":0,"6":0,"7":0,"8":0,"9":0,"10":0,"11":0,"12":0,"13":0,"14":0,"15":0,"16":0,"17":0,"18":0,"19":0,"20":0,"21":0,"22":0,"23":0,"24":0,"25":0,"26":0,"27":0},"f":{"0":0,"1":0,"2":0},"b":{"0":[0,0],"1":[0,0],"2":[0,0],"3":[0,0],"4":[0,0],"5":[0],"6":[0],"7":[0,0],"8":[0],"9":[0],"10":[0,0],"11":[0],"12":[0,0,0],"13":[0,0]}}
,"/Users/maksimtereshin/Projects/Personal/biz-assess-platform/backend/src/analytics/analytics.constants.ts": {"path":"/Users/maksimtereshin/Projects/Personal/biz-assess-platform/backend/src/analytics/analytics.constants.ts","statementMap":{"0":{"start":{"line":5,"column":0},"end":{"line":5,"column":null}},"1":{"start":{"line":6,"column":2},"end":{"line":6,"column":null}},"2":{"start":{"line":7,"column":2},"end":{"line":7,"column":null}},"3":{"start":{"line":8,"column":2},"end":{"line":8,"column":null}},"4":{"start":{"line":11,"column":0},"end":{"line":11,"column":null}},"5":{"start":{"line":12,"column":2},"end":{"line":12,"column":null}},"6":{"start":{"line":13,"column":2},"end":{"line":13,"column":null}},"7":{"start":{"line":16,"column":13},"end":{"line":16,"column":33}}},"fnMap":{"0":{"name":"(anonymous_0)","decl":{"start":{"line":5,"column":0},"end":{"line":5,"column":12}},"loc":{"start":{"line":5,"column":29},"end":{"line":9,"column":1}}},"1":{"name":"(anonymous_1)","decl":{"start":{"line":11,"column":0},"end":{"line":11,"column":12}},"loc":{"start":{"line":11,"column":31},"end":{"line":14,"column":1}}}},"branchMap":{"0":{"loc":{"start":{"line":5,"column":12},"end":{"line":5,"column":null}},"type":"binary-expr","locations":[{"start":{"line":5,"column":12},"end":{"line":5,"column":29}},{"start":{"line":5,"column":29},"end":{"line":5,"column":null}}]},"1":{"loc":{"start":{"line":11,"column":12},"end":{"line":11,"column":null}},"type":"binary-expr","locations":[{"start":{"line":11,"column":12},"end":{"line":11,"column":31}},{"start":{"line":11,"column":31},"end":{"line":11,"column":null}}]}},"s":{"0":0,"1":0,"2":0,"3":0,"4":0,"5":0,"6":0,"7":0},"f":{"0":0,"1":0},"b":{"0":[0,0],"1":[0,0]}}
,"/Users/maksimtereshin/Projects/Personal/biz-assess-platform/backend/src/analytics/analytics.module.ts": {"path":"/Users/maksimtereshin/Projects/Personal/biz-assess-platform/backend/src/analytics/analytics.module.ts","statementMap":{"0":{"start":{"line":1,"column":0},"end":{"line":1,"column":40}},"1":{"start":{"line":2,"column":0},"end":{"line":2,"column":48}},"2":{"start":{"line":3,"column":0},"end":{"line":3,"column":55}},"3":{"start":{"line":4,"column":0},"end":{"line":4,"column":47}},"4":{"start":{"line":5,"column":0},"end":{"line":5,"column":66}},"5":{"start":{"line":6,"column":0},"end":{"line":6,"column":53}},"6":{"start":{"line":7,"column":0},"end":{"line":7,"column":51}},"7":{"start":{"line":16,"column":7},"end":{"line":16,"column":null}},"8":{"start":{"line":16,"column":13},"end":{"line":16,"column":28}},"9":{"start":{"line":16,"column":13},"end":{"line":16,"column":null}}},"fnMap":{},"branchMap":{},"s":{"0":0,"1":0,"2":0,"3":0,"4":0,"5":0,"6":0,"7":0,"8":0,"9":0},"f":{},"b":{}}
,"/Users/maksimtereshin/Projects/Personal/biz-assess-platform/backend/src/analytics/analytics.service.ts": {"path":"/Users/maksimtereshin/Projects/Personal/biz-assess-platform/backend/src/analytics/analytics.service.ts","statementMap":{"0":{"start":{"line":1,"column":0},"end":{"line":1,"column":44}},"1":{"start":{"line":2,"column":0},"end":{"line":2,"column":51}},"2":{"start":{"line":3,"column":0},"end":{"line":3,"column":86}},"3":{"start":{"line":4,"column":0},"end":{"line":4,"column":47}},"4":{"start":{"line":5,"column":0},"end":{"line":5,"column":66}},"5":{"start":{"line":6,"column":0},"end":{"line":6,"column":53}},"6":{"start":{"line":7,"column":0},"end":{"line":7,"column":51}},"7":{"start":{"line":9,"column":0},"end":{"line":9,"column":90}},"8":{"start":{"line":12,"column":7},"end":{"line":393,"column":null}},"9":{"start":{"line":18,"column":21},"end":{"line":18,"column":37}},"10":{"start":{"line":20,"column":21},"end":{"line":20,"column":40}},"11":{"start":{"line":22,"column":21},"end":{"line":22,"column":40}},"12":{"start":{"line":24,"column":21},"end":{"line":24,"column":39}},"13":{"start":{"line":13,"column":10},"end":{"line":13,"column":75}},"14":{"start":{"line":14,"column":19},"end":{"line":14,"column":40}},"15":{"start":{"line":33,"column":21},"end":{"line":33,"column":34}},"16":{"start":{"line":34,"column":19},"end":{"line":34,"column":54}},"17":{"start":{"line":35,"column":4},"end":{"line":35,"column":39}},"18":{"start":{"line":35,"column":25},"end":{"line":35,"column":39}},"19":{"start":{"line":37,"column":18},"end":{"line":37,"column":51}},"20":{"start":{"line":38,"column":4},"end":{"line":38,"column":35}},"21":{"start":{"line":39,"column":4},"end":{"line":39,"column":17}},"22":{"start":{"line":49,"column":4},"end":{"line":51,"column":5}},"23":{"start":{"line":50,"column":6},"end":{"line":50,"column":47}},"24":{"start":{"line":53,"column":4},"end":{"line":57,"column":7}},"25":{"start":{"line":68,"column":24},"end":{"line":72,"column":6}},"26":{"start":{"line":74,"column":4},"end":{"line":74,"column":36}},"27":{"start":{"line":74,"column":27},"end":{"line":74,"column":36}},"28":{"start":{"line":76,"column":29},"end":{"line":80,"column":6}},"29":{"start":{"line":82,"column":23},"end":{"line":82,"column":61}},"30":{"start":{"line":84,"column":4},"end":{"line":84,"column":46}},"31":{"start":{"line":97,"column":25},"end":{"line":100,"column":45}},"32":{"start":{"line":102,"column":4},"end":{"line":107,"column":5}},"33":{"start":{"line":103,"column":6},"end":{"line":106,"column":9}},"34":{"start":{"line":109,"column":20},"end":{"line":109,"column":49}},"35":{"start":{"line":111,"column":27},"end":{"line":111,"column":47}},"36":{"start":{"line":112,"column":22},"end":{"line":114,"column":17}},"37":{"start":{"line":116,"column":4},"end":{"line":116,"column":34}},"38":{"start":{"line":127,"column":29},"end":{"line":129,"column":6}},"39":{"start":{"line":131,"column":4},"end":{"line":133,"column":5}},"40":{"start":{"line":132,"column":6},"end":{"line":132,"column":59}},"41":{"start":{"line":135,"column":20},"end":{"line":138,"column":6}},"42":{"start":{"line":140,"column":4},"end":{"line":140,"column":32}},"43":{"start":{"line":140,"column":23},"end":{"line":140,"column":32}},"44":{"start":{"line":142,"column":22},"end":{"line":148,"column":6}},"45":{"start":{"line":150,"column":4},"end":{"line":150,"column":63}},"46":{"start":{"line":157,"column":21},"end":{"line":162,"column":16}},"47":{"start":{"line":164,"column":4},"end":{"line":164,"column":43}},"48":{"start":{"line":164,"column":31},"end":{"line":164,"column":43}},"49":{"start":{"line":166,"column":25},"end":{"line":170,"column":9}},"50":{"start":{"line":167,"column":21},"end":{"line":167,"column":80}},"51":{"start":{"line":168,"column":26},"end":{"line":168,"column":52}},"52":{"start":{"line":169,"column":6},"end":{"line":169,"column":31}},"53":{"start":{"line":172,"column":4},"end":{"line":172,"column":54}},"54":{"start":{"line":183,"column":25},"end":{"line":188,"column":45}},"55":{"start":{"line":190,"column":4},"end":{"line":195,"column":5}},"56":{"start":{"line":191,"column":6},"end":{"line":194,"column":9}},"57":{"start":{"line":197,"column":19},"end":{"line":197,"column":49}},"58":{"start":{"line":199,"column":4},"end":{"line":199,"column":52}},"59":{"start":{"line":199,"column":40},"end":{"line":199,"column":52}},"60":{"start":{"line":201,"column":4},"end":{"line":201,"column":58}},"61":{"start":{"line":213,"column":29},"end":{"line":216,"column":6}},"62":{"start":{"line":218,"column":4},"end":{"line":220,"column":5}},"63":{"start":{"line":219,"column":6},"end":{"line":219,"column":59}},"64":{"start":{"line":222,"column":4},"end":{"line":224,"column":7}},"65":{"start":{"line":231,"column":21},"end":{"line":231,"column":36}},"66":{"start":{"line":232,"column":19},"end":{"line":232,"column":54}},"67":{"start":{"line":233,"column":4},"end":{"line":233,"column":39}},"68":{"start":{"line":233,"column":25},"end":{"line":233,"column":39}},"69":{"start":{"line":235,"column":19},"end":{"line":239,"column":18}},"70":{"start":{"line":241,"column":18},"end":{"line":241,"column":60}},"71":{"start":{"line":242,"column":4},"end":{"line":242,"column":35}},"72":{"start":{"line":243,"column":4},"end":{"line":243,"column":17}},"73":{"start":{"line":250,"column":19},"end":{"line":258,"column":18}},"74":{"start":{"line":260,"column":4},"end":{"line":260,"column":54}},"75":{"start":{"line":267,"column":25},"end":{"line":267,"column":53}},"76":{"start":{"line":268,"column":23},"end":{"line":268,"column":49}},"77":{"start":{"line":270,"column":4},"end":{"line":270,"column":35}},"78":{"start":{"line":270,"column":26},"end":{"line":270,"column":35}},"79":{"start":{"line":272,"column":4},"end":{"line":272,"column":63}},"80":{"start":{"line":279,"column":23},"end":{"line":279,"column":49}},"81":{"start":{"line":281,"column":4},"end":{"line":281,"column":35}},"82":{"start":{"line":281,"column":26},"end":{"line":281,"column":35}},"83":{"start":{"line":283,"column":19},"end":{"line":287,"column":18}},"84":{"start":{"line":289,"column":24},"end":{"line":289,"column":66}},"85":{"start":{"line":291,"column":4},"end":{"line":291,"column":68}},"86":{"start":{"line":300,"column":20},"end":{"line":314,"column":19}},"87":{"start":{"line":316,"column":4},"end":{"line":322,"column":8}},"88":{"start":{"line":316,"column":33},"end":{"line":322,"column":6}},"89":{"start":{"line":329,"column":20},"end":{"line":346,"column":19}},"90":{"start":{"line":348,"column":4},"end":{"line":355,"column":8}},"91":{"start":{"line":348,"column":33},"end":{"line":355,"column":6}},"92":{"start":{"line":362,"column":4},"end":{"line":362,"column":42}},"93":{"start":{"line":368,"column":19},"end":{"line":368,"column":38}},"94":{"start":{"line":369,"column":4},"end":{"line":369,"column":29}},"95":{"start":{"line":369,"column":17},"end":{"line":369,"column":29}},"96":{"start":{"line":371,"column":16},"end":{"line":371,"column":26}},"97":{"start":{"line":372,"column":4},"end":{"line":375,"column":5}},"98":{"start":{"line":373,"column":6},"end":{"line":373,"column":29}},"99":{"start":{"line":374,"column":6},"end":{"line":374,"column":18}},"100":{"start":{"line":377,"column":4},"end":{"line":377,"column":28}},"101":{"start":{"line":381,"column":4},"end":{"line":384,"column":7}},"102":{"start":{"line":391,"column":4},"end":{"line":391,"column":23}},"103":{"start":{"line":12,"column":13},"end":{"line":12,"column":29}},"104":{"start":{"line":12,"column":13},"end":{"line":393,"column":null}}},"fnMap":{"0":{"name":"(anonymous_4)","decl":{"start":{"line":16,"column":2},"end":{"line":16,"column":null}},"loc":{"start":{"line":24,"column":57},"end":{"line":25,"column":6}}},"1":{"name":"(anonymous_5)","decl":{"start":{"line":32,"column":2},"end":{"line":32,"column":7}},"loc":{"start":{"line":32,"column":21},"end":{"line":40,"column":3}}},"2":{"name":"(anonymous_6)","decl":{"start":{"line":45,"column":2},"end":{"line":45,"column":7}},"loc":{"start":{"line":47,"column":24},"end":{"line":58,"column":3}}},"3":{"name":"(anonymous_7)","decl":{"start":{"line":64,"column":2},"end":{"line":64,"column":7}},"loc":{"start":{"line":66,"column":17},"end":{"line":85,"column":3}}},"4":{"name":"(anonymous_8)","decl":{"start":{"line":92,"column":2},"end":{"line":92,"column":7}},"loc":{"start":{"line":95,"column":24},"end":{"line":117,"column":3}}},"5":{"name":"(anonymous_9)","decl":{"start":{"line":122,"column":2},"end":{"line":122,"column":7}},"loc":{"start":{"line":125,"column":24},"end":{"line":151,"column":3}}},"6":{"name":"(anonymous_10)","decl":{"start":{"line":156,"column":2},"end":{"line":156,"column":7}},"loc":{"start":{"line":156,"column":45},"end":{"line":173,"column":3}}},"7":{"name":"(anonymous_11)","decl":{"start":{"line":166,"column":41},"end":{"line":166,"column":42}},"loc":{"start":{"line":166,"column":58},"end":{"line":170,"column":5}}},"8":{"name":"(anonymous_12)","decl":{"start":{"line":178,"column":2},"end":{"line":178,"column":7}},"loc":{"start":{"line":181,"column":24},"end":{"line":202,"column":3}}},"9":{"name":"(anonymous_13)","decl":{"start":{"line":209,"column":2},"end":{"line":209,"column":7}},"loc":{"start":{"line":211,"column":24},"end":{"line":225,"column":3}}},"10":{"name":"(anonymous_14)","decl":{"start":{"line":230,"column":2},"end":{"line":230,"column":7}},"loc":{"start":{"line":230,"column":23},"end":{"line":244,"column":3}}},"11":{"name":"(anonymous_15)","decl":{"start":{"line":249,"column":2},"end":{"line":249,"column":7}},"loc":{"start":{"line":249,"column":55},"end":{"line":261,"column":3}}},"12":{"name":"(anonymous_16)","decl":{"start":{"line":266,"column":2},"end":{"line":266,"column":7}},"loc":{"start":{"line":266,"column":32},"end":{"line":273,"column":3}}},"13":{"name":"(anonymous_17)","decl":{"start":{"line":278,"column":2},"end":{"line":278,"column":7}},"loc":{"start":{"line":278,"column":32},"end":{"line":292,"column":3}}},"14":{"name":"(anonymous_18)","decl":{"start":{"line":299,"column":2},"end":{"line":299,"column":7}},"loc":{"start":{"line":299,"column":45},"end":{"line":323,"column":3}}},"15":{"name":"(anonymous_19)","decl":{"start":{"line":316,"column":23},"end":{"line":316,"column":24}},"loc":{"start":{"line":316,"column":33},"end":{"line":322,"column":6}}},"16":{"name":"(anonymous_20)","decl":{"start":{"line":328,"column":2},"end":{"line":328,"column":7}},"loc":{"start":{"line":328,"column":45},"end":{"line":356,"column":3}}},"17":{"name":"(anonymous_21)","decl":{"start":{"line":348,"column":23},"end":{"line":348,"column":24}},"loc":{"start":{"line":348,"column":33},"end":{"line":355,"column":6}}},"18":{"name":"(anonymous_22)","decl":{"start":{"line":361,"column":2},"end":{"line":361,"column":7}},"loc":{"start":{"line":361,"column":54},"end":{"line":363,"column":3}}},"19":{"name":"(anonymous_23)","decl":{"start":{"line":367,"column":10},"end":{"line":367,"column":22}},"loc":{"start":{"line":367,"column":37},"end":{"line":378,"column":3}}},"20":{"name":"(anonymous_24)","decl":{"start":{"line":380,"column":10},"end":{"line":380,"column":18}},"loc":{"start":{"line":380,"column":41},"end":{"line":385,"column":3}}},"21":{"name":"(anonymous_25)","decl":{"start":{"line":390,"column":2},"end":{"line":390,"column":12}},"loc":{"start":{"line":390,"column":12},"end":{"line":392,"column":3}}}},"branchMap":{"0":{"loc":{"start":{"line":35,"column":4},"end":{"line":35,"column":39}},"type":"if","locations":[{"start":{"line":35,"column":4},"end":{"line":35,"column":39}}]},"1":{"loc":{"start":{"line":49,"column":4},"end":{"line":51,"column":5}},"type":"if","locations":[{"start":{"line":49,"column":4},"end":{"line":51,"column":5}}]},"2":{"loc":{"start":{"line":49,"column":8},"end":{"line":49,"column":30}},"type":"binary-expr","locations":[{"start":{"line":49,"column":8},"end":{"line":49,"column":18}},{"start":{"line":49,"column":22},"end":{"line":49,"column":30}}]},"3":{"loc":{"start":{"line":74,"column":4},"end":{"line":74,"column":36}},"type":"if","locations":[{"start":{"line":74,"column":4},"end":{"line":74,"column":36}}]},"4":{"loc":{"start":{"line":102,"column":4},"end":{"line":107,"column":5}},"type":"if","locations":[{"start":{"line":102,"column":4},"end":{"line":107,"column":5}}]},"5":{"loc":{"start":{"line":102,"column":8},"end":{"line":102,"column":28}},"type":"binary-expr","locations":[{"start":{"line":102,"column":8},"end":{"line":102,"column":17}},{"start":{"line":102,"column":21},"end":{"line":102,"column":28}}]},"6":{"loc":{"start":{"line":131,"column":4},"end":{"line":133,"column":5}},"type":"if","locations":[{"start":{"line":131,"column":4},"end":{"line":133,"column":5}}]},"7":{"loc":{"start":{"line":131,"column":8},"end":{"line":131,"column":28}},"type":"binary-expr","locations":[{"start":{"line":131,"column":8},"end":{"line":131,"column":17}},{"start":{"line":131,"column":21},"end":{"line":131,"column":28}}]},"8":{"loc":{"start":{"line":140,"column":4},"end":{"line":140,"column":32}},"type":"if","locations":[{"start":{"line":140,"column":4},"end":{"line":140,"column":32}}]},"9":{"loc":{"start":{"line":164,"column":4},"end":{"line":164,"column":43}},"type":"if","locations":[{"start":{"line":164,"column":4},"end":{"line":164,"column":43}}]},"10":{"loc":{"start":{"line":190,"column":4},"end":{"line":195,"column":5}},"type":"if","locations":[{"start":{"line":190,"column":4},"end":{"line":195,"column":5}}]},"11":{"loc":{"start":{"line":190,"column":8},"end":{"line":190,"column":28}},"type":"binary-expr","locations":[{"start":{"line":190,"column":8},"end":{"line":190,"column":17}},{"start":{"line":190,"column":21},"end":{"line":190,"column":28}}]},"12":{"loc":{"start":{"line":199,"column":4},"end":{"line":199,"column":52}},"type":"if","locations":[{"start":{"line":199,"column":4},"end":{"line":199,"column":52}}]},"13":{"loc":{"start":{"line":199,"column":8},"end":{"line":199,"column":38}},"type":"binary-expr","locations":[{"start":{"line":199,"column":8},"end":{"line":199,"column":15}},{"start":{"line":199,"column":19},"end":{"line":199,"column":38}}]},"14":{"loc":{"start":{"line":218,"column":4},"end":{"line":220,"column":5}},"type":"if","locations":[{"start":{"line":218,"column":4},"end":{"line":220,"column":5}}]},"15":{"loc":{"start":{"line":218,"column":8},"end":{"line":218,"column":28}},"type":"binary-expr","locations":[{"start":{"line":218,"column":8},"end":{"line":218,"column":17}},{"start":{"line":218,"column":21},"end":{"line":218,"column":28}}]},"16":{"loc":{"start":{"line":233,"column":4},"end":{"line":233,"column":39}},"type":"if","locations":[{"start":{"line":233,"column":4},"end":{"line":233,"column":39}}]},"17":{"loc":{"start":{"line":241,"column":18},"end":{"line":241,"column":60}},"type":"cond-expr","locations":[{"start":{"line":241,"column":34},"end":{"line":241,"column":56}},{"start":{"line":241,"column":59},"end":{"line":241,"column":60}}]},"18":{"loc":{"start":{"line":260,"column":11},"end":{"line":260,"column":53}},"type":"cond-expr","locations":[{"start":{"line":260,"column":27},"end":{"line":260,"column":49}},{"start":{"line":260,"column":52},"end":{"line":260,"column":53}}]},"19":{"loc":{"start":{"line":270,"column":4},"end":{"line":270,"column":35}},"type":"if","locations":[{"start":{"line":270,"column":4},"end":{"line":270,"column":35}}]},"20":{"loc":{"start":{"line":281,"column":4},"end":{"line":281,"column":35}},"type":"if","locations":[{"start":{"line":281,"column":4},"end":{"line":281,"column":35}}]},"21":{"loc":{"start":{"line":289,"column":24},"end":{"line":289,"column":66}},"type":"cond-expr","locations":[{"start":{"line":289,"column":40},"end":{"line":289,"column":62}},{"start":{"line":289,"column":65},"end":{"line":289,"column":66}}]},"22":{"loc":{"start":{"line":299,"column":27},"end":{"line":299,"column":45}},"type":"default-arg","locations":[{"start":{"line":299,"column":43},"end":{"line":299,"column":45}}]},"23":{"loc":{"start":{"line":328,"column":27},"end":{"line":328,"column":45}},"type":"default-arg","locations":[{"start":{"line":328,"column":43},"end":{"line":328,"column":45}}]},"24":{"loc":{"start":{"line":361,"column":36},"end":{"line":361,"column":54}},"type":"default-arg","locations":[{"start":{"line":361,"column":52},"end":{"line":361,"column":54}}]},"25":{"loc":{"start":{"line":369,"column":4},"end":{"line":369,"column":29}},"type":"if","locations":[{"start":{"line":369,"column":4},"end":{"line":369,"column":29}}]},"26":{"loc":{"start":{"line":372,"column":4},"end":{"line":375,"column":5}},"type":"if","locations":[{"start":{"line":372,"column":4},"end":{"line":375,"column":5}}]}},"s":{"0":0,"1":0,"2":0,"3":0,"4":0,"5":0,"6":0,"7":0,"8":0,"9":0,"10":0,"11":0,"12":0,"13":0,"14":0,"15":0,"16":0,"17":0,"18":0,"19":0,"20":0,"21":0,"22":0,"23":0,"24":0,"25":0,"26":0,"27":0,"28":0,"29":0,"30":0,"31":0,"32":0,"33":0,"34":0,"35":0,"36":0,"37":0,"38":0,"39":0,"40":0,"41":0,"42":0,"43":0,"44":0,"45":0,"46":0,"47":0,"48":0,"49":0,"50":0,"51":0,"52":0,"53":0,"54":0,"55":0,"56":0,"57":0,"58":0,"59":0,"60":0,"61":0,"62":0,"63":0,"64":0,"65":0,"66":0,"67":0,"68":0,"69":0,"70":0,"71":0,"72":0,"73":0,"74":0,"75":0,"76":0,"77":0,"78":0,"79":0,"80":0,"81":0,"82":0,"83":0,"84":0,"85":0,"86":0,"87":0,"88":0,"89":0,"90":0,"91":0,"92":0,"93":0,"94":0,"95":0,"96":0,"97":0,"98":0,"99":0,"100":0,"101":0,"102":0,"103":0,"104":0},"f":{"0":0,"1":0,"2":0,"3":0,"4":0,"5":0,"6":0,"7":0,"8":0,"9":0,"10":0,"11":0,"12":0,"13":0,"14":0,"15":0,"16":0,"17":0,"18":0,"19":0,"20":0,"21":0},"b":{"0":[0],"1":[0],"2":[0,0],"3":[0],"4":[0],"5":[0,0],"6":[0],"7":[0,0],"8":[0],"9":[0],"10":[0],"11":[0,0],"12":[0],"13":[0,0],"14":[0],"15":[0,0],"16":[0],"17":[0,0],"18":[0,0],"19":[0],"20":[0],"21":[0,0],"22":[0],"23":[0],"24":[0],"25":[0],"26":[0]}}
,"/Users/maksimtereshin/Projects/Personal/biz-assess-platform/backend/src/auth/auth.controller.ts": {"path":"/Users/maksimtereshin/Projects/Personal/biz-assess-platform/backend/src/auth/auth.controller.ts","statementMap":{"0":{"start":{"line":1,"column":0},"end":{"line":1,"column":null}},"1":{"start":{"line":10,"column":0},"end":{"line":10,"column":45}},"2":{"start":{"line":11,"column":0},"end":{"line":11,"column":57}},"3":{"start":{"line":12,"column":0},"end":{"line":12,"column":43}},"4":{"start":{"line":13,"column":0},"end":{"line":13,"column":60}},"5":{"start":{"line":14,"column":0},"end":{"line":14,"column":58}},"6":{"start":{"line":15,"column":0},"end":{"line":15,"column":79}},"7":{"start":{"line":23,"column":7},"end":{"line":73,"column":null}},"8":{"start":{"line":24,"column":31},"end":{"line":24,"column":44}},"9":{"start":{"line":30,"column":4},"end":{"line":30,"column":79}},"10":{"start":{"line":38,"column":6},"end":{"line":40,"column":null}},"11":{"start":{"line":43,"column":4},"end":{"line":46,"column":6}},"12":{"start":{"line":51,"column":19},"end":{"line":51,"column":62}},"13":{"start":{"line":52,"column":4},"end":{"line":54,"column":5}},"14":{"start":{"line":53,"column":6},"end":{"line":53,"column":66}},"15":{"start":{"line":55,"column":4},"end":{"line":55,"column":18}},"16":{"start":{"line":60,"column":19},"end":{"line":60,"column":69}},"17":{"start":{"line":61,"column":4},"end":{"line":63,"column":5}},"18":{"start":{"line":62,"column":6},"end":{"line":62,"column":66}},"19":{"start":{"line":64,"column":4},"end":{"line":64,"column":18}},"20":{"start":{"line":71,"column":4},"end":{"line":71,"column":67}},"21":{"start":{"line":23,"column":13},"end":{"line":23,"column":27}},"22":{"start":{"line":27,"column":8},"end":{"line":31,"column":null}},"23":{"start":{"line":34,"column":8},"end":{"line":47,"column":null}},"24":{"start":{"line":50,"column":8},"end":{"line":56,"column":null}},"25":{"start":{"line":59,"column":8},"end":{"line":65,"column":null}},"26":{"start":{"line":69,"column":8},"end":{"line":72,"column":null}},"27":{"start":{"line":23,"column":13},"end":{"line":73,"column":null}}},"fnMap":{"0":{"name":"(anonymous_4)","decl":{"start":{"line":24,"column":2},"end":{"line":24,"column":31}},"loc":{"start":{"line":24,"column":55},"end":{"line":24,"column":59}}},"1":{"name":"(anonymous_5)","decl":{"start":{"line":27,"column":2},"end":{"line":27,"column":7}},"loc":{"start":{"line":28,"column":44},"end":{"line":31,"column":3}}},"2":{"name":"(anonymous_6)","decl":{"start":{"line":34,"column":2},"end":{"line":34,"column":7}},"loc":{"start":{"line":35,"column":44},"end":{"line":47,"column":3}}},"3":{"name":"(anonymous_7)","decl":{"start":{"line":50,"column":2},"end":{"line":50,"column":7}},"loc":{"start":{"line":50,"column":52},"end":{"line":56,"column":3}}},"4":{"name":"(anonymous_8)","decl":{"start":{"line":59,"column":2},"end":{"line":59,"column":7}},"loc":{"start":{"line":59,"column":54},"end":{"line":65,"column":3}}},"5":{"name":"(anonymous_9)","decl":{"start":{"line":69,"column":2},"end":{"line":69,"column":7}},"loc":{"start":{"line":69,"column":48},"end":{"line":72,"column":3}}}},"branchMap":{"0":{"loc":{"start":{"line":52,"column":4},"end":{"line":54,"column":5}},"type":"if","locations":[{"start":{"line":52,"column":4},"end":{"line":54,"column":5}}]},"1":{"loc":{"start":{"line":61,"column":4},"end":{"line":63,"column":5}},"type":"if","locations":[{"start":{"line":61,"column":4},"end":{"line":63,"column":5}}]}},"s":{"0":0,"1":0,"2":0,"3":0,"4":0,"5":0,"6":0,"7":0,"8":0,"9":0,"10":0,"11":0,"12":0,"13":0,"14":0,"15":0,"16":0,"17":0,"18":0,"19":0,"20":0,"21":0,"22":0,"23":0,"24":0,"25":0,"26":0,"27":0},"f":{"0":0,"1":0,"2":0,"3":0,"4":0,"5":0},"b":{"0":[0],"1":[0]}}
,"/Users/maksimtereshin/Projects/Personal/biz-assess-platform/backend/src/auth/auth.module.ts": {"path":"/Users/maksimtereshin/Projects/Personal/biz-assess-platform/backend/src/auth/auth.module.ts","statementMap":{"0":{"start":{"line":1,"column":0},"end":{"line":1,"column":52}},"1":{"start":{"line":2,"column":0},"end":{"line":2,"column":40}},"2":{"start":{"line":3,"column":0},"end":{"line":3,"column":45}},"3":{"start":{"line":4,"column":0},"end":{"line":4,"column":51}},"4":{"start":{"line":5,"column":0},"end":{"line":5,"column":55}},"5":{"start":{"line":19,"column":7},"end":{"line":19,"column":null}},"6":{"start":{"line":19,"column":13},"end":{"line":19,"column":23}},"7":{"start":{"line":19,"column":13},"end":{"line":19,"column":null}},"8":{"start":{"line":13,"column":21},"end":{"line":13,"column":33}}},"fnMap":{"0":{"name":"(anonymous_1)","decl":{"start":{"line":13,"column":15},"end":{"line":13,"column":18}},"loc":{"start":{"line":13,"column":21},"end":{"line":13,"column":33}}}},"branchMap":{"0":{"loc":{"start":{"line":10,"column":14},"end":{"line":10,"column":57}},"type":"binary-expr","locations":[{"start":{"line":10,"column":14},"end":{"line":10,"column":36}},{"start":{"line":10,"column":40},"end":{"line":10,"column":57}}]}},"s":{"0":0,"1":0,"2":0,"3":0,"4":0,"5":0,"6":0,"7":0,"8":0},"f":{"0":0},"b":{"0":[0,0]}}
,"/Users/maksimtereshin/Projects/Personal/biz-assess-platform/backend/src/auth/auth.service.ts": {"path":"/Users/maksimtereshin/Projects/Personal/biz-assess-platform/backend/src/auth/auth.service.ts","statementMap":{"0":{"start":{"line":1,"column":0},"end":{"line":1,"column":67}},"1":{"start":{"line":2,"column":0},"end":{"line":2,"column":41}},"2":{"start":{"line":4,"column":0},"end":{"line":4,"column":57}},"3":{"start":{"line":6,"column":0},"end":{"line":6,"column":33}},"4":{"start":{"line":9,"column":7},"end":{"line":244,"column":null}},"5":{"start":{"line":11,"column":12},"end":{"line":11,"column":24}},"6":{"start":{"line":12,"column":12},"end":{"line":12,"column":27}},"7":{"start":{"line":20,"column":4},"end":{"line":20,"column":58}},"8":{"start":{"line":21,"column":4},"end":{"line":21,"column":71}},"9":{"start":{"line":22,"column":4},"end":{"line":22,"column":83}},"10":{"start":{"line":25,"column":4},"end":{"line":28,"column":5}},"11":{"start":{"line":26,"column":6},"end":{"line":26,"column":60}},"12":{"start":{"line":27,"column":6},"end":{"line":27,"column":65}},"13":{"start":{"line":30,"column":4},"end":{"line":140,"column":5}},"14":{"start":{"line":32,"column":24},"end":{"line":32,"column":53}},"15":{"start":{"line":33,"column":6},"end":{"line":33,"column":65}},"16":{"start":{"line":36,"column":21},"end":{"line":36,"column":23}},"17":{"start":{"line":37,"column":6},"end":{"line":40,"column":7}},"18":{"start":{"line":38,"column":8},"end":{"line":38,"column":28}},"19":{"start":{"line":39,"column":8},"end":{"line":39,"column":47}},"20":{"start":{"line":42,"column":19},"end":{"line":42,"column":40}},"21":{"start":{"line":43,"column":6},"end":{"line":43,"column":50}},"22":{"start":{"line":44,"column":6},"end":{"line":44,"column":31}},"23":{"start":{"line":47,"column":6},"end":{"line":50,"column":7}},"24":{"start":{"line":48,"column":8},"end":{"line":48,"column":56}},"25":{"start":{"line":49,"column":8},"end":{"line":49,"column":72}},"26":{"start":{"line":53,"column":23},"end":{"line":53,"column":53}},"27":{"start":{"line":54,"column":6},"end":{"line":54,"column":58}},"28":{"start":{"line":55,"column":6},"end":{"line":55,"column":65}},"29":{"start":{"line":57,"column":6},"end":{"line":60,"column":7}},"30":{"start":{"line":58,"column":8},"end":{"line":58,"column":52}},"31":{"start":{"line":59,"column":8},"end":{"line":59,"column":68}},"32":{"start":{"line":63,"column":30},"end":{"line":66,"column":19}},"33":{"start":{"line":64,"column":28},"end":{"line":64,"column":46}},"34":{"start":{"line":65,"column":31},"end":{"line":65,"column":48}},"35":{"start":{"line":68,"column":6},"end":{"line":68,"column":60}},"36":{"start":{"line":71,"column":24},"end":{"line":71,"column":91}},"37":{"start":{"line":72,"column":6},"end":{"line":72,"column":73}},"38":{"start":{"line":75,"column":27},"end":{"line":75,"column":103}},"39":{"start":{"line":76,"column":6},"end":{"line":76,"column":53}},"40":{"start":{"line":77,"column":6},"end":{"line":77,"column":45}},"41":{"start":{"line":80,"column":6},"end":{"line":85,"column":7}},"42":{"start":{"line":81,"column":8},"end":{"line":81,"column":53}},"43":{"start":{"line":82,"column":8},"end":{"line":82,"column":51}},"44":{"start":{"line":83,"column":8},"end":{"line":83,"column":43}},"45":{"start":{"line":84,"column":8},"end":{"line":84,"column":79}},"46":{"start":{"line":87,"column":6},"end":{"line":87,"column":53}},"47":{"start":{"line":90,"column":24},"end":{"line":90,"column":45}},"48":{"start":{"line":91,"column":6},"end":{"line":91,"column":61}},"49":{"start":{"line":93,"column":6},"end":{"line":96,"column":7}},"50":{"start":{"line":94,"column":8},"end":{"line":94,"column":52}},"51":{"start":{"line":95,"column":8},"end":{"line":95,"column":68}},"52":{"start":{"line":98,"column":23},"end":{"line":98,"column":44}},"53":{"start":{"line":99,"column":6},"end":{"line":99,"column":52}},"54":{"start":{"line":101,"column":25},"end":{"line":101,"column":36}},"55":{"start":{"line":102,"column":6},"end":{"line":102,"column":49}},"56":{"start":{"line":104,"column":6},"end":{"line":107,"column":7}},"57":{"start":{"line":105,"column":8},"end":{"line":105,"column":55}},"58":{"start":{"line":106,"column":8},"end":{"line":106,"column":71}},"59":{"start":{"line":110,"column":6},"end":{"line":110,"column":49}},"60":{"start":{"line":111,"column":24},"end":{"line":111,"column":58}},"61":{"start":{"line":112,"column":6},"end":{"line":112,"column":58}},"62":{"start":{"line":115,"column":19},"end":{"line":127,"column":8}},"63":{"start":{"line":129,"column":6},"end":{"line":129,"column":71}},"64":{"start":{"line":130,"column":6},"end":{"line":130,"column":53}},"65":{"start":{"line":132,"column":6},"end":{"line":135,"column":8}},"66":{"start":{"line":138,"column":6},"end":{"line":138,"column":63}},"67":{"start":{"line":139,"column":6},"end":{"line":139,"column":78}},"68":{"start":{"line":149,"column":20},"end":{"line":149,"column":34}},"69":{"start":{"line":152,"column":26},"end":{"line":152,"column":64}},"70":{"start":{"line":153,"column":27},"end":{"line":153,"column":78}},"71":{"start":{"line":155,"column":18},"end":{"line":157,"column":6}},"72":{"start":{"line":158,"column":22},"end":{"line":158,"column":73}},"73":{"start":{"line":160,"column":4},"end":{"line":164,"column":6}},"74":{"start":{"line":171,"column":4},"end":{"line":176,"column":5}},"75":{"start":{"line":172,"column":22},"end":{"line":172,"column":51}},"76":{"start":{"line":173,"column":6},"end":{"line":173,"column":48}},"77":{"start":{"line":175,"column":6},"end":{"line":175,"column":18}},"78":{"start":{"line":186,"column":21},"end":{"line":186,"column":46}},"79":{"start":{"line":187,"column":4},"end":{"line":189,"column":5}},"80":{"start":{"line":188,"column":6},"end":{"line":188,"column":66}},"81":{"start":{"line":191,"column":27},"end":{"line":191,"column":35}},"82":{"start":{"line":194,"column":24},"end":{"line":194,"column":78}},"83":{"start":{"line":197,"column":4},"end":{"line":210,"column":5}},"84":{"start":{"line":199,"column":6},"end":{"line":202,"column":8}},"85":{"start":{"line":206,"column":6},"end":{"line":209,"column":8}},"86":{"start":{"line":213,"column":25},"end":{"line":219,"column":null}},"87":{"start":{"line":222,"column":4},"end":{"line":222,"column":37}},"88":{"start":{"line":231,"column":4},"end":{"line":242,"column":5}},"89":{"start":{"line":232,"column":22},"end":{"line":232,"column":51}},"90":{"start":{"line":233,"column":6},"end":{"line":235,"column":7}},"91":{"start":{"line":234,"column":8},"end":{"line":234,"column":20}},"92":{"start":{"line":236,"column":6},"end":{"line":239,"column":8}},"93":{"start":{"line":241,"column":6},"end":{"line":241,"column":18}},"94":{"start":{"line":9,"column":13},"end":{"line":9,"column":24}},"95":{"start":{"line":9,"column":13},"end":{"line":244,"column":null}}},"fnMap":{"0":{"name":"(anonymous_2)","decl":{"start":{"line":10,"column":2},"end":{"line":10,"column":null}},"loc":{"start":{"line":12,"column":40},"end":{"line":13,"column":6}}},"1":{"name":"(anonymous_3)","decl":{"start":{"line":19,"column":2},"end":{"line":19,"column":7}},"loc":{"start":{"line":19,"column":49},"end":{"line":141,"column":3}}},"2":{"name":"(anonymous_4)","decl":{"start":{"line":64,"column":14},"end":{"line":64,"column":15}},"loc":{"start":{"line":64,"column":28},"end":{"line":64,"column":46}}},"3":{"name":"(anonymous_5)","decl":{"start":{"line":65,"column":13},"end":{"line":65,"column":14}},"loc":{"start":{"line":65,"column":31},"end":{"line":65,"column":48}}},"4":{"name":"(anonymous_6)","decl":{"start":{"line":148,"column":2},"end":{"line":148,"column":19}},"loc":{"start":{"line":148,"column":38},"end":{"line":165,"column":3}}},"5":{"name":"(anonymous_7)","decl":{"start":{"line":170,"column":2},"end":{"line":170,"column":15}},"loc":{"start":{"line":170,"column":29},"end":{"line":177,"column":3}}},"6":{"name":"(anonymous_8)","decl":{"start":{"line":182,"column":2},"end":{"line":182,"column":7}},"loc":{"start":{"line":184,"column":26},"end":{"line":223,"column":3}}},"7":{"name":"(anonymous_9)","decl":{"start":{"line":228,"column":2},"end":{"line":228,"column":22}},"loc":{"start":{"line":229,"column":17},"end":{"line":243,"column":3}}}},"branchMap":{"0":{"loc":{"start":{"line":21,"column":48},"end":{"line":21,"column":69}},"type":"binary-expr","locations":[{"start":{"line":21,"column":48},"end":{"line":21,"column":64}},{"start":{"line":21,"column":68},"end":{"line":21,"column":69}}]},"1":{"loc":{"start":{"line":25,"column":4},"end":{"line":28,"column":5}},"type":"if","locations":[{"start":{"line":25,"column":4},"end":{"line":28,"column":5}}]},"2":{"loc":{"start":{"line":25,"column":8},"end":{"line":25,"column":43}},"type":"binary-expr","locations":[{"start":{"line":25,"column":8},"end":{"line":25,"column":17}},{"start":{"line":25,"column":21},"end":{"line":25,"column":43}}]},"3":{"loc":{"start":{"line":47,"column":6},"end":{"line":50,"column":7}},"type":"if","locations":[{"start":{"line":47,"column":6},"end":{"line":50,"column":7}}]},"4":{"loc":{"start":{"line":55,"column":42},"end":{"line":55,"column":63}},"type":"binary-expr","locations":[{"start":{"line":55,"column":42},"end":{"line":55,"column":58}},{"start":{"line":55,"column":62},"end":{"line":55,"column":63}}]},"5":{"loc":{"start":{"line":57,"column":6},"end":{"line":60,"column":7}},"type":"if","locations":[{"start":{"line":57,"column":6},"end":{"line":60,"column":7}}]},"6":{"loc":{"start":{"line":80,"column":6},"end":{"line":85,"column":7}},"type":"if","locations":[{"start":{"line":80,"column":6},"end":{"line":85,"column":7}}]},"7":{"loc":{"start":{"line":93,"column":6},"end":{"line":96,"column":7}},"type":"if","locations":[{"start":{"line":93,"column":6},"end":{"line":96,"column":7}}]},"8":{"loc":{"start":{"line":104,"column":6},"end":{"line":107,"column":7}},"type":"if","locations":[{"start":{"line":104,"column":6},"end":{"line":107,"column":7}}]},"9":{"loc":{"start":{"line":153,"column":27},"end":{"line":153,"column":78}},"type":"cond-expr","locations":[{"start":{"line":153,"column":43},"end":{"line":153,"column":62}},{"start":{"line":153,"column":65},"end":{"line":153,"column":78}}]},"10":{"loc":{"start":{"line":156,"column":17},"end":{"line":156,"column":45}},"type":"cond-expr","locations":[{"start":{"line":156,"column":33},"end":{"line":156,"column":38}},{"start":{"line":156,"column":41},"end":{"line":156,"column":45}}]},"11":{"loc":{"start":{"line":187,"column":4},"end":{"line":189,"column":5}},"type":"if","locations":[{"start":{"line":187,"column":4},"end":{"line":189,"column":5}}]},"12":{"loc":{"start":{"line":197,"column":4},"end":{"line":210,"column":5}},"type":"if","locations":[{"start":{"line":197,"column":4},"end":{"line":210,"column":5}},{"start":{"line":203,"column":11},"end":{"line":210,"column":5}}]},"13":{"loc":{"start":{"line":233,"column":6},"end":{"line":235,"column":7}},"type":"if","locations":[{"start":{"line":233,"column":6},"end":{"line":235,"column":7}}]}},"s":{"0":0,"1":0,"2":0,"3":0,"4":0,"5":0,"6":0,"7":0,"8":0,"9":0,"10":0,"11":0,"12":0,"13":0,"14":0,"15":0,"16":0,"17":0,"18":0,"19":0,"20":0,"21":0,"22":0,"23":0,"24":0,"25":0,"26":0,"27":0,"28":0,"29":0,"30":0,"31":0,"32":0,"33":0,"34":0,"35":0,"36":0,"37":0,"38":0,"39":0,"40":0,"41":0,"42":0,"43":0,"44":0,"45":0,"46":0,"47":0,"48":0,"49":0,"50":0,"51":0,"52":0,"53":0,"54":0,"55":0,"56":0,"57":0,"58":0,"59":0,"60":0,"61":0,"62":0,"63":0,"64":0,"65":0,"66":0,"67":0,"68":0,"69":0,"70":0,"71":0,"72":0,"73":0,"74":0,"75":0,"76":0,"77":0,"78":0,"79":0,"80":0,"81":0,"82":0,"83":0,"84":0,"85":0,"86":0,"87":0,"88":0,"89":0,"90":0,"91":0,"92":0,"93":0,"94":0,"95":0},"f":{"0":0,"1":0,"2":0,"3":0,"4":0,"5":0,"6":0,"7":0},"b":{"0":[0,0],"1":[0],"2":[0,0],"3":[0],"4":[0,0],"5":[0],"6":[0],"7":[0],"8":[0],"9":[0,0],"10":[0,0],"11":[0],"12":[0,0],"13":[0]}}
,"/Users/maksimtereshin/Projects/Personal/biz-assess-platform/backend/src/auth/jwt-auth.guard.ts": {"path":"/Users/maksimtereshin/Projects/Personal/biz-assess-platform/backend/src/auth/jwt-auth.guard.ts","statementMap":{"0":{"start":{"line":1,"column":0},"end":{"line":1,"column":null}},"1":{"start":{"line":7,"column":0},"end":{"line":7,"column":45}},"2":{"start":{"line":10,"column":7},"end":{"line":35,"column":null}},"3":{"start":{"line":11,"column":22},"end":{"line":11,"column":35}},"4":{"start":{"line":14,"column":20},"end":{"line":14,"column":55}},"5":{"start":{"line":15,"column":18},"end":{"line":15,"column":54}},"6":{"start":{"line":17,"column":4},"end":{"line":19,"column":5}},"7":{"start":{"line":18,"column":6},"end":{"line":18,"column":59}},"8":{"start":{"line":21,"column":24},"end":{"line":21,"column":68}},"9":{"start":{"line":22,"column":4},"end":{"line":24,"column":5}},"10":{"start":{"line":23,"column":6},"end":{"line":23,"column":66}},"11":{"start":{"line":27,"column":4},"end":{"line":27,"column":31}},"12":{"start":{"line":28,"column":4},"end":{"line":28,"column":16}},"13":{"start":{"line":32,"column":26},"end":{"line":32,"column":73}},"14":{"start":{"line":33,"column":4},"end":{"line":33,"column":49}},"15":{"start":{"line":10,"column":13},"end":{"line":10,"column":25}},"16":{"start":{"line":10,"column":13},"end":{"line":35,"column":null}}},"fnMap":{"0":{"name":"(anonymous_2)","decl":{"start":{"line":11,"column":2},"end":{"line":11,"column":22}},"loc":{"start":{"line":11,"column":46},"end":{"line":11,"column":50}}},"1":{"name":"(anonymous_3)","decl":{"start":{"line":13,"column":2},"end":{"line":13,"column":13}},"loc":{"start":{"line":13,"column":39},"end":{"line":29,"column":3}}},"2":{"name":"(anonymous_4)","decl":{"start":{"line":31,"column":10},"end":{"line":31,"column":32}},"loc":{"start":{"line":31,"column":45},"end":{"line":34,"column":3}}}},"branchMap":{"0":{"loc":{"start":{"line":17,"column":4},"end":{"line":19,"column":5}},"type":"if","locations":[{"start":{"line":17,"column":4},"end":{"line":19,"column":5}}]},"1":{"loc":{"start":{"line":22,"column":4},"end":{"line":24,"column":5}},"type":"if","locations":[{"start":{"line":22,"column":4},"end":{"line":24,"column":5}}]},"2":{"loc":{"start":{"line":32,"column":26},"end":{"line":32,"column":73}},"type":"binary-expr","locations":[{"start":{"line":32,"column":26},"end":{"line":32,"column":67}},{"start":{"line":32,"column":71},"end":{"line":32,"column":73}}]},"3":{"loc":{"start":{"line":33,"column":11},"end":{"line":33,"column":48}},"type":"cond-expr","locations":[{"start":{"line":33,"column":31},"end":{"line":33,"column":36}},{"start":{"line":33,"column":39},"end":{"line":33,"column":48}}]}},"s":{"0":0,"1":0,"2":0,"3":0,"4":0,"5":0,"6":0,"7":0,"8":0,"9":0,"10":0,"11":0,"12":0,"13":0,"14":0,"15":0,"16":0},"f":{"0":0,"1":0,"2":0},"b":{"0":[0],"1":[0],"2":[0,0],"3":[0,0]}}
,"/Users/maksimtereshin/Projects/Personal/biz-assess-platform/backend/src/auth/dto/authenticate.dto.ts": {"path":"/Users/maksimtereshin/Projects/Personal/biz-assess-platform/backend/src/auth/dto/authenticate.dto.ts","statementMap":{"0":{"start":{"line":1,"column":0},"end":{"line":1,"column":null}},"1":{"start":{"line":8,"column":0},"end":{"line":8,"column":43}},"2":{"start":{"line":10,"column":0},"end":{"line":10,"column":13}},"3":{"start":{"line":15,"column":2},"end":{"line":15,"column":null}},"4":{"start":{"line":19,"column":2},"end":{"line":19,"column":null}}},"fnMap":{},"branchMap":{},"s":{"0":0,"1":0,"2":0,"3":0,"4":0},"f":{},"b":{}}
,"/Users/maksimtereshin/Projects/Personal/biz-assess-platform/backend/src/auth/dto/login.dto.ts": {"path":"/Users/maksimtereshin/Projects/Personal/biz-assess-platform/backend/src/auth/dto/login.dto.ts","statementMap":{"0":{"start":{"line":1,"column":0},"end":{"line":1,"column":67}},"1":{"start":{"line":3,"column":0},"end":{"line":3,"column":13}},"2":{"start":{"line":7,"column":2},"end":{"line":7,"column":null}}},"fnMap":{},"branchMap":{},"s":{"0":0,"1":0,"2":0},"f":{},"b":{}}
,"/Users/maksimtereshin/Projects/Personal/biz-assess-platform/backend/src/auth/dto/telegram-auth.dto.ts": {"path":"/Users/maksimtereshin/Projects/Personal/biz-assess-platform/backend/src/auth/dto/telegram-auth.dto.ts","statementMap":{"0":{"start":{"line":1,"column":0},"end":{"line":1,"column":55}},"1":{"start":{"line":3,"column":0},"end":{"line":3,"column":13}},"2":{"start":{"line":6,"column":2},"end":{"line":6,"column":null}}},"fnMap":{},"branchMap":{},"s":{"0":0,"1":0,"2":0},"f":{},"b":{}}
,"/Users/maksimtereshin/Projects/Personal/biz-assess-platform/backend/src/auth/dto/validate-token.dto.ts": {"path":"/Users/maksimtereshin/Projects/Personal/biz-assess-platform/backend/src/auth/dto/validate-token.dto.ts","statementMap":{"0":{"start":{"line":1,"column":0},"end":{"line":1,"column":77}},"1":{"start":{"line":3,"column":0},"end":{"line":3,"column":13}},"2":{"start":{"line":8,"column":2},"end":{"line":8,"column":null}}},"fnMap":{},"branchMap":{},"s":{"0":0,"1":0,"2":0},"f":{},"b":{}}
,"/Users/maksimtereshin/Projects/Personal/biz-assess-platform/backend/src/common/common.module.ts": {"path":"/Users/maksimtereshin/Projects/Personal/biz-assess-platform/backend/src/common/common.module.ts","statementMap":{"0":{"start":{"line":1,"column":0},"end":{"line":1,"column":48}},"1":{"start":{"line":2,"column":0},"end":{"line":2,"column":67}},"2":{"start":{"line":14,"column":7},"end":{"line":14,"column":null}},"3":{"start":{"line":14,"column":13},"end":{"line":14,"column":25}},"4":{"start":{"line":14,"column":13},"end":{"line":14,"column":null}}},"fnMap":{},"branchMap":{},"s":{"0":0,"1":0,"2":0,"3":0,"4":0},"f":{},"b":{}}
,"/Users/maksimtereshin/Projects/Personal/biz-assess-platform/backend/src/common/guards/development-only.guard.ts": {"path":"/Users/maksimtereshin/Projects/Personal/biz-assess-platform/backend/src/common/guards/development-only.guard.ts","statementMap":{"0":{"start":{"line":1,"column":0},"end":{"line":1,"column":null}},"1":{"start":{"line":7,"column":0},"end":{"line":7,"column":47}},"2":{"start":{"line":10,"column":7},"end":{"line":24,"column":null}},"3":{"start":{"line":11,"column":22},"end":{"line":11,"column":37}},"4":{"start":{"line":14,"column":20},"end":{"line":14,"column":62}},"5":{"start":{"line":16,"column":4},"end":{"line":20,"column":5}},"6":{"start":{"line":17,"column":6},"end":{"line":19,"column":8}},"7":{"start":{"line":22,"column":4},"end":{"line":22,"column":16}},"8":{"start":{"line":10,"column":13},"end":{"line":10,"column":33}},"9":{"start":{"line":10,"column":13},"end":{"line":24,"column":null}}},"fnMap":{"0":{"name":"(anonymous_2)","decl":{"start":{"line":11,"column":2},"end":{"line":11,"column":22}},"loc":{"start":{"line":11,"column":50},"end":{"line":11,"column":54}}},"1":{"name":"(anonymous_3)","decl":{"start":{"line":13,"column":2},"end":{"line":13,"column":13}},"loc":{"start":{"line":13,"column":39},"end":{"line":23,"column":3}}}},"branchMap":{"0":{"loc":{"start":{"line":16,"column":4},"end":{"line":20,"column":5}},"type":"if","locations":[{"start":{"line":16,"column":4},"end":{"line":20,"column":5}}]}},"s":{"0":0,"1":0,"2":0,"3":0,"4":0,"5":0,"6":0,"7":0,"8":0,"9":0},"f":{"0":0,"1":0},"b":{"0":[0]}}
,"/Users/maksimtereshin/Projects/Personal/biz-assess-platform/backend/src/common/services/migration-runner.service.ts": {"path":"/Users/maksimtereshin/Projects/Personal/biz-assess-platform/backend/src/common/services/migration-runner.service.ts","statementMap":{"0":{"start":{"line":1,"column":0},"end":{"line":1,"column":66}},"1":{"start":{"line":2,"column":0},"end":{"line":2,"column":51}},"2":{"start":{"line":3,"column":0},"end":{"line":3,"column":37}},"3":{"start":{"line":4,"column":0},"end":{"line":4,"column":25}},"4":{"start":{"line":5,"column":0},"end":{"line":5,"column":29}},"5":{"start":{"line":12,"column":35},"end":{"line":107,"column":null}},"6":{"start":{"line":15,"column":42},"end":{"line":15,"column":54}},"7":{"start":{"line":13,"column":19},"end":{"line":13,"column":68}},"8":{"start":{"line":19,"column":4},"end":{"line":21,"column":5}},"9":{"start":{"line":20,"column":6},"end":{"line":20,"column":33}},"10":{"start":{"line":25,"column":4},"end":{"line":79,"column":5}},"11":{"start":{"line":26,"column":6},"end":{"line":26,"column":52}},"12":{"start":{"line":29,"column":6},"end":{"line":29,"column":41}},"13":{"start":{"line":31,"column":28},"end":{"line":31,"column":71}},"14":{"start":{"line":34,"column":6},"end":{"line":37,"column":7}},"15":{"start":{"line":35,"column":8},"end":{"line":35,"column":77}},"16":{"start":{"line":36,"column":8},"end":{"line":36,"column":15}},"17":{"start":{"line":40,"column":20},"end":{"line":42,"column":15}},"18":{"start":{"line":41,"column":24},"end":{"line":41,"column":45}},"19":{"start":{"line":44,"column":6},"end":{"line":47,"column":7}},"20":{"start":{"line":45,"column":8},"end":{"line":45,"column":51}},"21":{"start":{"line":46,"column":8},"end":{"line":46,"column":15}},"22":{"start":{"line":50,"column":6},"end":{"line":72,"column":7}},"23":{"start":{"line":52,"column":26},"end":{"line":52,"column":61}},"24":{"start":{"line":54,"column":8},"end":{"line":57,"column":9}},"25":{"start":{"line":55,"column":10},"end":{"line":55,"column":75}},"26":{"start":{"line":56,"column":10},"end":{"line":56,"column":19}},"27":{"start":{"line":59,"column":25},"end":{"line":59,"column":55}},"28":{"start":{"line":60,"column":20},"end":{"line":60,"column":53}},"29":{"start":{"line":62,"column":8},"end":{"line":62,"column":54}},"30":{"start":{"line":64,"column":8},"end":{"line":71,"column":9}},"31":{"start":{"line":65,"column":10},"end":{"line":65,"column":43}},"32":{"start":{"line":66,"column":10},"end":{"line":66,"column":50}},"33":{"start":{"line":67,"column":10},"end":{"line":67,"column":72}},"34":{"start":{"line":69,"column":10},"end":{"line":69,"column":74}},"35":{"start":{"line":70,"column":10},"end":{"line":70,"column":22}},"36":{"start":{"line":74,"column":6},"end":{"line":74,"column":63}},"37":{"start":{"line":76,"column":6},"end":{"line":76,"column":60}},"38":{"start":{"line":83,"column":16},"end":{"line":89,"column":6}},"39":{"start":{"line":90,"column":4},"end":{"line":90,"column":37}},"40":{"start":{"line":94,"column":19},"end":{"line":96,"column":null}},"41":{"start":{"line":98,"column":4},"end":{"line":98,"column":41}},"42":{"start":{"line":102,"column":4},"end":{"line":105,"column":6}},"43":{"start":{"line":12,"column":13},"end":{"line":12,"column":35}},"44":{"start":{"line":12,"column":13},"end":{"line":107,"column":null}}},"fnMap":{"0":{"name":"(anonymous_4)","decl":{"start":{"line":15,"column":2},"end":{"line":15,"column":15}},"loc":{"start":{"line":15,"column":64},"end":{"line":15,"column":68}}},"1":{"name":"(anonymous_5)","decl":{"start":{"line":17,"column":2},"end":{"line":17,"column":7}},"loc":{"start":{"line":17,"column":20},"end":{"line":22,"column":3}}},"2":{"name":"(anonymous_6)","decl":{"start":{"line":24,"column":10},"end":{"line":24,"column":15}},"loc":{"start":{"line":24,"column":29},"end":{"line":80,"column":3}}},"3":{"name":"(anonymous_7)","decl":{"start":{"line":41,"column":16},"end":{"line":41,"column":20}},"loc":{"start":{"line":41,"column":24},"end":{"line":41,"column":45}}},"4":{"name":"(anonymous_8)","decl":{"start":{"line":82,"column":10},"end":{"line":82,"column":15}},"loc":{"start":{"line":82,"column":37},"end":{"line":91,"column":3}}},"5":{"name":"(anonymous_9)","decl":{"start":{"line":93,"column":10},"end":{"line":93,"column":15}},"loc":{"start":{"line":93,"column":47},"end":{"line":99,"column":3}}},"6":{"name":"(anonymous_10)","decl":{"start":{"line":101,"column":10},"end":{"line":101,"column":15}},"loc":{"start":{"line":101,"column":51},"end":{"line":106,"column":3}}}},"branchMap":{"0":{"loc":{"start":{"line":19,"column":4},"end":{"line":21,"column":5}},"type":"if","locations":[{"start":{"line":19,"column":4},"end":{"line":21,"column":5}}]},"1":{"loc":{"start":{"line":19,"column":8},"end":{"line":19,"column":86}},"type":"binary-expr","locations":[{"start":{"line":19,"column":8},"end":{"line":19,"column":45}},{"start":{"line":19,"column":49},"end":{"line":19,"column":86}}]},"2":{"loc":{"start":{"line":34,"column":6},"end":{"line":37,"column":7}},"type":"if","locations":[{"start":{"line":34,"column":6},"end":{"line":37,"column":7}}]},"3":{"loc":{"start":{"line":44,"column":6},"end":{"line":47,"column":7}},"type":"if","locations":[{"start":{"line":44,"column":6},"end":{"line":47,"column":7}}]},"4":{"loc":{"start":{"line":54,"column":8},"end":{"line":57,"column":9}},"type":"if","locations":[{"start":{"line":54,"column":8},"end":{"line":57,"column":9}}]}},"s":{"0":0,"1":0,"2":0,"3":0,"4":0,"5":0,"6":0,"7":0,"8":0,"9":0,"10":0,"11":0,"12":0,"13":0,"14":0,"15":0,"16":0,"17":0,"18":0,"19":0,"20":0,"21":0,"22":0,"23":0,"24":0,"25":0,"26":0,"27":0,"28":0,"29":0,"30":0,"31":0,"32":0,"33":0,"34":0,"35":0,"36":0,"37":0,"38":0,"39":0,"40":0,"41":0,"42":0,"43":0,"44":0},"f":{"0":0,"1":0,"2":0,"3":0,"4":0,"5":0,"6":0},"b":{"0":[0],"1":[0,0],"2":[0],"3":[0],"4":[0]}}
,"/Users/maksimtereshin/Projects/Personal/biz-assess-platform/backend/src/common/services/query-cache.service.ts": {"path":"/Users/maksimtereshin/Projects/Personal/biz-assess-platform/backend/src/common/services/query-cache.service.ts","statementMap":{"0":{"start":{"line":1,"column":0},"end":{"line":1,"column":44}},"1":{"start":{"line":10,"column":7},"end":{"line":140,"column":null}},"2":{"start":{"line":11,"column":10},"end":{"line":11,"column":88}},"3":{"start":{"line":12,"column":19},"end":{"line":12,"column":38}},"4":{"start":{"line":20,"column":19},"end":{"line":20,"column":38}},"5":{"start":{"line":22,"column":4},"end":{"line":24,"column":5}},"6":{"start":{"line":23,"column":6},"end":{"line":23,"column":23}},"7":{"start":{"line":26,"column":16},"end":{"line":26,"column":26}},"8":{"start":{"line":27,"column":4},"end":{"line":31,"column":5}},"9":{"start":{"line":29,"column":6},"end":{"line":29,"column":29}},"10":{"start":{"line":30,"column":6},"end":{"line":30,"column":23}},"11":{"start":{"line":33,"column":4},"end":{"line":33,"column":28}},"12":{"start":{"line":43,"column":4},"end":{"line":47,"column":7}},"13":{"start":{"line":62,"column":19},"end":{"line":62,"column":35}},"14":{"start":{"line":64,"column":4},"end":{"line":66,"column":5}},"15":{"start":{"line":65,"column":6},"end":{"line":65,"column":20}},"16":{"start":{"line":68,"column":17},"end":{"line":68,"column":27}},"17":{"start":{"line":69,"column":4},"end":{"line":69,"column":29}},"18":{"start":{"line":70,"column":4},"end":{"line":70,"column":16}},"19":{"start":{"line":78,"column":4},"end":{"line":78,"column":27}},"20":{"start":{"line":86,"column":18},"end":{"line":86,"column":70}},"21":{"start":{"line":88,"column":4},"end":{"line":92,"column":5}},"22":{"start":{"line":89,"column":6},"end":{"line":91,"column":7}},"23":{"start":{"line":90,"column":8},"end":{"line":90,"column":31}},"24":{"start":{"line":99,"column":4},"end":{"line":99,"column":23}},"25":{"start":{"line":111,"column":20},"end":{"line":111,"column":49}},"26":{"start":{"line":114,"column":22},"end":{"line":114,"column":23}},"27":{"start":{"line":115,"column":4},"end":{"line":118,"column":5}},"28":{"start":{"line":116,"column":6},"end":{"line":116,"column":36}},"29":{"start":{"line":117,"column":6},"end":{"line":117,"column":59}},"30":{"start":{"line":120,"column":4},"end":{"line":124,"column":6}},"31":{"start":{"line":132,"column":16},"end":{"line":132,"column":26}},"32":{"start":{"line":134,"column":4},"end":{"line":138,"column":5}},"33":{"start":{"line":135,"column":6},"end":{"line":137,"column":7}},"34":{"start":{"line":136,"column":8},"end":{"line":136,"column":31}},"35":{"start":{"line":10,"column":13},"end":{"line":10,"column":30}},"36":{"start":{"line":10,"column":13},"end":{"line":140,"column":null}}},"fnMap":{"0":{"name":"(anonymous_1)","decl":{"start":{"line":10,"column":7},"end":{"line":10,"column":13}},"loc":{"start":{"line":10,"column":7},"end":{"line":140,"column":1}}},"1":{"name":"(anonymous_2)","decl":{"start":{"line":19,"column":2},"end":{"line":19,"column":5}},"loc":{"start":{"line":19,"column":20},"end":{"line":34,"column":3}}},"2":{"name":"(anonymous_3)","decl":{"start":{"line":42,"column":2},"end":{"line":42,"column":5}},"loc":{"start":{"line":42,"column":43},"end":{"line":48,"column":3}}},"3":{"name":"(anonymous_4)","decl":{"start":{"line":57,"column":2},"end":{"line":57,"column":7}},"loc":{"start":{"line":60,"column":16},"end":{"line":71,"column":3}}},"4":{"name":"(anonymous_5)","decl":{"start":{"line":77,"column":2},"end":{"line":77,"column":12}},"loc":{"start":{"line":77,"column":24},"end":{"line":79,"column":3}}},"5":{"name":"(anonymous_6)","decl":{"start":{"line":85,"column":2},"end":{"line":85,"column":19}},"loc":{"start":{"line":85,"column":35},"end":{"line":93,"column":3}}},"6":{"name":"(anonymous_7)","decl":{"start":{"line":98,"column":2},"end":{"line":98,"column":7}},"loc":{"start":{"line":98,"column":7},"end":{"line":100,"column":3}}},"7":{"name":"(anonymous_8)","decl":{"start":{"line":106,"column":2},"end":{"line":106,"column":10}},"loc":{"start":{"line":106,"column":10},"end":{"line":125,"column":3}}},"8":{"name":"(anonymous_9)","decl":{"start":{"line":131,"column":2},"end":{"line":131,"column":16}},"loc":{"start":{"line":131,"column":16},"end":{"line":139,"column":3}}}},"branchMap":{"0":{"loc":{"start":{"line":22,"column":4},"end":{"line":24,"column":5}},"type":"if","locations":[{"start":{"line":22,"column":4},"end":{"line":24,"column":5}}]},"1":{"loc":{"start":{"line":27,"column":4},"end":{"line":31,"column":5}},"type":"if","locations":[{"start":{"line":27,"column":4},"end":{"line":31,"column":5}}]},"2":{"loc":{"start":{"line":46,"column":11},"end":{"line":46,"column":33}},"type":"binary-expr","locations":[{"start":{"line":46,"column":11},"end":{"line":46,"column":14}},{"start":{"line":46,"column":18},"end":{"line":46,"column":33}}]},"3":{"loc":{"start":{"line":64,"column":4},"end":{"line":66,"column":5}},"type":"if","locations":[{"start":{"line":64,"column":4},"end":{"line":66,"column":5}}]},"4":{"loc":{"start":{"line":89,"column":6},"end":{"line":91,"column":7}},"type":"if","locations":[{"start":{"line":89,"column":6},"end":{"line":91,"column":7}}]},"5":{"loc":{"start":{"line":135,"column":6},"end":{"line":137,"column":7}},"type":"if","locations":[{"start":{"line":135,"column":6},"end":{"line":137,"column":7}}]}},"s":{"0":2,"1":2,"2":0,"3":0,"4":0,"5":0,"6":0,"7":0,"8":0,"9":0,"10":0,"11":0,"12":0,"13":0,"14":0,"15":0,"16":0,"17":0,"18":0,"19":0,"20":0,"21":0,"22":0,"23":0,"24":0,"25":0,"26":0,"27":0,"28":0,"29":0,"30":0,"31":0,"32":0,"33":0,"34":0,"35":2,"36":2},"f":{"0":0,"1":0,"2":0,"3":0,"4":0,"5":0,"6":0,"7":0,"8":0},"b":{"0":[0],"1":[0],"2":[0,0],"3":[0],"4":[0],"5":[0]}}
,"/Users/maksimtereshin/Projects/Personal/biz-assess-platform/backend/src/common/test/import-compatibility.test.ts": {"path":"/Users/maksimtereshin/Projects/Personal/biz-assess-platform/backend/src/common/test/import-compatibility.test.ts","statementMap":{"0":{"start":{"line":1,"column":0},"end":{"line":1,"column":123}},"1":{"start":{"line":8,"column":0},"end":{"line":59,"column":3}},"2":{"start":{"line":9,"column":2},"end":{"line":42,"column":5}},"3":{"start":{"line":10,"column":4},"end":{"line":14,"column":7}},"4":{"start":{"line":11,"column":6},"end":{"line":11,"column":39}},"5":{"start":{"line":12,"column":6},"end":{"line":12,"column":47}},"6":{"start":{"line":13,"column":6},"end":{"line":13,"column":44}},"7":{"start":{"line":16,"column":4},"end":{"line":20,"column":7}},"8":{"start":{"line":17,"column":6},"end":{"line":17,"column":42}},"9":{"start":{"line":18,"column":6},"end":{"line":18,"column":54}},"10":{"start":{"line":19,"column":6},"end":{"line":19,"column":52}},"11":{"start":{"line":22,"column":4},"end":{"line":41,"column":7}},"12":{"start":{"line":24,"column":35},"end":{"line":28,"column":8}},"13":{"start":{"line":30,"column":43},"end":{"line":37,"column":8}},"14":{"start":{"line":39,"column":6},"end":{"line":39,"column":38}},"15":{"start":{"line":40,"column":6},"end":{"line":40,"column":42}},"16":{"start":{"line":44,"column":2},"end":{"line":58,"column":5}},"17":{"start":{"line":45,"column":4},"end":{"line":48,"column":7}},"18":{"start":{"line":46,"column":6},"end":{"line":46,"column":55}},"19":{"start":{"line":47,"column":6},"end":{"line":47,"column":62}},"20":{"start":{"line":50,"column":4},"end":{"line":57,"column":7}},"21":{"start":{"line":53,"column":6},"end":{"line":53,"column":51}},"22":{"start":{"line":54,"column":6},"end":{"line":54,"column":48}},"23":{"start":{"line":55,"column":6},"end":{"line":55,"column":58}},"24":{"start":{"line":56,"column":6},"end":{"line":56,"column":56}}},"fnMap":{"0":{"name":"(anonymous_0)","decl":{"start":{"line":8,"column":40},"end":{"line":8,"column":43}},"loc":{"start":{"line":8,"column":45},"end":{"line":59,"column":1}}},"1":{"name":"(anonymous_1)","decl":{"start":{"line":9,"column":27},"end":{"line":9,"column":30}},"loc":{"start":{"line":9,"column":32},"end":{"line":42,"column":3}}},"2":{"name":"(anonymous_2)","decl":{"start":{"line":10,"column":53},"end":{"line":10,"column":56}},"loc":{"start":{"line":10,"column":58},"end":{"line":14,"column":5}}},"3":{"name":"(anonymous_3)","decl":{"start":{"line":16,"column":56},"end":{"line":16,"column":59}},"loc":{"start":{"line":16,"column":61},"end":{"line":20,"column":5}}},"4":{"name":"(anonymous_4)","decl":{"start":{"line":22,"column":53},"end":{"line":22,"column":56}},"loc":{"start":{"line":22,"column":58},"end":{"line":41,"column":5}}},"5":{"name":"(anonymous_5)","decl":{"start":{"line":44,"column":25},"end":{"line":44,"column":28}},"loc":{"start":{"line":44,"column":30},"end":{"line":58,"column":3}}},"6":{"name":"(anonymous_6)","decl":{"start":{"line":45,"column":41},"end":{"line":45,"column":44}},"loc":{"start":{"line":45,"column":46},"end":{"line":48,"column":5}}},"7":{"name":"(anonymous_7)","decl":{"start":{"line":50,"column":38},"end":{"line":50,"column":41}},"loc":{"start":{"line":50,"column":43},"end":{"line":57,"column":5}}}},"branchMap":{},"s":{"0":0,"1":0,"2":0,"3":0,"4":0,"5":0,"6":0,"7":0,"8":0,"9":0,"10":0,"11":0,"12":0,"13":0,"14":0,"15":0,"16":0,"17":0,"18":0,"19":0,"20":0,"21":0,"22":0,"23":0,"24":0},"f":{"0":0,"1":0,"2":0,"3":0,"4":0,"5":0,"6":0,"7":0},"b":{}}
,"/Users/maksimtereshin/Projects/Personal/biz-assess-platform/backend/src/common/utils/analytics-calculator.util.ts": {"path":"/Users/maksimtereshin/Projects/Personal/biz-assess-platform/backend/src/common/utils/analytics-calculator.util.ts","statementMap":{"0":{"start":{"line":1,"column":0},"end":{"line":1,"column":44}},"1":{"start":{"line":3,"column":0},"end":{"line":3,"column":69}},"2":{"start":{"line":6,"column":7},"end":{"line":402,"column":null}},"3":{"start":{"line":7,"column":31},"end":{"line":7,"column":50}},"4":{"start":{"line":17,"column":4},"end":{"line":25,"column":5}},"5":{"start":{"line":18,"column":6},"end":{"line":24,"column":8}},"6":{"start":{"line":28,"column":23},"end":{"line":28,"column":77}},"7":{"start":{"line":28,"column":55},"end":{"line":28,"column":73}},"8":{"start":{"line":29,"column":25},"end":{"line":29,"column":52}},"9":{"start":{"line":32,"column":25},"end":{"line":32,"column":55}},"10":{"start":{"line":35,"column":4},"end":{"line":37,"column":5}},"11":{"start":{"line":36,"column":6},"end":{"line":36,"column":81}},"12":{"start":{"line":40,"column":51},"end":{"line":40,"column":53}},"13":{"start":{"line":41,"column":54},"end":{"line":41,"column":56}},"14":{"start":{"line":43,"column":4},"end":{"line":79,"column":5}},"15":{"start":{"line":45,"column":6},"end":{"line":78,"column":7}},"16":{"start":{"line":46,"column":32},"end":{"line":47,"column":null}},"17":{"start":{"line":47,"column":10},"end":{"line":47,"column":64}},"18":{"start":{"line":50,"column":8},"end":{"line":58,"column":9}},"19":{"start":{"line":52,"column":12},"end":{"line":53,"column":34}},"20":{"start":{"line":52,"column":52},"end":{"line":52,"column":70}},"21":{"start":{"line":54,"column":32},"end":{"line":54,"column":65}},"22":{"start":{"line":55,"column":10},"end":{"line":55,"column":103}},"23":{"start":{"line":57,"column":10},"end":{"line":57,"column":42}},"24":{"start":{"line":61,"column":8},"end":{"line":77,"column":9}},"25":{"start":{"line":62,"column":37},"end":{"line":63,"column":null}},"26":{"start":{"line":63,"column":12},"end":{"line":63,"column":73}},"27":{"start":{"line":63,"column":46},"end":{"line":63,"column":72}},"28":{"start":{"line":66,"column":10},"end":{"line":76,"column":11}},"29":{"start":{"line":68,"column":14},"end":{"line":71,"column":43}},"30":{"start":{"line":69,"column":33},"end":{"line":69,"column":51}},"31":{"start":{"line":72,"column":37},"end":{"line":72,"column":73}},"32":{"start":{"line":73,"column":12},"end":{"line":73,"column":117}},"33":{"start":{"line":75,"column":12},"end":{"line":75,"column":50}},"34":{"start":{"line":81,"column":4},"end":{"line":89,"column":6}},"35":{"start":{"line":96,"column":4},"end":{"line":98,"column":6}},"36":{"start":{"line":97,"column":6},"end":{"line":97,"column":79}},"37":{"start":{"line":97,"column":52},"end":{"line":97,"column":78}},"38":{"start":{"line":105,"column":4},"end":{"line":112,"column":10}},"39":{"start":{"line":106,"column":6},"end":{"line":111,"column":8}},"40":{"start":{"line":109,"column":10},"end":{"line":109,"column":62}},"41":{"start":{"line":119,"column":4},"end":{"line":119,"column":64}},"42":{"start":{"line":128,"column":4},"end":{"line":128,"column":71}},"43":{"start":{"line":128,"column":37},"end":{"line":128,"column":69}},"44":{"start":{"line":142,"column":22},"end":{"line":142,"column":68}},"45":{"start":{"line":145,"column":27},"end":{"line":148,"column":null}},"46":{"start":{"line":152,"column":41},"end":{"line":152,"column":43}},"47":{"start":{"line":154,"column":4},"end":{"line":192,"column":5}},"48":{"start":{"line":155,"column":28},"end":{"line":155,"column":70}},"49":{"start":{"line":158,"column":30},"end":{"line":161,"column":null}},"50":{"start":{"line":164,"column":45},"end":{"line":169,"column":8}},"51":{"start":{"line":172,"column":6},"end":{"line":189,"column":7}},"52":{"start":{"line":173,"column":8},"end":{"line":188,"column":9}},"53":{"start":{"line":174,"column":35},"end":{"line":174,"column":83}},"54":{"start":{"line":176,"column":37},"end":{"line":180,"column":null}},"55":{"start":{"line":183,"column":10},"end":{"line":187,"column":13}},"56":{"start":{"line":191,"column":6},"end":{"line":191,"column":38}},"57":{"start":{"line":194,"column":4},"end":{"line":200,"column":6}},"58":{"start":{"line":220,"column":22},"end":{"line":220,"column":68}},"59":{"start":{"line":223,"column":27},"end":{"line":226,"column":null}},"60":{"start":{"line":230,"column":41},"end":{"line":248,"column":6}},"61":{"start":{"line":231,"column":28},"end":{"line":231,"column":70}},"62":{"start":{"line":233,"column":6},"end":{"line":247,"column":8}},"63":{"start":{"line":250,"column":4},"end":{"line":256,"column":6}},"64":{"start":{"line":276,"column":4},"end":{"line":276,"column":88}},"65":{"start":{"line":296,"column":29},"end":{"line":296,"column":31}},"66":{"start":{"line":297,"column":29},"end":{"line":297,"column":31}},"67":{"start":{"line":298,"column":29},"end":{"line":298,"column":31}},"68":{"start":{"line":299,"column":34},"end":{"line":299,"column":36}},"69":{"start":{"line":302,"column":4},"end":{"line":309,"column":5}},"70":{"start":{"line":303,"column":20},"end":{"line":303,"column":62}},"71":{"start":{"line":305,"column":6},"end":{"line":305,"column":33}},"72":{"start":{"line":306,"column":6},"end":{"line":306,"column":25}},"73":{"start":{"line":307,"column":6},"end":{"line":307,"column":30}},"74":{"start":{"line":308,"column":6},"end":{"line":308,"column":66}},"75":{"start":{"line":312,"column":21},"end":{"line":312,"column":63}},"76":{"start":{"line":312,"column":44},"end":{"line":312,"column":62}},"77":{"start":{"line":313,"column":4},"end":{"line":315,"column":5}},"78":{"start":{"line":314,"column":6},"end":{"line":314,"column":69}},"79":{"start":{"line":317,"column":4},"end":{"line":322,"column":6}},"80":{"start":{"line":330,"column":18},"end":{"line":330,"column":64}},"81":{"start":{"line":331,"column":4},"end":{"line":340,"column":6}},"82":{"start":{"line":353,"column":22},"end":{"line":353,"column":68}},"83":{"start":{"line":356,"column":21},"end":{"line":357,"column":null}},"84":{"start":{"line":357,"column":13},"end":{"line":357,"column":66}},"85":{"start":{"line":360,"column":4},"end":{"line":362,"column":5}},"86":{"start":{"line":361,"column":6},"end":{"line":361,"column":18}},"87":{"start":{"line":364,"column":26},"end":{"line":364,"column":68}},"88":{"start":{"line":367,"column":28},"end":{"line":370,"column":null}},"89":{"start":{"line":373,"column":35},"end":{"line":378,"column":6}},"90":{"start":{"line":381,"column":4},"end":{"line":398,"column":5}},"91":{"start":{"line":382,"column":6},"end":{"line":397,"column":7}},"92":{"start":{"line":383,"column":33},"end":{"line":383,"column":81}},"93":{"start":{"line":385,"column":35},"end":{"line":389,"column":null}},"94":{"start":{"line":392,"column":8},"end":{"line":396,"column":11}},"95":{"start":{"line":400,"column":4},"end":{"line":400,"column":18}},"96":{"start":{"line":6,"column":13},"end":{"line":6,"column":32}},"97":{"start":{"line":6,"column":13},"end":{"line":402,"column":null}}},"fnMap":{"0":{"name":"(anonymous_2)","decl":{"start":{"line":7,"column":2},"end":{"line":7,"column":31}},"loc":{"start":{"line":7,"column":67},"end":{"line":7,"column":71}}},"1":{"name":"(anonymous_3)","decl":{"start":{"line":13,"column":2},"end":{"line":13,"column":17}},"loc":{"start":{"line":15,"column":28},"end":{"line":90,"column":3}}},"2":{"name":"(anonymous_4)","decl":{"start":{"line":28,"column":38},"end":{"line":28,"column":39}},"loc":{"start":{"line":28,"column":55},"end":{"line":28,"column":73}}},"3":{"name":"(anonymous_5)","decl":{"start":{"line":46,"column":47},"end":{"line":46,"column":48}},"loc":{"start":{"line":47,"column":10},"end":{"line":47,"column":64}}},"4":{"name":"(anonymous_6)","decl":{"start":{"line":52,"column":35},"end":{"line":52,"column":36}},"loc":{"start":{"line":52,"column":52},"end":{"line":52,"column":70}}},"5":{"name":"(anonymous_7)","decl":{"start":{"line":62,"column":52},"end":{"line":62,"column":53}},"loc":{"start":{"line":63,"column":12},"end":{"line":63,"column":73}}},"6":{"name":"(anonymous_8)","decl":{"start":{"line":63,"column":39},"end":{"line":63,"column":40}},"loc":{"start":{"line":63,"column":46},"end":{"line":63,"column":72}}},"7":{"name":"(anonymous_9)","decl":{"start":{"line":69,"column":16},"end":{"line":69,"column":17}},"loc":{"start":{"line":69,"column":33},"end":{"line":69,"column":51}}},"8":{"name":"(anonymous_10)","decl":{"start":{"line":95,"column":10},"end":{"line":95,"column":30}},"loc":{"start":{"line":95,"column":64},"end":{"line":99,"column":3}}},"9":{"name":"(anonymous_11)","decl":{"start":{"line":96,"column":39},"end":{"line":96,"column":40}},"loc":{"start":{"line":97,"column":6},"end":{"line":97,"column":79}}},"10":{"name":"(anonymous_12)","decl":{"start":{"line":97,"column":33},"end":{"line":97,"column":34}},"loc":{"start":{"line":97,"column":52},"end":{"line":97,"column":78}}},"11":{"name":"(anonymous_13)","decl":{"start":{"line":104,"column":10},"end":{"line":104,"column":27}},"loc":{"start":{"line":104,"column":51},"end":{"line":113,"column":3}}},"12":{"name":"(anonymous_14)","decl":{"start":{"line":105,"column":44},"end":{"line":105,"column":45}},"loc":{"start":{"line":105,"column":64},"end":{"line":112,"column":5}}},"13":{"name":"(anonymous_15)","decl":{"start":{"line":108,"column":38},"end":{"line":108,"column":39}},"loc":{"start":{"line":108,"column":69},"end":{"line":110,"column":9}}},"14":{"name":"(anonymous_16)","decl":{"start":{"line":118,"column":2},"end":{"line":118,"column":15}},"loc":{"start":{"line":118,"column":29},"end":{"line":120,"column":3}}},"15":{"name":"(anonymous_17)","decl":{"start":{"line":125,"column":2},"end":{"line":125,"column":17}},"loc":{"start":{"line":126,"column":57},"end":{"line":129,"column":3}}},"16":{"name":"(anonymous_18)","decl":{"start":{"line":128,"column":25},"end":{"line":128,"column":26}},"loc":{"start":{"line":128,"column":37},"end":{"line":128,"column":69}}},"17":{"name":"(anonymous_19)","decl":{"start":{"line":135,"column":2},"end":{"line":135,"column":24}},"loc":{"start":{"line":139,"column":34},"end":{"line":201,"column":3}}},"18":{"name":"(anonymous_20)","decl":{"start":{"line":213,"column":2},"end":{"line":213,"column":25}},"loc":{"start":{"line":217,"column":34},"end":{"line":257,"column":3}}},"19":{"name":"(anonymous_21)","decl":{"start":{"line":230,"column":71},"end":{"line":230,"column":79}},"loc":{"start":{"line":230,"column":82},"end":{"line":248,"column":5}}},"20":{"name":"(anonymous_22)","decl":{"start":{"line":269,"column":2},"end":{"line":269,"column":25}},"loc":{"start":{"line":273,"column":34},"end":{"line":277,"column":3}}},"21":{"name":"(anonymous_23)","decl":{"start":{"line":287,"column":2},"end":{"line":287,"column":17}},"loc":{"start":{"line":289,"column":27}
[...]
:{"start":{"line":124,"column":24},"end":{"line":124,"column":43}},"30":{"start":{"line":125,"column":25},"end":{"line":125,"column":41}},"31":{"start":{"line":128,"column":22},"end":{"line":128,"column":26}},"32":{"start":{"line":129,"column":22},"end":{"line":129,"column":90}},"33":{"start":{"line":131,"column":25},"end":{"line":133,"column":23}},"34":{"start":{"line":135,"column":25},"end":{"line":137,"column":23}},"35":{"start":{"line":139,"column":4},"end":{"line":143,"column":6}},"36":{"start":{"line":150,"column":4},"end":{"line":153,"column":8}},"37":{"start":{"line":150,"column":40},"end":{"line":153,"column":6}},"38":{"start":{"line":166,"column":43},"end":{"line":166,"column":45}},"39":{"start":{"line":167,"column":21},"end":{"line":167,"column":45}},"40":{"start":{"line":168,"column":20},"end":{"line":168,"column":48}},"41":{"start":{"line":171,"column":20},"end":{"line":171,"column":37}},"42":{"start":{"line":172,"column":4},"end":{"line":172,"column":52}},"43":{"start":{"line":174,"column":45},"end":{"line":174,"column":47}},"44":{"start":{"line":177,"column":4},"end":{"line":179,"column":5}},"45":{"start":{"line":177,"column":17},"end":{"line":177,"column":18}},"46":{"start":{"line":178,"column":6},"end":{"line":178,"column":69}},"47":{"start":{"line":182,"column":4},"end":{"line":211,"column":5}},"48":{"start":{"line":182,"column":19},"end":{"line":182,"column":20}},"49":{"start":{"line":183,"column":19},"end":{"line":183,"column":45}},"50":{"start":{"line":184,"column":25},"end":{"line":184,"column":57}},"51":{"start":{"line":187,"column":23},"end":{"line":187,"column":35}},"52":{"start":{"line":190,"column":24},"end":{"line":190,"column":35}},"53":{"start":{"line":191,"column":25},"end":{"line":191,"column":85}},"54":{"start":{"line":194,"column":6},"end":{"line":202,"column":7}},"55":{"start":{"line":195,"column":8},"end":{"line":199,"column":9}},"56":{"start":{"line":196,"column":10},"end":{"line":196,"column":34}},"57":{"start":{"line":197,"column":15},"end":{"line":199,"column":9}},"58":{"start":{"line":198,"column":10},"end":{"line":198,"column":34}},"59":{"start":{"line":200,"column":13},"end":{"line":202,"column":7}},"60":{"start":{"line":201,"column":8},"end":{"line":201,"column":32}},"61":{"start":{"line":204,"column":6},"end":{"line":204,"column":74}},"62":{"start":{"line":207,"column":6},"end":{"line":210,"column":7}},"63":{"start":{"line":208,"column":8},"end":{"line":208,"column":30}},"64":{"start":{"line":209,"column":8},"end":{"line":209,"column":24}},"65":{"start":{"line":214,"column":4},"end":{"line":216,"column":5}},"66":{"start":{"line":215,"column":6},"end":{"line":215,"column":69}},"67":{"start":{"line":218,"column":4},"end":{"line":220,"column":5}},"68":{"start":{"line":219,"column":6},"end":{"line":219,"column":28}},"69":{"start":{"line":222,"column":4},"end":{"line":222,"column":16}},"70":{"start":{"line":229,"column":44},"end":{"line":229,"column":46}},"71":{"start":{"line":231,"column":4},"end":{"line":238,"column":5}},"72":{"start":{"line":232,"column":23},"end":{"line":232,"column":60}},"73":{"start":{"line":233,"column":21},"end":{"line":233,"column":56}},"74":{"start":{"line":234,"column":6},"end":{"line":237,"column":9}},"75":{"start":{"line":240,"column":4},"end":{"line":243,"column":7}},"76":{"start":{"line":245,"column":4},"end":{"line":245,"column":19}},"77":{"start":{"line":252,"column":4},"end":{"line":256,"column":6}},"78":{"start":{"line":263,"column":18},"end":{"line":263,"column":41}},"79":{"start":{"line":264,"column":19},"end":{"line":264,"column":52}},"80":{"start":{"line":266,"column":4},"end":{"line":300,"column":5}},"81":{"start":{"line":269,"column":28},"end":{"line":269,"column":42}},"82":{"start":{"line":270,"column":30},"end":{"line":270,"column":62}},"83":{"start":{"line":271,"column":8},"end":{"line":275,"column":10}},"84":{"start":{"line":279,"column":27},"end":{"line":279,"column":35}},"85":{"start":{"line":280,"column":21},"end":{"line":280,"column":59}},"86":{"start":{"line":281,"column":8},"end":{"line":281,"column":42}},"87":{"start":{"line":285,"column":25},"end":{"line":285,"column":33}},"88":{"start":{"line":286,"column":23},"end":{"line":286,"column":31}},"89":{"start":{"line":287,"column":8},"end":{"line":291,"column":10}},"90":{"start":{"line":295,"column":8},"end":{"line":295,"column":36}},"91":{"start":{"line":299,"column":8},"end":{"line":299,"column":34}},"92":{"start":{"line":307,"column":18},"end":{"line":307,"column":28}},"93":{"start":{"line":308,"column":4},"end":{"line":308,"column":36}},"94":{"start":{"line":311,"column":4},"end":{"line":316,"column":5}},"95":{"start":{"line":312,"column":6},"end":{"line":315,"column":8}},"96":{"start":{"line":319,"column":4},"end":{"line":324,"column":5}},"97":{"start":{"line":320,"column":6},"end":{"line":323,"column":8}},"98":{"start":{"line":327,"column":21},"end":{"line":328,"column":null}},"99":{"start":{"line":331,"column":4},"end":{"line":336,"column":5}},"100":{"start":{"line":332,"column":6},"end":{"line":335,"column":8}},"101":{"start":{"line":338,"column":4},"end":{"line":338,"column":27}},"102":{"start":{"line":345,"column":4},"end":{"line":347,"column":5}},"103":{"start":{"line":346,"column":6},"end":{"line":346,"column":50}},"104":{"start":{"line":348,"column":4},"end":{"line":348,"column":58}},"105":{"start":{"line":355,"column":4},"end":{"line":357,"column":5}},"106":{"start":{"line":356,"column":6},"end":{"line":356,"column":49}},"107":{"start":{"line":358,"column":4},"end":{"line":358,"column":58}},"108":{"start":{"line":27,"column":13},"end":{"line":27,"column":28}},"109":{"start":{"line":27,"column":13},"end":{"line":360,"column":null}}},"fnMap":{"0":{"name":"(anonymous_1)","decl":{"start":{"line":27,"column":7},"end":{"line":27,"column":13}},"loc":{"start":{"line":27,"column":7},"end":{"line":360,"column":1}}},"1":{"name":"(anonymous_2)","decl":{"start":{"line":52,"column":2},"end":{"line":52,"column":14}},"loc":{"start":{"line":52,"column":33},"end":{"line":57,"column":3}}},"2":{"name":"(anonymous_3)","decl":{"start":{"line":62,"column":2},"end":{"line":62,"column":23}},"loc":{"start":{"line":62,"column":34},"end":{"line":67,"column":3}}},"3":{"name":"(anonymous_4)","decl":{"start":{"line":72,"column":2},"end":{"line":72,"column":23}},"loc":{"start":{"line":72,"column":42},"end":{"line":78,"column":3}}},"4":{"name":"(anonymous_5)","decl":{"start":{"line":83,"column":2},"end":{"line":83,"column":18}},"loc":{"start":{"line":83,"column":59},"end":{"line":85,"column":3}}},"5":{"name":"(anonymous_6)","decl":{"start":{"line":90,"column":2},"end":{"line":90,"column":31}},"loc":{"start":{"line":94,"column":28},"end":{"line":115,"column":3}}},"6":{"name":"(anonymous_7)","decl":{"start":{"line":120,"column":10},"end":{"line":120,"column":25}},"loc":{"start":{"line":120,"column":66},"end":{"line":144,"column":3}}},"7":{"name":"(anonymous_8)","decl":{"start":{"line":149,"column":10},"end":{"line":149,"column":28}},"loc":{"start":{"line":149,"column":28},"end":{"line":154,"column":3}}},"8":{"name":"(anonymous_9)","decl":{"start":{"line":150,"column":30},"end":{"line":150,"column":31}},"loc":{"start":{"line":150,"column":40},"end":{"line":153,"column":6}}},"9":{"name":"(anonymous_10)","decl":{"start":{"line":159,"column":10},"end":{"line":159,"column":23}},"loc":{"start":{"line":164,"column":28},"end":{"line":223,"column":3}}},"10":{"name":"(anonymous_11)","decl":{"start":{"line":228,"column":10},"end":{"line":228,"column":25}},"loc":{"start":{"line":228,"column":58},"end":{"line":246,"column":3}}},"11":{"name":"(anonymous_12)","decl":{"start":{"line":251,"column":10},"end":{"line":251,"column":19}},"loc":{"start":{"line":251,"column":44},"end":{"line":257,"column":3}}},"12":{"name":"(anonymous_13)","decl":{"start":{"line":262,"column":2},"end":{"line":262,"column":19}},"loc":{"start":{"line":262,"column":40},"end":{"line":301,"column":3}}},"13":{"name":"(anonymous_14)","decl":{"start":{"line":306,"column":2},"end":{"line":306,"column":19}},"loc":{"start":{"line":306,"column":50},"end":{"line":339,"column":3}}},"14":{"name":"(anonymous_15)","decl":{"start":{"line":344,"column":2},"end":{"line":344,"column":18}},"loc":{"start":{"line":344,"column":60},"end":{"line":349,"column":3}}},"15":{"name":"(anonymous_16)","decl":{"start":{"line":354,"column":2},"end":{"line":354,"column":14}},"loc":{"start":{"line":354,"column":56},"end":{"line":359,"column":3}}}},"branchMap":{"0":{"loc":{"start":{"line":53,"column":4},"end":{"line":55,"column":5}},"type":"if","locations":[{"start":{"line":53,"column":4},"end":{"line":55,"column":5}}]},"1":{"loc":{"start":{"line":53,"column":8},"end":{"line":53,"column":41}},"type":"binary-expr","locations":[{"start":{"line":53,"column":8},"end":{"line":53,"column":22}},{"start":{"line":53,"column":26},"end":{"line":53,"column":41}}]},"2":{"loc":{"start":{"line":74,"column":4},"end":{"line":76,"column":5}},"type":"if","locations":[{"start":{"line":74,"column":4},"end":{"line":76,"column":5}}]},"3":{"loc":{"start":{"line":74,"column":8},"end":{"line":74,"column":31}},"type":"binary-expr","locations":[{"start":{"line":74,"column":8},"end":{"line":74,"column":13}},{"start":{"line":74,"column":17},"end":{"line":74,"column":23}},{"start":{"line":74,"column":27},"end":{"line":74,"column":31}}]},"4":{"loc":{"start":{"line":83,"column":35},"end":{"line":83,"column":59}},"type":"default-arg","locations":[{"start":{"line":83,"column":49},"end":{"line":83,"column":59}}]},"5":{"loc":{"start":{"line":94,"column":4},"end":{"line":94,"column":28}},"type":"default-arg","locations":[{"start":{"line":94,"column":18},"end":{"line":94,"column":28}}]},"6":{"loc":{"start":{"line":129,"column":22},"end":{"line":129,"column":90}},"type":"binary-expr","locations":[{"start":{"line":129,"column":22},"end":{"line":129,"column":40}},{"start":{"line":129,"column":45},"end":{"line":129,"column":65}},{"start":{"line":129,"column":69},"end":{"line":129,"column":89}}]},"7":{"loc":{"start":{"line":131,"column":25},"end":{"line":133,"column":23}},"type":"cond-expr","locations":[{"start":{"line":132,"column":8},"end":{"line":132,"column":75}},{"start":{"line":133,"column":8},"end":{"line":133,"column":23}}]},"8":{"loc":{"start":{"line":135,"column":25},"end":{"line":137,"column":23}},"type":"cond-expr","locations":[{"start":{"line":136,"column":8},"end":{"line":136,"column":75}},{"start":{"line":137,"column":8},"end":{"line":137,"column":23}}]},"9":{"loc":{"start":{"line":142,"column":14},"end":{"line":142,"column":36}},"type":"cond-expr","locations":[{"start":{"line":142,"column":26},"end":{"line":142,"column":30}},{"start":{"line":142,"column":33},"end":{"line":142,"column":36}}]},"10":{"loc":{"start":{"line":164,"column":4},"end":{"line":164,"column":28}},"type":"default-arg","locations":[{"start":{"line":164,"column":18},"end":{"line":164,"column":28}}]},"11":{"loc":{"start":{"line":172,"column":16},"end":{"line":172,"column":51}},"type":"cond-expr","locations":[{"start":{"line":172,"column":34},"end":{"line":172,"column":35}},{"start":{"line":172,"column":38},"end":{"line":172,"column":51}}]},"12":{"loc":{"start":{"line":191,"column":25},"end":{"line":191,"column":85}},"type":"cond-expr","locations":[{"start":{"line":191,"column":36},"end":{"line":191,"column":51}},{"start":{"line":191,"column":54},"end":{"line":191,"column":85}}]},"13":{"loc":{"start":{"line":194,"column":6},"end":{"line":202,"column":7}},"type":"if","locations":[{"start":{"line":194,"column":6},"end":{"line":202,"column":7}},{"start":{"line":200,"column":13},"end":{"line":202,"column":7}}]},"14":{"loc":{"start":{"line":194,"column":10},"end":{"line":194,"column":30}},"type":"binary-expr","locations":[{"start":{"line":194,"column":10},"end":{"line":194,"column":19}},{"start":{"line":194,"column":23},"end":{"line":194,"column":30}}]},"15":{"loc":{"start":{"line":195,"column":8},"end":{"line":199,"column":9}},"type":"if","locations":[{"start":{"line":195,"column":8},"end":{"line":199,"column":9}},{"start":{"line":197,"column":15},"end":{"line":199,"column":9}}]},"16":{"loc":{"start":{"line":195,"column":12},"end":{"line":195,"column":76}},"type":"binary-expr","locations":[{"start":{"line":195,"column":12},"end":{"line":195,"column":43}},{"start":{"line":195,"column":47},"end":{"line":195,"column":76}}]},"17":{"loc":{"start":{"line":197,"column":15},"end":{"line":199,"column":9}},"type":"if","locations":[{"start":{"line":197,"column":15},"end":{"line":199,"column":9}}]},"18":{"loc":{"start":{"line":197,"column":19},"end":{"line":197,"column":53}},"type":"binary-expr","locations":[{"start":{"line":197,"column":19},"end":{"line":197,"column":35}},{"start":{"line":197,"column":39},"end":{"line":197,"column":53}}]},"19":{"loc":{"start":{"line":200,"column":13},"end":{"line":202,"column":7}},"type":"if","locations":[{"start":{"line":200,"column":13},"end":{"line":202,"column":7}}]},"20":{"loc":{"start":{"line":200,"column":17},"end":{"line":200,"column":61}},"type":"binary-expr","locations":[{"start":{"line":200,"column":17},"end":{"line":200,"column":26}},{"start":{"line":200,"column":30},"end":{"line":200,"column":61}}]},"21":{"loc":{"start":{"line":207,"column":6},"end":{"line":210,"column":7}},"type":"if","locations":[{"start":{"line":207,"column":6},"end":{"line":210,"column":7}}]},"22":{"loc":{"start":{"line":214,"column":11},"end":{"line":214,"column":57}},"type":"binary-expr","locations":[{"start":{"line":214,"column":11},"end":{"line":214,"column":32}},{"start":{"line":214,"column":36},"end":{"line":214,"column":57}}]},"23":{"loc":{"start":{"line":218,"column":4},"end":{"line":220,"column":5}},"type":"if","locations":[{"start":{"line":218,"column":4},"end":{"line":220,"column":5}}]},"24":{"loc":{"start":{"line":231,"column":4},"end":{"line":238,"column":5}},"type":"if","locations":[{"start":{"line":231,"column":4},"end":{"line":238,"column":5}}]},"25":{"loc":{"start":{"line":231,"column":8},"end":{"line":231,"column":28}},"type":"binary-expr","locations":[{"start":{"line":231,"column":8},"end":{"line":231,"column":17}},{"start":{"line":231,"column":21},"end":{"line":231,"column":28}}]},"26":{"loc":{"start":{"line":253,"column":6},"end":{"line":255,"column":41}},"type":"binary-expr","locations":[{"start":{"line":253,"column":6},"end":{"line":253,"column":49}},{"start":{"line":254,"column":6},"end":{"line":254,"column":43}},{"start":{"line":255,"column":6},"end":{"line":255,"column":41}}]},"27":{"loc":{"start":{"line":266,"column":4},"end":{"line":300,"column":5}},"type":"switch","locations":[{"start":{"line":267,"column":6},"end":{"line":267,"column":24}},{"start":{"line":268,"column":6},"end":{"line":276,"column":7}},{"start":{"line":278,"column":6},"end":{"line":282,"column":7}},{"start":{"line":284,"column":6},"end":{"line":292,"column":7}},{"start":{"line":294,"column":6},"end":{"line":295,"column":36}},{"start":{"line":297,"column":6},"end":{"line":297,"column":18}},{"start":{"line":298,"column":6},"end":{"line":299,"column":34}}]},"28":{"loc":{"start":{"line":311,"column":4},"end":{"line":316,"column":5}},"type":"if","locations":[{"start":{"line":311,"column":4},"end":{"line":316,"column":5}}]},"29":{"loc":{"start":{"line":311,"column":8},"end":{"line":311,"column":44}},"type":"binary-expr","locations":[{"start":{"line":311,"column":8},"end":{"line":311,"column":25}},{"start":{"line":311,"column":29},"end":{"line":311,"column":44}}]},"30":{"loc":{"start":{"line":319,"column":4},"end":{"line":324,"column":5}},"type":"if","locations":[{"start":{"line":319,"column":4},"end":{"line":324,"column":5}}]},"31":{"loc":{"start":{"line":331,"column":4},"end":{"line":336,"column":5}},"type":"if","locations":[{"start":{"line":331,"column":4},"end":{"line":336,"column":5}}]},"32":{"loc":{"start":{"line":345,"column":4},"end":{"line":347,"column":5}},"type":"if","locations":[{"start":{"line":345,"column":4},"end":{"line":347,"column":5}}]},"33":{"loc":{"start":{"line":355,"column":4},"end":{"line":357,"column":5}},"type":"if","locations":[{"start":{"line":355,"column":4},"end":{"line":357,"column":5}}]}},"s":{"0":0,"1":0,"2":0,"3":0,"4":0,"5":0,"6":0,"7":0,"8":0,"9":0,"10":0,"11":0,"12":0,"13":0,"14":0,"15":0,"16":0,"17":0,"18":0,"19":0,"20":0,"21":0,"22":0,"23":0,"24":0,"25":0,"26":0,"27":0,"28":0,"29":0,"30":0,"31":0,"32":0,"33":0,"34":0,"35":0,"36":0,"37":0,"38":0,"39":0,"40":0,"41":0,"42":0,"43":0,"44":0,"45":0,"46":0,"47":0,"48":0,"49":0,"50":0,"51":0,"52":0,"53":0,"54":0,"55":0,"56":0,"57":0,"58":0,"59":0,"60":0,"61":0,"62":0,"63":0,"64":0,"65":0,"66":0,"67":0,"68":0,"69":0,"70":0,"71":0,"72":0,"73":0,"74":0,"75":0,"76":0,"77":0,"78":0,"79":0,"80":0,"81":0,"82":0,"83":0,"84":0,"85":0,"86":0,"87":0,"88":0,"89":0,"90":0,"91":0,"92":0,"93":0,"94":0,"95":0,"96":0,"97":0,"98":0,"99":0,"100":0,"101":0,"102":0,"103":0,"104":0,"105":0,"106":0,"107":0,"108":0,"109":0},"f":{"0":0,"1":0,"2":0,"3":0,"4":0,"5":0,"6":0,"7":0,"8":0,"9":0,"10":0,"11":0,"12":0,"13":0,"14":0,"15":0},"b":{"0":[0],"1":[0,0],"2":[0],"3":[0,0,0],"4":[0],"5":[0],"6":[0,0,0],"7":[0,0],"8":[0,0],"9":[0,0],"10":[0],"11":[0,0],"12":[0,0],"13":[0,0],"14":[0,0],"15":[0,0],"16":[0,0],"17":[0],"18":[0,0],"19":[0],"20":[0,0],"21":[0],"22":[0,0],"23":[0],"24":[0],"25":[0,0],"26":[0,0,0],"27":[0,0,0,0,0,0,0],"28":[0],"29":[0,0],"30":[0],"31":[0],"32":[0],"33":[0]}}
,"/Users/maksimtereshin/Projects/Personal/biz-assess-platform/backend/src/telegram/guards/webhook-verification.guard.ts": {"path":"/Users/maksimtereshin/Projects/Personal/biz-assess-platform/backend/src/telegram/guards/webhook-verification.guard.ts","statementMap":{"0":{"start":{"line":1,"column":0},"end":{"line":1,"column":null}},"1":{"start":{"line":7,"column":0},"end":{"line":7,"column":47}},"2":{"start":{"line":8,"column":0},"end":{"line":8,"column":33}},"3":{"start":{"line":11,"column":7},"end":{"line":48,"column":null}},"4":{"start":{"line":12,"column":22},"end":{"line":12,"column":37}},"5":{"start":{"line":15,"column":20},"end":{"line":15,"column":55}},"6":{"start":{"line":16,"column":24},"end":{"line":16,"column":76}},"7":{"start":{"line":18,"column":4},"end":{"line":20,"column":5}},"8":{"start":{"line":19,"column":6},"end":{"line":19,"column":75}},"9":{"start":{"line":23,"column":25},"end":{"line":23,"column":75}},"10":{"start":{"line":25,"column":4},"end":{"line":27,"column":5}},"11":{"start":{"line":26,"column":6},"end":{"line":26,"column":68}},"12":{"start":{"line":30,"column":20},"end":{"line":30,"column":48}},"13":{"start":{"line":31,"column":25},"end":{"line":34,"column":20}},"14":{"start":{"line":37,"column":20},"end":{"line":39,"column":null}},"15":{"start":{"line":42,"column":4},"end":{"line":44,"column":5}},"16":{"start":{"line":43,"column":6},"end":{"line":43,"column":68}},"17":{"start":{"line":46,"column":4},"end":{"line":46,"column":16}},"18":{"start":{"line":11,"column":13},"end":{"line":11,"column":37}},"19":{"start":{"line":11,"column":13},"end":{"line":48,"column":null}}},"fnMap":{"0":{"name":"(anonymous_2)","decl":{"start":{"line":12,"column":2},"end":{"line":12,"column":22}},"loc":{"start":{"line":12,"column":50},"end":{"line":12,"column":54}}},"1":{"name":"(anonymous_3)","decl":{"start":{"line":14,"column":2},"end":{"line":14,"column":13}},"loc":{"start":{"line":14,"column":39},"end":{"line":47,"column":3}}}},"branchMap":{"0":{"loc":{"start":{"line":18,"column":4},"end":{"line":20,"column":5}},"type":"if","locations":[{"start":{"line":18,"column":4},"end":{"line":20,"column":5}}]},"1":{"loc":{"start":{"line":25,"column":4},"end":{"line":27,"column":5}},"type":"if","locations":[{"start":{"line":25,"column":4},"end":{"line":27,"column":5}}]},"2":{"loc":{"start":{"line":42,"column":4},"end":{"line":44,"column":5}},"type":"if","locations":[{"start":{"line":42,"column":4},"end":{"line":44,"column":5}}]}},"s":{"0":0,"1":0,"2":0,"3":0,"4":0,"5":0,"6":0,"7":0,"8":0,"9":0,"10":0,"11":0,"12":0,"13":0,"14":0,"15":0,"16":0,"17":0,"18":0,"19":0},"f":{"0":0,"1":0},"b":{"0":[0],"1":[0],"2":[0]}}
}
