TN:
SF:src/app.module.ts
FN:80,(anonymous_2)
FN:82,(anonymous_3)
FNF:2
FNH:0
FNDA:0,(anonymous_2)
FNDA:0,(anonymous_3)
DA:1,0
DA:2,0
DA:3,0
DA:4,0
DA:5,0
DA:6,0
DA:7,0
DA:8,0
DA:9,0
DA:10,0
DA:11,0
DA:12,0
DA:13,0
DA:14,0
DA:15,0
DA:16,0
DA:17,0
DA:18,0
DA:79,0
DA:80,0
DA:84,0
LF:21
LH:0
BRDA:50,0,0,0
BRDA:50,0,1,0
BRDA:51,1,0,0
BRDA:51,1,1,0
BRDA:52,2,0,0
BRDA:52,2,1,0
BRDA:53,3,0,0
BRDA:53,3,1,0
BRDA:54,4,0,0
BRDA:54,4,1,0
BRF:10
BRH:0
end_of_record
TN:
SF:src/main.ts
FN:5,bootstrap
FN:22,(anonymous_1)
FN:42,(anonymous_2)
FNF:3
FNH:0
FNDA:0,bootstrap
FNDA:0,(anonymous_1)
FNDA:0,(anonymous_2)
DA:1,0
DA:2,0
DA:3,0
DA:6,0
DA:9,0
DA:18,0
DA:21,0
DA:22,0
DA:26,0
DA:34,0
DA:39,0
DA:41,0
DA:44,0
DA:45,0
DA:49,0
DA:50,0
DA:54,0
DA:55,0
DA:59,0
DA:60,0
DA:61,0
DA:65,0
DA:66,0
DA:69,0
DA:84,0
DA:85,0
DA:87,0
DA:90,0
LF:28
LH:0
BRDA:21,0,0,0
BRDA:21,0,1,0
BRDA:27,1,0,0
BRDA:27,1,1,0
BRDA:28,2,0,0
BRDA:28,2,1,0
BRDA:29,3,0,0
BRDA:29,3,1,0
BRDA:30,4,0,0
BRDA:30,4,1,0
BRDA:44,5,0,0
BRDA:49,6,0,0
BRDA:49,7,0,0
BRDA:49,7,1,0
BRDA:54,8,0,0
BRDA:59,9,0,0
BRDA:59,10,0,0
BRDA:59,10,1,0
BRDA:65,11,0,0
BRDA:65,12,0,0
BRDA:65,12,1,0
BRDA:65,12,2,0
BRDA:84,13,0,0
BRDA:84,13,1,0
BRF:24
BRH:0
end_of_record
TN:
SF:src/analytics/analytics.constants.ts
FN:5,(anonymous_0)
FN:11,(anonymous_1)
FNF:2
FNH:0
FNDA:0,(anonymous_0)
FNDA:0,(anonymous_1)
DA:5,0
DA:6,0
DA:7,0
DA:8,0
DA:11,0
DA:12,0
DA:13,0
DA:16,0
LF:8
LH:0
BRDA:5,0,0,0
BRDA:5,0,1,0
BRDA:11,1,0,0
BRDA:11,1,1,0
BRF:4
BRH:0
end_of_record
TN:
SF:src/analytics/analytics.module.ts
FNF:0
FNH:0
DA:1,0
DA:2,0
DA:3,0
DA:4,0
DA:5,0
DA:6,0
DA:7,0
DA:16,0
LF:8
LH:0
BRF:0
BRH:0
end_of_record
TN:
SF:src/analytics/analytics.service.ts
FN:16,(anonymous_4)
FN:32,(anonymous_5)
FN:45,(anonymous_6)
FN:64,(anonymous_7)
FN:92,(anonymous_8)
FN:122,(anonymous_9)
FN:156,(anonymous_10)
FN:166,(anonymous_11)
FN:178,(anonymous_12)
FN:209,(anonymous_13)
FN:230,(anonymous_14)
FN:249,(anonymous_15)
FN:266,(anonymous_16)
FN:278,(anonymous_17)
FN:299,(anonymous_18)
FN:316,(anonymous_19)
FN:328,(anonymous_20)
FN:348,(anonymous_21)
FN:361,(anonymous_22)
FN:367,(anonymous_23)
FN:380,(anonymous_24)
FN:390,(anonymous_25)
FNF:22
FNH:0
FNDA:0,(anonymous_4)
FNDA:0,(anonymous_5)
FNDA:0,(anonymous_6)
FNDA:0,(anonymous_7)
FNDA:0,(anonymous_8)
FNDA:0,(anonymous_9)
FNDA:0,(anonymous_10)
FNDA:0,(anonymous_11)
FNDA:0,(anonymous_12)
FNDA:0,(anonymous_13)
FNDA:0,(anonymous_14)
FNDA:0,(anonymous_15)
FNDA:0,(anonymous_16)
FNDA:0,(anonymous_17)
FNDA:0,(anonymous_18)
FNDA:0,(anonymous_19)
FNDA:0,(anonymous_20)
FNDA:0,(anonymous_21)
FNDA:0,(anonymous_22)
FNDA:0,(anonymous_23)
FNDA:0,(anonymous_24)
FNDA:0,(anonymous_25)
DA:1,0
DA:2,0
DA:3,0
DA:4,0
DA:5,0
DA:6,0
DA:7,0
DA:9,0
DA:12,0
DA:13,0
DA:14,0
DA:18,0
DA:20,0
DA:22,0
DA:24,0
DA:33,0
DA:34,0
DA:35,0
DA:37,0
DA:38,0
DA:39,0
DA:49,0
DA:50,0
DA:53,0
DA:68,0
DA:74,0
DA:76,0
DA:82,0
DA:84,0
DA:97,0
DA:102,0
DA:103,0
DA:109,0
DA:111,0
DA:112,0
DA:116,0
DA:127,0
DA:131,0
DA:132,0
DA:135,0
DA:140,0
DA:142,0
DA:150,0
DA:157,0
DA:164,0
DA:166,0
DA:167,0
DA:168,0
DA:169,0
DA:172,0
DA:183,0
DA:190,0
DA:191,0
DA:197,0
DA:199,0
DA:201,0
DA:213,0
DA:218,0
DA:219,0
DA:222,0
DA:231,0
DA:232,0
DA:233,0
DA:235,0
DA:241,0
DA:242,0
DA:243,0
DA:250,0
DA:260,0
DA:267,0
DA:268,0
DA:270,0
DA:272,0
DA:279,0
DA:281,0
DA:283,0
DA:289,0
DA:291,0
DA:300,0
DA:316,0
DA:329,0
DA:348,0
DA:362,0
DA:368,0
DA:369,0
DA:371,0
DA:372,0
DA:373,0
DA:374,0
DA:377,0
DA:381,0
DA:391,0
LF:92
LH:0
BRDA:35,0,0,0
BRDA:49,1,0,0
BRDA:49,2,0,0
BRDA:49,2,1,0
BRDA:74,3,0,0
BRDA:102,4,0,0
BRDA:102,5,0,0
BRDA:102,5,1,0
BRDA:131,6,0,0
BRDA:131,7,0,0
BRDA:131,7,1,0
BRDA:140,8,0,0
BRDA:164,9,0,0
BRDA:190,10,0,0
BRDA:190,11,0,0
BRDA:190,11,1,0
BRDA:199,12,0,0
BRDA:199,13,0,0
BRDA:199,13,1,0
BRDA:218,14,0,0
BRDA:218,15,0,0
BRDA:218,15,1,0
BRDA:233,16,0,0
BRDA:241,17,0,0
BRDA:241,17,1,0
BRDA:260,18,0,0
BRDA:260,18,1,0
BRDA:270,19,0,0
BRDA:281,20,0,0
BRDA:289,21,0,0
BRDA:289,21,1,0
BRDA:299,22,0,0
BRDA:328,23,0,0
BRDA:361,24,0,0
BRDA:369,25,0,0
BRDA:372,26,0,0
BRF:36
BRH:0
end_of_record
TN:
SF:src/auth/auth.controller.ts
FN:24,(anonymous_4)
FN:27,(anonymous_5)
FN:34,(anonymous_6)
FN:50,(anonymous_7)
FN:59,(anonymous_8)
FN:69,(anonymous_9)
FNF:6
FNH:0
FNDA:0,(anonymous_4)
FNDA:0,(anonymous_5)
FNDA:0,(anonymous_6)
FNDA:0,(anonymous_7)
FNDA:0,(anonymous_8)
FNDA:0,(anonymous_9)
DA:1,0
DA:10,0
DA:11,0
DA:12,0
DA:13,0
DA:14,0
DA:15,0
DA:23,0
DA:24,0
DA:27,0
DA:30,0
DA:34,0
DA:38,0
DA:43,0
DA:50,0
DA:51,0
DA:52,0
DA:53,0
DA:55,0
DA:59,0
DA:60,0
DA:61,0
DA:62,0
DA:64,0
DA:69,0
DA:71,0
LF:26
LH:0
BRDA:52,0,0,0
BRDA:61,1,0,0
BRF:2
BRH:0
end_of_record
TN:
SF:src/auth/auth.module.ts
FN:13,(anonymous_1)
FNF:1
FNH:0
FNDA:0,(anonymous_1)
DA:1,0
DA:2,0
DA:3,0
DA:4,0
DA:5,0
DA:13,0
DA:19,0
LF:7
LH:0
BRDA:10,0,0,0
BRDA:10,0,1,0
BRF:2
BRH:0
end_of_record
TN:
SF:src/auth/auth.service.ts
FN:10,(anonymous_2)
FN:19,(anonymous_3)
FN:64,(anonymous_4)
FN:65,(anonymous_5)
FN:148,(anonymous_6)
FN:170,(anonymous_7)
FN:182,(anonymous_8)
FN:228,(anonymous_9)
FNF:8
FNH:0
FNDA:0,(anonymous_2)
FNDA:0,(anonymous_3)
FNDA:0,(anonymous_4)
FNDA:0,(anonymous_5)
FNDA:0,(anonymous_6)
FNDA:0,(anonymous_7)
FNDA:0,(anonymous_8)
FNDA:0,(anonymous_9)
DA:1,0
DA:2,0
DA:4,0
DA:6,0
DA:9,0
DA:11,0
DA:12,0
DA:20,0
DA:21,0
DA:22,0
DA:25,0
DA:26,0
DA:27,0
DA:30,0
DA:32,0
DA:33,0
DA:36,0
DA:37,0
DA:38,0
DA:39,0
DA:42,0
DA:43,0
DA:44,0
DA:47,0
DA:48,0
DA:49,0
DA:53,0
DA:54,0
DA:55,0
DA:57,0
DA:58,0
DA:59,0
DA:63,0
DA:64,0
DA:65,0
DA:68,0
DA:71,0
DA:72,0
DA:75,0
DA:76,0
DA:77,0
DA:80,0
DA:81,0
DA:82,0
DA:83,0
DA:84,0
DA:87,0
DA:90,0
DA:91,0
DA:93,0
DA:94,0
DA:95,0
DA:98,0
DA:99,0
DA:101,0
DA:102,0
DA:104,0
DA:105,0
DA:106,0
DA:110,0
DA:111,0
DA:112,0
DA:115,0
DA:129,0
DA:130,0
DA:132,0
DA:138,0
DA:139,0
DA:149,0
DA:152,0
DA:153,0
DA:155,0
DA:158,0
DA:160,0
DA:171,0
DA:172,0
DA:173,0
DA:175,0
DA:186,0
DA:187,0
DA:188,0
DA:191,0
DA:194,0
DA:197,0
DA:199,0
DA:206,0
DA:213,0
DA:222,0
DA:231,0
DA:232,0
DA:233,0
DA:234,0
DA:236,0
DA:241,0
LF:94
LH:0
BRDA:21,0,0,0
BRDA:21,0,1,0
BRDA:25,1,0,0
BRDA:25,2,0,0
BRDA:25,2,1,0
BRDA:47,3,0,0
BRDA:55,4,0,0
BRDA:55,4,1,0
BRDA:57,5,0,0
BRDA:80,6,0,0
BRDA:93,7,0,0
BRDA:104,8,0,0
BRDA:153,9,0,0
BRDA:153,9,1,0
BRDA:156,10,0,0
BRDA:156,10,1,0
BRDA:187,11,0,0
BRDA:197,12,0,0
BRDA:197,12,1,0
BRDA:233,13,0,0
BRF:20
BRH:0
end_of_record
TN:
SF:src/auth/jwt-auth.guard.ts
FN:11,(anonymous_2)
FN:13,(anonymous_3)
FN:31,(anonymous_4)
FNF:3
FNH:0
FNDA:0,(anonymous_2)
FNDA:0,(anonymous_3)
FNDA:0,(anonymous_4)
DA:1,0
DA:7,0
DA:10,0
DA:11,0
DA:14,0
DA:15,0
DA:17,0
DA:18,0
DA:21,0
DA:22,0
DA:23,0
DA:27,0
DA:28,0
DA:32,0
DA:33,0
LF:15
LH:0
BRDA:17,0,0,0
BRDA:22,1,0,0
BRDA:32,2,0,0
BRDA:32,2,1,0
BRDA:33,3,0,0
BRDA:33,3,1,0
BRF:6
BRH:0
end_of_record
TN:
SF:src/auth/dto/authenticate.dto.ts
FNF:0
FNH:0
DA:1,0
DA:8,0
DA:10,0
DA:15,0
DA:19,0
LF:5
LH:0
BRF:0
BRH:0
end_of_record
TN:
SF:src/auth/dto/login.dto.ts
FNF:0
FNH:0
DA:1,0
DA:3,0
DA:7,0
LF:3
LH:0
BRF:0
BRH:0
end_of_record
TN:
SF:src/auth/dto/telegram-auth.dto.ts
FNF:0
FNH:0
DA:1,0
DA:3,0
DA:6,0
LF:3
LH:0
BRF:0
BRH:0
end_of_record
TN:
SF:src/auth/dto/validate-token.dto.ts
FNF:0
FNH:0
DA:1,0
DA:3,0
DA:8,0
LF:3
LH:0
BRF:0
BRH:0
end_of_record
TN:
SF:src/common/common.module.ts
FNF:0
FNH:0
DA:1,0
DA:2,0
DA:14,0
LF:3
LH:0
BRF:0
BRH:0
end_of_record
TN:
SF:src/common/guards/development-only.guard.ts
FN:11,(anonymous_2)
FN:13,(anonymous_3)
FNF:2
FNH:0
FNDA:0,(anonymous_2)
FNDA:0,(anonymous_3)
DA:1,0
DA:7,0
DA:10,0
DA:11,0
DA:14,0
DA:16,0
DA:17,0
DA:22,0
LF:8
LH:0
BRDA:16,0,0,0
BRF:1
BRH:0
end_of_record
TN:
SF:src/common/services/migration-runner.service.ts
FN:15,(anonymous_4)
FN:17,(anonymous_5)
FN:24,(anonymous_6)
FN:41,(anonymous_7)
FN:82,(anonymous_8)
FN:93,(anonymous_9)
FN:101,(anonymous_10)
FNF:7
FNH:0
FNDA:0,(anonymous_4)
FNDA:0,(anonymous_5)
FNDA:0,(anonymous_6)
FNDA:0,(anonymous_7)
FNDA:0,(anonymous_8)
FNDA:0,(anonymous_9)
FNDA:0,(anonymous_10)
DA:1,0
DA:2,0
DA:3,0
DA:4,0
DA:5,0
DA:12,0
DA:13,0
DA:15,0
DA:19,0
DA:20,0
DA:25,0
DA:26,0
DA:29,0
DA:31,0
DA:34,0
DA:35,0
DA:36,0
DA:40,0
DA:41,0
DA:44,0
DA:45,0
DA:46,0
DA:50,0
DA:52,0
DA:54,0
DA:55,0
DA:56,0
DA:59,0
DA:60,0
DA:62,0
DA:64,0
DA:65,0
DA:66,0
DA:67,0
DA:69,0
DA:70,0
DA:74,0
DA:76,0
DA:83,0
DA:90,0
DA:94,0
DA:98,0
DA:102,0
LF:43
LH:0
BRDA:19,0,0,0
BRDA:19,1,0,0
BRDA:19,1,1,0
BRDA:34,2,0,0
BRDA:44,3,0,0
BRDA:54,4,0,0
BRF:6
BRH:0
end_of_record
TN:
SF:src/common/services/query-cache.service.ts
FN:10,(anonymous_1)
FN:19,(anonymous_2)
FN:42,(anonymous_3)
FN:57,(anonymous_4)
FN:77,(anonymous_5)
FN:85,(anonymous_6)
FN:98,(anonymous_7)
FN:106,(anonymous_8)
FN:131,(anonymous_9)
FNF:9
FNH:0
FNDA:0,(anonymous_1)
FNDA:0,(anonymous_2)
FNDA:0,(anonymous_3)
FNDA:0,(anonymous_4)
FNDA:0,(anonymous_5)
FNDA:0,(anonymous_6)
FNDA:0,(anonymous_7)
FNDA:0,(anonymous_8)
FNDA:0,(anonymous_9)
DA:1,2
DA:10,2
DA:11,0
DA:12,0
DA:20,0
DA:22,0
DA:23,0
DA:26,0
DA:27,0
DA:29,0
DA:30,0
DA:33,0
DA:43,0
DA:62,0
DA:64,0
DA:65,0
DA:68,0
DA:69,0
DA:70,0
DA:78,0
DA:86,0
DA:88,0
DA:89,0
DA:90,0
DA:99,0
DA:111,0
DA:114,0
DA:115,0
DA:116,0
DA:117,0
DA:120,0
DA:132,0
DA:134,0
DA:135,0
DA:136,0
LF:35
LH:2
BRDA:22,0,0,0
BRDA:27,1,0,0
BRDA:46,2,0,0
BRDA:46,2,1,0
BRDA:64,3,0,0
BRDA:89,4,0,0
BRDA:135,5,0,0
BRF:7
BRH:0
end_of_record
TN:
SF:src/common/test/import-compatibility.test.ts
FN:8,(anonymous_0)
FN:9,(anonymous_1)
FN:10,(anonymous_2)
FN:16,(anonymous_3)
FN:22,(anonymous_4)
FN:44,(anonymous_5)
FN:45,(anonymous_6)
FN:50,(anonymous_7)
FNF:8
FNH:0
FNDA:0,(anonymous_0)
FNDA:0,(anonymous_1)
FNDA:0,(anonymous_2)
FNDA:0,(anonymous_3)
FNDA:0,(anonymous_4)
FNDA:0,(anonymous_5)
FNDA:0,(anonymous_6)
FNDA:0,(anonymous_7)
DA:1,0
DA:8,0
DA:9,0
DA:10,0
DA:11,0
DA:12,0
DA:13,0
DA:16,0
DA:17,0
DA:18,0
DA:19,0
DA:22,0
DA:24,0
DA:30,0
DA:39,0
DA:40,0
DA:44,0
DA:45,0
DA:46,0
DA:47,0
DA:50,0
DA:53,0
DA:54,0
DA:55,0
DA:56,0
LF:25
LH:0
BRF:0
BRH:0
end_of_record
TN:
SF:src/common/utils/analytics-calculator.util.ts
FN:7,(anonymous_2)
FN:13,(anonymous_3)
FN:28,(anonymous_4)
FN:46,(anonymous_5)
FN:52,(anonymous_6)
FN:62,(anonymous_7)
FN:63,(anonymous_8)
FN:69,(anonymous_9)
FN:95,(anonymous_10)
FN:96,(anonymous_11)
FN:97,(anonymous_12)
FN:104,(anonymous_13)
FN:105,(anonymous_14)
FN:108,(anonymous_15)
FN:118,(anonymous_16)
FN:125,(anonymous_17)
FN:128,(anonymous_18)
FN:135,(anonymous_19)
FN:213,(anonymous_20)
FN:230,(anonymous_21)
FN:269,(anonymous_22)
FN:287,(anonymous_23)
FN:312,(anonymous_24)
FN:329,(anonymous_25)
FN:346,(anonymous_26)
FN:357,(anonymous_27)
FNF:26
FNH:0
FNDA:0,(anonymous_2)
FNDA:0,(anonymous_3)
FNDA:0,(anonymous_4)
FNDA:0,(anonymous_5)
FNDA:0,(anonymous_6)
FNDA:0,(anonymous_7)
FNDA:0,(anonymous_8)
FNDA:0,(anonymous_9)
FNDA:0,(anonymous_10)
FNDA:0,(anonymous_11)
FNDA:0,(anonymous_12)
FNDA:0,(anonymous_13)
FNDA:0,(anonymous_14)
FNDA:0,(anonymous_15)
FNDA:0,(anonymous_16)
FNDA:0,(anonymous_17)
FNDA:0,(anonymous_18)
FNDA:0,(anonymous_19)
FNDA:0,(anonymous_20)
FNDA:0,(anonymous_21)
FNDA:0,(anonymous_22)
FNDA:0,(anonymous_23)
FNDA:0,(anonymous_24)
FNDA:0,(anonymous_25)
FNDA:0,(anonymous_26)
FNDA:0,(anonymous_27)
DA:1,2
DA:3,2
DA:6,2
DA:7,0
DA:17,0
DA:18,0
DA:28,0
DA:29,0
DA:32,0
DA:35,0
DA:36,0
DA:40,0
DA:41,0
DA:43,0
DA:45,0
DA:46,0
DA:47,0
DA:50,0
DA:52,0
DA:54,0
DA:55,0
DA:57,0
DA:61,0
DA:62,0
DA:63,0
DA:66,0
DA:68,0
DA:69,0
DA:72,0
DA:73,0
DA:75,0
DA:81,0
DA:96,0
DA:97,0
DA:105,0
DA:106,0
DA:109,0
DA:119,0
DA:128,0
DA:142,0
DA:145,0
DA:152,0
DA:154,0
DA:155,0
DA:158,0
DA:164,0
DA:172,0
DA:173,0
DA:174,0
DA:176,0
DA:183,0
DA:191,0
DA:194,0
DA:220,0
DA:223,0
DA:230,0
DA:231,0
DA:233,0
DA:250,0
DA:276,0
DA:296,0
DA:297,0
DA:298,0
DA:299,0
DA:302,0
DA:303,0
DA:305,0
DA:306,0
DA:307,0
DA:308,0
DA:312,0
DA:313,0
DA:314,0
DA:317,0
DA:330,0
DA:331,0
DA:353,0
DA:356,0
DA:357,0
DA:360,0
DA:361,0
DA:364,0
DA:367,0
DA:373,0
DA:381,0
DA:382,0
DA:383,0
DA:385,0
DA:392,0
DA:400,0
LF:90
LH:3
BRDA:17,0,0,0
BRDA:35,1,0,0
BRDA:43,2,0,0
BRDA:50,3,0,0
BRDA:50,3,1,0
BRDA:55,4,0,0
BRDA:55,4,1,0
BRDA:66,5,0,0
BRDA:66,5,1,0
BRDA:73,6,0,0
BRDA:73,6,1,0
BRDA:85,7,0,0
BRDA:85,7,1,0
BRDA:119,8,0,0
BRDA:119,8,1,0
BRDA:119,8,2,0
BRDA:155,9,0,0
BRDA:155,9,1,0
BRDA:167,10,0,0
BRDA:167,10,1,0
BRDA:172,11,0,0
BRDA:174,12,0,0
BRDA:174,12,1,0
BRDA:186,13,0,0
BRDA:186,13,1,0
BRDA:198,14,0,0
BRDA:198,14,1,0
BRDA:231,15,0,0
BRDA:231,15,1,0
BRDA:254,16,0,0
BRDA:254,16,1,0
BRDA:303,17,0,0
BRDA:303,17,1,0
BRDA:312,18,0,0
BRDA:312,18,1,0
BRDA:313,19,0,0
BRDA:360,20,0,0
BRDA:364,21,0,0
BRDA:364,21,1,0
BRDA:376,22,0,0
BRDA:376,22,1,0
BRDA:381,23,0,0
BRDA:383,24,0,0
BRDA:383,24,1,0
BRDA:395,25,0,0
BRDA:395,25,1,0
BRF:46
BRH:0
end_of_record
TN:
SF:src/common/utils/pdf-generator.util.ts
FN:12,(anonymous_2)
FN:25,(anonymous_3)
FN:29,(anonymous_4)
FN:43,(anonymous_5)
FN:50,(anonymous_6)
FN:82,(anonymous_7)
FN:157,(anonymous_8)
FN:202,(anonymous_9)
FN:283,(anonymous_10)
FN:298,(anonymous_11)
FN:313,(anonymous_12)
FN:326,(anonymous_13)
FN:367,(anonymous_14)
FN:377,(anonymous_15)
FN:396,(anonymous_16)
FN:431,(anonymous_17)
FN:442,(anonymous_18)
FN:456,(anonymous_19)
FN:463,(anonymous_20)
FNF:19
FNH:0
FNDA:0,(anonymous_2)
FNDA:0,(anonymous_3)
FNDA:0,(anonymous_4)
FNDA:0,(anonymous_5)
FNDA:0,(anonymous_6)
FNDA:0,(anonymous_7)
FNDA:0,(anonymous_8)
FNDA:0,(anonymous_9)
FNDA:0,(anonymous_10)
FNDA:0,(anonymous_11)
FNDA:0,(anonymous_12)
FNDA:0,(anonymous_13)
FNDA:0,(anonymous_14)
FNDA:0,(anonymous_15)
FNDA:0,(anonymous_16)
FNDA:0,(anonymous_17)
FNDA:0,(anonymous_18)
FNDA:0,(anonymous_19)
FNDA:0,(anonymous_20)
DA:1,2
DA:3,2
DA:4,2
DA:5,2
DA:6,2
DA:9,2
DA:10,0
DA:12,0
DA:14,0
DA:29,0
DA:30,0
DA:32,0
DA:40,0
DA:42,0
DA:43,0
DA:44,0
DA:45,0
DA:48,0
DA:50,0
DA:51,0
DA:52,0
DA:56,0
DA:59,0
DA:60,0
DA:61,0
DA:62,0
DA:68,0
DA:70,0
DA:72,0
DA:73,0
DA:89,0
DA:96,0
DA:109,0
DA:118,0
DA:119,0
DA:130,0
DA:131,0
DA:132,0
DA:134,0
DA:135,0
DA:138,0
DA:142,0
DA:145,0
DA:150,0
DA:156,0
DA:157,0
DA:158,0
DA:160,0
DA:175,0
DA:178,0
DA:179,0
DA:206,0
DA:209,0
DA:211,0
DA:220,0
DA:227,0
DA:228,0
DA:239,0
DA:240,0
DA:246,0
DA:247,0
DA:250,0
DA:251,0
DA:255,0
DA:264,0
DA:265,0
DA:284,0
DA:286,0
DA:287,0
DA:289,0
DA:290,0
DA:294,0
DA:299,0
DA:300,0
DA:313,0
DA:322,0
DA:326,0
DA:368,0
DA:377,0
DA:380,0
DA:384,0
DA:386,0
DA:388,0
DA:389,0
DA:397,0
DA:399,0
DA:400,0
DA:402,0
DA:403,0
DA:405,0
DA:421,0
DA:424,0
DA:432,0
DA:433,0
DA:434,0
DA:435,0
DA:443,0
DA:455,0
DA:456,0
DA:457,0
DA:458,0
DA:459,0
DA:462,0
DA:463,0
DA:464,0
DA:470,0
LF:106
LH:6
BRDA:27,0,0,0
BRDA:46,1,0,0
BRDA:46,1,1,0
BRDA:59,2,0,0
BRDA:59,3,0,0
BRDA:59,3,1,0
BRDA:59,3,2,0
BRDA:61,4,0,0
BRDA:61,5,0,0
BRDA:61,5,1,0
BRDA:100,6,0,0
BRDA:100,6,1,0
BRDA:112,7,0,0
BRDA:112,7,1,0
BRDA:118,8,0,0
BRDA:132,9,0,0
BRDA:134,10,0,0
BRDA:156,11,0,0
BRDA:156,12,0,0
BRDA:156,12,1,0
BRDA:158,13,0,0
BRDA:158,13,1,0
BRDA:168,14,0,0
BRDA:168,14,1,0
BRDA:178,15,0,0
BRDA:209,16,0,0
BRDA:209,16,1,0
BRDA:227,17,0,0
BRDA:239,18,0,0
BRDA:239,19,0,0
BRDA:239,19,1,0
BRDA:247,20,0,0
BRDA:247,20,1,0
BRDA:250,21,0,0
BRDA:264,22,0,0
BRDA:289,23,0,0
BRDA:289,24,0,0
BRDA:289,24,1,0
BRDA:311,25,0,0
BRDA:311,25,1,0
BRDA:432,26,0,0
BRDA:433,27,0,0
BRDA:434,28,0,0
BRDA:447,29,0,0
BRDA:447,29,1,0
BRDA:450,30,0,0
BRDA:450,30,1,0
BRDA:455,31,0,0
BRDA:455,32,0,0
BRDA:455,32,1,0
BRDA:458,33,0,0
BRDA:462,34,0,0
BRDA:462,35,0,0
BRDA:462,35,1,0
BRF:54
BRH:0
end_of_record
TN:
SF:src/data/seed-surveys.ts
FN:7,seedSurveys
FN:23,(anonymous_1)
FNF:2
FNH:0
FNDA:0,seedSurveys
FNDA:0,(anonymous_1)
DA:2,0
DA:3,0
DA:4,0
DA:5,0
DA:7,0
DA:8,0
DA:9,0
DA:12,0
DA:13,0
DA:14,0
DA:15,0
DA:19,0
DA:20,0
DA:23,0
DA:24,0
DA:32,0
DA:33,0
LF:17
LH:0
BRDA:13,0,0,0
BRF:1
BRH:0
end_of_record
TN:
SF:src/entities/answer.entity.ts
FN:26,(anonymous_2)
FN:26,(anonymous_3)
FNF:2
FNH:0
FNDA:0,(anonymous_2)
FNDA:0,(anonymous_3)
DA:1,2
DA:9,2
DA:12,2
DA:14,2
DA:17,2
DA:20,2
DA:23,2
DA:26,0
DA:28,2
LF:9
LH:8
BRF:0
BRH:0
end_of_record
TN:
SF:src/entities/index.ts
FN:6,(anonymous_0)
FN:7,(anonymous_1)
FN:8,(anonymous_2)
FN:9,(anonymous_3)
FN:10,(anonymous_4)
FN:11,(anonymous_5)
FN:12,(anonymous_6)
FN:13,(anonymous_7)
FNF:8
FNH:3
FNDA:0,(anonymous_0)
FNDA:0,(anonymous_1)
FNDA:48,(anonymous_2)
FNDA:48,(anonymous_3)
FNDA:40,(anonymous_4)
FNDA:0,(anonymous_5)
FNDA:0,(anonymous_6)
FNDA:0,(anonymous_7)
DA:6,2
DA:7,2
DA:8,50
DA:9,50
DA:10,42
DA:11,2
DA:12,2
DA:13,2
LF:8
LH:8
BRF:0
BRH:0
end_of_record
TN:
SF:src/entities/payment.entity.ts
FN:51,(anonymous_2)
FN:51,(anonymous_3)
FN:55,(anonymous_4)
FN:55,(anonymous_5)
FN:59,(anonymous_6)
FN:59,(anonymous_7)
FNF:6
FNH:0
FNDA:0,(anonymous_2)
FNDA:0,(anonymous_3)
FNDA:0,(anonymous_4)
FNDA:0,(anonymous_5)
FNDA:0,(anonymous_6)
FNDA:0,(anonymous_7)
DA:1,2
DA:10,2
DA:11,2
DA:12,2
DA:15,2
DA:17,2
DA:20,2
DA:23,2
DA:26,2
DA:29,2
DA:32,2
DA:35,2
DA:42,2
DA:45,2
DA:48,2
DA:51,0
DA:53,2
DA:55,0
DA:57,2
DA:59,0
DA:61,2
LF:21
LH:18
BRF:0
BRH:0
end_of_record
TN:
SF:src/entities/referral-code.entity.ts
FN:25,(anonymous_2)
FN:25,(anonymous_3)
FN:30,(anonymous_4)
FN:31,(anonymous_5)
FNF:4
FNH:0
FNDA:0,(anonymous_2)
FNDA:0,(anonymous_3)
FNDA:0,(anonymous_4)
FNDA:0,(anonymous_5)
DA:1,2
DA:10,2
DA:11,2
DA:14,2
DA:16,2
DA:19,2
DA:22,2
DA:25,0
DA:27,2
DA:30,0
DA:31,0
DA:33,2
LF:12
LH:9
BRF:0
BRH:0
end_of_record
TN:
SF:src/entities/referral-usage.entity.ts
FN:27,(anonymous_2)
FN:27,(anonymous_3)
FN:31,(anonymous_4)
FN:31,(anonymous_5)
FNF:4
FNH:0
FNDA:0,(anonymous_2)
FNDA:0,(anonymous_3)
FNDA:0,(anonymous_4)
FNDA:0,(anonymous_5)
DA:1,2
DA:9,2
DA:10,2
DA:13,2
DA:15,2
DA:18,2
DA:21,2
DA:24,2
DA:27,0
DA:29,2
DA:31,0
DA:33,2
LF:12
LH:10
BRF:0
BRH:0
end_of_record
TN:
SF:src/entities/report.entity.ts
FN:38,(anonymous_2)
FN:38,(anonymous_3)
FN:42,(anonymous_4)
FN:42,(anonymous_5)
FNF:4
FNH:0
FNDA:0,(anonymous_2)
FNDA:0,(anonymous_3)
FNDA:0,(anonymous_4)
FNDA:0,(anonymous_5)
DA:1,2
DA:10,2
DA:11,2
DA:14,2
DA:16,2
DA:19,2
DA:26,2
DA:29,2
DA:32,2
DA:35,2
DA:38,0
DA:40,2
DA:42,0
DA:43,2
LF:14
LH:12
BRF:0
BRH:0
end_of_record
TN:
SF:src/entities/survey-session.entity.ts
FN:49,(anonymous_2)
FN:49,(anonymous_3)
FN:53,(anonymous_4)
FN:53,(anonymous_5)
FN:57,(anonymous_6)
FN:57,(anonymous_7)
FN:60,(anonymous_8)
FN:60,(anonymous_9)
FN:63,(anonymous_10)
FN:63,(anonymous_11)
FNF:10
FNH:0
FNDA:0,(anonymous_2)
FNDA:0,(anonymous_3)
FNDA:0,(anonymous_4)
FNDA:0,(anonymous_5)
FNDA:0,(anonymous_6)
FNDA:0,(anonymous_7)
FNDA:0,(anonymous_8)
FNDA:0,(anonymous_9)
FNDA:0,(anonymous_10)
FNDA:0,(anonymous_11)
DA:1,2
DA:12,2
DA:13,2
DA:14,2
DA:15,2
DA:16,2
DA:19,2
DA:21,2
DA:24,2
DA:27,2
DA:34,2
DA:40,2
DA:43,2
DA:46,2
DA:49,0
DA:51,2
DA:53,0
DA:55,2
DA:57,0
DA:58,2
DA:60,0
DA:61,2
DA:63,0
DA:64,2
LF:24
LH:19
BRF:0
BRH:0
end_of_record
TN:
SF:src/entities/survey.entity.ts
FN:24,(anonymous_2)
FN:24,(anonymous_3)
FNF:2
FNH:0
FNDA:0,(anonymous_2)
FNDA:0,(anonymous_3)
DA:1,2
DA:2,2
DA:6,2
DA:8,2
DA:15,2
DA:18,2
DA:21,2
DA:24,0
DA:25,2
LF:9
LH:8
BRF:0
BRH:0
end_of_record
TN:
SF:src/entities/user.entity.ts
FN:28,(anonymous_2)
FN:28,(anonymous_3)
FN:31,(anonymous_4)
FN:31,(anonymous_5)
FN:34,(anonymous_6)
FN:34,(anonymous_7)
FN:37,(anonymous_8)
FN:37,(anonymous_9)
FNF:8
FNH:0
FNDA:0,(anonymous_2)
FNDA:0,(anonymous_3)
FNDA:0,(anonymous_4)
FNDA:0,(anonymous_5)
FNDA:0,(anonymous_6)
FNDA:0,(anonymous_7)
FNDA:0,(anonymous_8)
FNDA:0,(anonymous_9)
DA:1,2
DA:8,2
DA:9,2
DA:10,2
DA:11,2
DA:14,2
DA:16,2
DA:19,2
DA:22,2
DA:25,2
DA:28,0
DA:29,2
DA:31,0
DA:32,2
DA:34,0
DA:35,2
DA:37,0
DA:38,2
LF:18
LH:14
BRF:0
BRH:0
end_of_record
TN:
SF:src/excel/excel.module.ts
FNF:0
FNH:0
DA:1,0
DA:2,0
DA:8,0
LF:3
LH:0
BRF:0
BRH:0
end_of_record
TN:
SF:src/excel/excel.service.ts
FN:17,(anonymous_1)
FN:61,(anonymous_2)
FN:80,(anonymous_3)
FN:94,(anonymous_4)
FN:107,(anonymous_5)
FN:127,(anonymous_6)
FN:141,(anonymous_7)
FN:178,(anonymous_8)
FN:193,(anonymous_9)
FN:223,(anonymous_10)
FN:241,(anonymous_11)
FN:283,(anonymous_12)
FN:297,(anonymous_13)
FN:310,(anonymous_14)
FN:325,(anonymous_15)
FN:342,(anonymous_16)
FN:353,(anonymous_17)
FNF:17
FNH:0
FNDA:0,(anonymous_1)
FNDA:0,(anonymous_2)
FNDA:0,(anonymous_3)
FNDA:0,(anonymous_4)
FNDA:0,(anonymous_5)
FNDA:0,(anonymous_6)
FNDA:0,(anonymous_7)
FNDA:0,(anonymous_8)
FNDA:0,(anonymous_9)
FNDA:0,(anonymous_10)
FNDA:0,(anonymous_11)
FNDA:0,(anonymous_12)
FNDA:0,(anonymous_13)
FNDA:0,(anonymous_14)
FNDA:0,(anonymous_15)
FNDA:0,(anonymous_16)
FNDA:0,(anonymous_17)
DA:1,0
DA:2,0
DA:3,0
DA:4,0
DA:7,0
DA:8,0
DA:11,0
DA:18,0
DA:19,0
DA:22,0
DA:25,0
DA:26,0
DA:27,0
DA:30,0
DA:31,0
DA:32,0
DA:33,0
DA:34,0
DA:37,0
DA:38,0
DA:39,0
DA:42,0
DA:45,0
DA:46,0
DA:48,0
DA:49,0
DA:50,0
DA:55,0
DA:62,0
DA:65,0
DA:68,0
DA:72,0
DA:80,0
DA:81,0
DA:85,0
DA:95,0
DA:98,0
DA:101,0
DA:107,0
DA:108,0
DA:111,0
DA:112,0
DA:113,0
DA:118,0
DA:128,0
DA:131,0
DA:141,0
DA:142,0
DA:152,0
DA:153,0
DA:154,0
DA:158,0
DA:159,0
DA:160,0
DA:165,0
DA:179,0
DA:182,0
DA:185,0
DA:193,0
DA:194,0
DA:195,0
DA:198,0
DA:199,0
DA:203,0
DA:204,0
DA:208,0
DA:209,0
DA:214,0
DA:224,0
DA:227,0
DA:238,0
DA:241,0
DA:242,0
DA:253,0
DA:254,0
DA:255,0
DA:260,0
DA:261,0
DA:262,0
DA:265,0
DA:269,0
DA:284,0
DA:287,0
DA:288,0
DA:293,0
DA:294,0
DA:297,0
DA:298,0
DA:311,0
DA:312,0
DA:315,0
DA:326,0
DA:327,0
DA:330,0
DA:343,0
DA:344,0
DA:347,0
DA:354,0
DA:355,0
LF:99
LH:0
BRDA:18,0,0,0
BRDA:48,1,0,0
BRDA:68,2,0,0
BRDA:68,2,1,0
BRDA:68,3,0,0
BRDA:68,3,1,0
BRDA:111,4,0,0
BRDA:111,5,0,0
BRDA:111,5,1,0
BRDA:143,6,0,0
BRDA:143,6,1,0
BRDA:147,7,0,0
BRDA:147,7,1,0
BRDA:148,8,0,0
BRDA:148,8,1,0
BRDA:153,9,0,0
BRDA:159,10,0,0
BRDA:198,11,0,0
BRDA:198,12,0,0
BRDA:198,12,1,0
BRDA:198,12,2,0
BRDA:203,13,0,0
BRDA:203,14,0,0
BRDA:203,14,1,0
BRDA:203,14,2,0
BRDA:208,15,0,0
BRDA:208,16,0,0
BRDA:208,16,1,0
BRDA:208,16,2,0
BRDA:246,17,0,0
BRDA:246,17,1,0
BRDA:248,18,0,0
BRDA:248,18,1,0
BRDA:254,19,0,0
BRDA:260,20,0,0
BRDA:311,21,0,0
BRDA:311,22,0,0
BRDA:311,22,1,0
BRDA:326,23,0,0
BRDA:326,24,0,0
BRDA:326,24,1,0
BRDA:343,25,0,0
BRDA:354,26,0,0
BRF:43
BRH:0
end_of_record
TN:
SF:src/health/health.controller.ts
FN:7,(anonymous_4)
FN:10,(anonymous_5)
FNF:2
FNH:0
FNDA:0,(anonymous_4)
FNDA:0,(anonymous_5)
DA:1,0
DA:2,0
DA:6,0
DA:7,0
DA:10,0
DA:12,0
DA:13,0
DA:14,0
DA:16,0
DA:19,0
DA:29,0
LF:11
LH:0
BRDA:19,0,0,0
BRDA:19,0,1,0
BRDA:23,1,0,0
BRDA:23,1,1,0
BRDA:24,2,0,0
BRDA:24,2,1,0
BRF:6
BRH:0
end_of_record
TN:
SF:src/health/health.module.ts
FNF:0
FNH:0
DA:1,0
DA:2,0
DA:3,0
DA:9,0
LF:4
LH:0
BRF:0
BRH:0
end_of_record
TN:
SF:src/health/health.service.ts
FN:6,(anonymous_2)
FN:8,(anonymous_3)
FNF:2
FNH:0
FNDA:0,(anonymous_2)
FNDA:0,(anonymous_3)
DA:1,0
DA:2,0
DA:5,0
DA:6,0
DA:9,0
DA:11,0
DA:13,0
DA:19,0
LF:8
LH:0
BRF:0
BRH:0
end_of_record
TN:
SF:src/payment/payment.controller.ts
FN:7,(anonymous_4)
FN:11,(anonymous_5)
FN:19,(anonymous_6)
FN:32,(anonymous_7)
FN:53,(anonymous_8)
FNF:5
FNH:0
FNDA:0,(anonymous_4)
FNDA:0,(anonymous_5)
FNDA:0,(anonymous_6)
FNDA:0,(anonymous_7)
FNDA:0,(anonymous_8)
DA:1,0
DA:2,0
DA:3,0
DA:6,0
DA:7,0
DA:11,0
DA:15,0
DA:19,0
DA:21,0
DA:23,0
DA:24,0
DA:26,0
DA:29,0
DA:34,0
DA:37,0
DA:39,0
DA:40,0
DA:45,0
DA:55,0
DA:58,0
DA:63,0
LF:21
LH:0
BRDA:21,0,0,0
BRDA:21,0,1,0
BRDA:24,1,0,0
BRDA:39,2,0,0
BRDA:39,2,1,0
BRDA:65,3,0,0
BRDA:65,3,1,0
BRF:7
BRH:0
end_of_record
TN:
SF:src/payment/payment.module.ts
FNF:0
FNH:0
DA:1,0
DA:2,0
DA:3,0
DA:4,0
DA:5,0
DA:6,0
DA:17,0
LF:7
LH:0
BRF:0
BRH:0
end_of_record
TN:
SF:src/payment/payment.service.ts
FN:19,(anonymous_4)
FN:31,(anonymous_5)
FN:120,(anonymous_6)
FN:164,(anonymous_7)
FN:187,(anonymous_8)
FN:219,(anonymous_9)
FN:239,(anonymous_10)
FNF:7
FNH:0
FNDA:0,(anonymous_4)
FNDA:0,(anonymous_5)
FNDA:0,(anonymous_6)
FNDA:0,(anonymous_7)
FNDA:0,(anonymous_8)
FNDA:0,(anonymous_9)
FNDA:0,(anonymous_10)
DA:1,0
DA:7,0
DA:8,0
DA:9,0
DA:10,0
DA:11,0
DA:12,0
DA:15,0
DA:16,0
DA:21,0
DA:23,0
DA:25,0
DA:26,0
DA:28,0
DA:32,0
DA:34,0
DA:39,0
DA:40,0
DA:44,0
DA:48,0
DA:49,0
DA:53,0
DA:62,0
DA:65,0
DA:110,0
DA:115,0
DA:116,0
DA:121,0
DA:123,0
DA:128,0
DA:129,0
DA:130,0
DA:134,0
DA:139,0
DA:140,0
DA:143,0
DA:144,0
DA:145,0
DA:149,0
DA:150,0
DA:151,0
DA:154,0
DA:156,0
DA:157,0
DA:159,0
DA:160,0
DA:168,0
DA:170,0
DA:179,0
DA:180,0
DA:181,0
DA:185,0
DA:186,0
DA:188,0
DA:194,0
DA:195,0
DA:198,0
DA:201,0
DA:204,0
DA:208,0
DA:209,0
DA:212,0
DA:214,0
DA:215,0
DA:220,0
DA:223,0
DA:231,0
DA:232,0
DA:234,0
DA:235,0
DA:240,0
DA:244,0
LF:72
LH:0
BRDA:39,0,0,0
BRDA:48,1,0,0
BRDA:67,2,0,0
BRDA:67,2,1,0
BRDA:128,3,0,0
BRDA:139,4,0,0
BRDA:179,5,0,0
BRDA:188,6,0,0
BRDA:188,6,1,0
BRDA:194,7,0,0
BRDA:204,8,0,0
BRDA:205,9,0,0
BRDA:205,9,1,0
BRDA:244,10,0,0
BRDA:244,10,1,0
BRF:15
BRH:0
end_of_record
TN:
SF:src/payment/dto/create-payment.dto.ts
FNF:0
FNH:0
DA:1,0
DA:3,0
DA:7,0
DA:11,0
LF:4
LH:0
BRF:0
BRH:0
end_of_record
TN:
SF:src/payment/dto/verify-payment.dto.ts
FNF:0
FNH:0
DA:1,0
DA:9,0
DA:14,0
DA:18,0
LF:4
LH:0
BRF:0
BRH:0
end_of_record
TN:
SF:src/proxy/proxy.controller.ts
FN:13,(anonymous_4)
FN:21,(anonymous_5)
FN:24,(anonymous_6)
FN:41,(anonymous_7)
FN:43,(anonymous_8)
FNF:5
FNH:0
FNDA:0,(anonymous_4)
FNDA:0,(anonymous_5)
FNDA:0,(anonymous_6)
FNDA:0,(anonymous_7)
FNDA:0,(anonymous_8)
DA:1,0
DA:10,0
DA:13,0
DA:14,0
DA:21,0
DA:22,0
DA:24,0
DA:25,0
DA:26,0
DA:33,0
DA:41,0
DA:42,0
DA:43,0
DA:44,0
DA:45,0
DA:52,0
LF:16
LH:0
BRDA:25,0,0,0
BRDA:44,1,0,0
BRF:2
BRH:0
end_of_record
TN:
SF:src/proxy/proxy.module.ts
FNF:0
FNH:0
DA:1,0
DA:2,0
DA:7,0
LF:3
LH:0
BRF:0
BRH:0
end_of_record
TN:
SF:src/report/report-data.service.ts
FN:18,(anonymous_1)
FN:22,(anonymous_2)
FN:26,(anonymous_3)
FN:43,(anonymous_4)
FN:57,(anonymous_5)
FN:73,(anonymous_6)
FN:86,(anonymous_7)
FN:100,(anonymous_8)
FN:109,(anonymous_9)
FN:117,(anonymous_10)
FN:126,(anonymous_11)
FN:134,(anonymous_12)
FN:143,(anonymous_13)
FN:155,(anonymous_14)
FNF:14
FNH:0
FNDA:0,(anonymous_1)
FNDA:0,(anonymous_2)
FNDA:0,(anonymous_3)
FNDA:0,(anonymous_4)
FNDA:0,(anonymous_5)
FNDA:0,(anonymous_6)
FNDA:0,(anonymous_7)
FNDA:0,(anonymous_8)
FNDA:0,(anonymous_9)
FNDA:0,(anonymous_10)
FNDA:0,(anonymous_11)
FNDA:0,(anonymous_12)
FNDA:0,(anonymous_13)
FNDA:0,(anonymous_14)
DA:1,2
DA:2,2
DA:3,2
DA:4,2
DA:18,2
DA:19,0
DA:20,0
DA:23,0
DA:27,0
DA:28,0
DA:30,0
DA:31,0
DA:33,0
DA:34,0
DA:36,0
DA:38,0
DA:39,0
DA:44,0
DA:45,0
DA:46,0
DA:48,0
DA:49,0
DA:51,0
DA:57,0
DA:68,0
DA:69,0
DA:79,0
DA:81,0
DA:82,0
DA:83,0
DA:86,0
DA:87,0
DA:93,0
DA:94,0
DA:97,0
DA:101,0
DA:102,0
DA:103,0
DA:104,0
DA:105,0
DA:106,0
DA:110,0
DA:112,0
DA:113,0
DA:116,0
DA:117,0
DA:118,0
DA:119,0
DA:123,0
DA:127,0
DA:129,0
DA:130,0
DA:133,0
DA:134,0
DA:135,0
DA:136,0
DA:140,0
DA:144,0
DA:145,0
DA:149,0
DA:152,0
DA:156,0
DA:157,0
DA:161,0
DA:162,0
LF:65
LH:5
BRDA:45,0,0,0
BRDA:45,0,1,0
BRDA:58,1,0,0
BRDA:58,1,1,0
BRDA:59,2,0,0
BRDA:59,2,1,0
BRDA:60,3,0,0
BRDA:60,3,1,0
BRDA:61,4,0,0
BRDA:61,4,1,0
BRDA:62,5,0,0
BRDA:62,5,1,0
BRDA:63,6,0,0
BRDA:63,6,1,0
BRDA:64,7,0,0
BRDA:64,7,1,0
BRDA:65,8,0,0
BRDA:65,8,1,0
BRDA:81,9,0,0
BRDA:87,10,0,0
BRDA:87,10,1,0
BRDA:87,10,2,0
BRDA:87,10,3,0
BRDA:88,11,0,0
BRDA:88,11,1,0
BRDA:93,12,0,0
BRDA:97,13,0,0
BRDA:97,13,1,0
BRDA:101,14,0,0
BRDA:102,15,0,0
BRDA:103,16,0,0
BRDA:104,17,0,0
BRDA:105,18,0,0
BRDA:112,19,0,0
BRDA:118,20,0,0
BRDA:118,21,0,0
BRDA:118,21,1,0
BRDA:129,22,0,0
BRDA:135,23,0,0
BRDA:135,24,0,0
BRDA:135,24,1,0
BRDA:144,25,0,0
BRDA:144,26,0,0
BRDA:144,26,1,0
BRDA:156,27,0,0
BRDA:156,28,0,0
BRDA:156,28,1,0
BRDA:162,29,0,0
BRDA:162,29,1,0
BRF:49
BRH:0
end_of_record
TN:
SF:src/report/report.controller.ts
FN:21,(anonymous_4)
FN:31,(anonymous_5)
FN:90,(anonymous_6)
FN:140,(anonymous_7)
FN:146,(anonymous_8)
FN:161,(anonymous_9)
FNF:6
FNH:0
FNDA:0,(anonymous_4)
FNDA:0,(anonymous_5)
FNDA:0,(anonymous_6)
FNDA:0,(anonymous_7)
FNDA:0,(anonymous_8)
FNDA:0,(anonymous_9)
DA:1,0
DA:15,0
DA:16,0
DA:20,0
DA:21,0
DA:31,0
DA:36,0
DA:38,0
DA:39,0
DA:42,0
DA:45,0
DA:48,0
DA:49,0
DA:50,0
DA:51,0
DA:61,0
DA:64,0
DA:65,0
DA:69,0
DA:70,0
DA:71,0
DA:72,0
DA:75,0
DA:77,0
DA:78,0
DA:80,0
DA:90,0
DA:95,0
DA:97,0
DA:98,0
DA:101,0
DA:104,0
DA:105,0
DA:106,0
DA:115,0
DA:118,0
DA:119,0
DA:123,0
DA:124,0
DA:125,0
DA:126,0
DA:129,0
DA:131,0
DA:132,0
DA:134,0
DA:140,0
DA:141,0
DA:146,0
DA:148,0
DA:149,0
DA:152,0
DA:161,0
DA:166,0
DA:169,0
DA:170,0
DA:174,0
LF:56
LH:0
BRDA:38,0,0,0
BRDA:48,1,0,0
BRDA:50,2,0,0
BRDA:77,3,0,0
BRDA:77,4,0,0
BRDA:77,4,1,0
BRDA:97,5,0,0
BRDA:105,6,0,0
BRDA:131,7,0,0
BRDA:131,8,0,0
BRDA:131,8,1,0
BRDA:148,9,0,0
BRDA:169,10,0,0
BRF:13
BRH:0
end_of_record
TN:
SF:src/report/report.module.ts
FNF:0
FNH:0
DA:1,0
DA:2,0
DA:3,0
DA:4,0
DA:5,0
DA:6,0
DA:7,0
DA:8,0
DA:9,0
DA:20,0
LF:10
LH:0
BRF:0
BRH:0
end_of_record
TN:
SF:src/report/report.service.ts
FN:12,(anonymous_4)
FN:33,(anonymous_5)
FN:45,(anonymous_6)
FN:73,(anonymous_7)
FN:104,(anonymous_8)
FN:115,(anonymous_9)
FN:140,(anonymous_10)
FN:149,(anonymous_11)
FN:167,(anonymous_12)
FN:172,(anonymous_13)
FN:192,(anonymous_14)
FN:203,(anonymous_15)
FN:208,(anonymous_16)
FN:229,(anonymous_17)
FN:236,(anonymous_18)
FN:258,(anonymous_19)
FN:271,(anonymous_20)
FN:284,(anonymous_21)
FN:289,(anonymous_22)
FNF:19
FNH:11
FNDA:23,(anonymous_4)
FNDA:66,(anonymous_5)
FNDA:2920,(anonymous_6)
FNDA:66,(anonymous_7)
FNDA:64,(anonymous_8)
FNDA:64,(anonymous_9)
FNDA:0,(anonymous_10)
FNDA:0,(anonymous_11)
FNDA:4,(anonymous_12)
FNDA:4,(anonymous_13)
FNDA:2,(anonymous_14)
FNDA:2,(anonymous_15)
FNDA:2,(anonymous_16)
FNDA:0,(anonymous_17)
FNDA:0,(anonymous_18)
FNDA:0,(anonymous_19)
FNDA:0,(anonymous_20)
FNDA:0,(anonymous_21)
FNDA:0,(anonymous_22)
DA:1,2
DA:2,2
DA:3,2
DA:4,2
DA:5,2
DA:6,2
DA:7,2
DA:8,2
DA:11,2
DA:14,23
DA:16,23
DA:18,23
DA:19,23
DA:20,23
DA:21,23
DA:38,66
DA:40,66
DA:41,2
DA:45,2920
DA:51,64
DA:54,64
DA:63,0
DA:65,0
DA:77,66
DA:78,66
DA:80,66
DA:81,0
DA:85,66
DA:92,66
DA:94,64
DA:97,66
DA:111,64
DA:113,64
DA:116,64
DA:117,13
DA:124,51
DA:145,0
DA:147,0
DA:150,0
DA:168,4
DA:170,4
DA:173,4
DA:179,4
DA:193,2
DA:194,2
DA:204,2
DA:206,2
DA:209,2
DA:216,2
DA:232,0
DA:234,0
DA:237,0
DA:245,0
DA:260,0
DA:261,0
DA:262,0
DA:263,0
DA:264,0
DA:267,0
DA:268,0
DA:272,0
DA:277,0
DA:278,0
DA:281,0
DA:285,0
DA:287,0
DA:290,0
LF:67
LH:43
BRDA:35,0,0,0
BRDA:40,1,0,2
BRDA:51,2,0,0
BRDA:51,2,1,64
BRDA:80,3,0,0
BRDA:92,4,0,64
BRDA:111,5,0,13
BRDA:111,5,1,51
BRDA:116,6,0,13
BRDA:116,6,1,51
BRDA:277,7,0,0
BRF:11
BRH:7
end_of_record
TN:
SF:src/survey/survey.controller.ts
FN:23,(anonymous_4)
FN:30,(anonymous_5)
FN:52,(anonymous_6)
FN:66,(anonymous_7)
FN:105,(anonymous_8)
FN:116,(anonymous_9)
FN:122,(anonymous_10)
FN:132,(anonymous_11)
FN:151,(anonymous_12)
FN:156,(anonymous_13)
FNF:10
FNH:0
FNDA:0,(anonymous_4)
FNDA:0,(anonymous_5)
FNDA:0,(anonymous_6)
FNDA:0,(anonymous_7)
FNDA:0,(anonymous_8)
FNDA:0,(anonymous_9)
FNDA:0,(anonymous_10)
FNDA:0,(anonymous_11)
FNDA:0,(anonymous_12)
FNDA:0,(anonymous_13)
DA:1,0
DA:14,0
DA:15,0
DA:17,0
DA:18,0
DA:19,0
DA:22,0
DA:24,0
DA:25,0
DA:26,0
DA:30,0
DA:31,0
DA:37,0
DA:46,0
DA:52,0
DA:57,0
DA:58,0
DA:66,0
DA:71,0
DA:74,0
DA:76,0
DA:77,0
DA:82,0
DA:83,0
DA:86,0
DA:87,0
DA:91,0
DA:100,0
DA:105,0
DA:107,0
DA:108,0
DA:110,0
DA:116,0
DA:117,0
DA:122,0
DA:124,0
DA:125,0
DA:127,0
DA:132,0
DA:138,0
DA:139,0
DA:142,0
DA:143,0
DA:144,0
DA:147,0
DA:151,0
DA:152,0
DA:156,0
DA:157,0
LF:49
LH:0
BRDA:76,0,0,0
BRDA:86,1,0,0
BRDA:107,2,0,0
BRDA:124,3,0,0
BRDA:138,4,0,0
BRDA:143,5,0,0
BRF:6
BRH:0
end_of_record
TN:
SF:src/survey/survey.module.ts
FN:14,(anonymous_1)
FNF:1
FNH:0
FNDA:0,(anonymous_1)
DA:1,0
DA:2,0
DA:3,0
DA:4,0
DA:5,0
DA:6,0
DA:7,0
DA:8,0
DA:9,0
DA:14,0
DA:24,0
LF:11
LH:0
BRDA:16,0,0,0
BRDA:16,0,1,0
BRF:2
BRH:0
end_of_record
TN:
SF:src/survey/survey.service.ts
FN:22,(anonymous_4)
FN:34,(anonymous_5)
FN:79,(anonymous_6)
FN:119,(anonymous_7)
FN:133,(anonymous_8)
FN:145,(anonymous_9)
FN:159,(anonymous_10)
FN:180,(anonymous_11)
FN:191,(anonymous_12)
FN:207,(anonymous_13)
FN:220,(anonymous_14)
FN:234,(anonymous_15)
FN:249,(anonymous_16)
FN:252,(anonymous_17)
FN:253,(anonymous_18)
FN:261,(anonymous_19)
FN:262,(anonymous_20)
FN:263,(anonymous_21)
FN:277,(anonymous_22)
FN:291,(anonymous_23)
FN:299,(anonymous_24)
FN:348,(anonymous_25)
FN:363,(anonymous_26)
FN:373,(anonymous_27)
FN:382,(anonymous_28)
FN:400,(anonymous_29)
FN:409,(anonymous_30)
FNF:27
FNH:0
FNDA:0,(anonymous_4)
FNDA:0,(anonymous_5)
FNDA:0,(anonymous_6)
FNDA:0,(anonymous_7)
FNDA:0,(anonymous_8)
FNDA:0,(anonymous_9)
FNDA:0,(anonymous_10)
FNDA:0,(anonymous_11)
FNDA:0,(anonymous_12)
FNDA:0,(anonymous_13)
FNDA:0,(anonymous_14)
FNDA:0,(anonymous_15)
FNDA:0,(anonymous_16)
FNDA:0,(anonymous_17)
FNDA:0,(anonymous_18)
FNDA:0,(anonymous_19)
FNDA:0,(anonymous_20)
FNDA:0,(anonymous_21)
FNDA:0,(anonymous_22)
FNDA:0,(anonymous_23)
FNDA:0,(anonymous_24)
FNDA:0,(anonymous_25)
FNDA:0,(anonymous_26)
FNDA:0,(anonymous_27)
FNDA:0,(anonymous_28)
FNDA:0,(anonymous_29)
FNDA:0,(anonymous_30)
DA:1,0
DA:6,0
DA:7,0
DA:8,0
DA:9,0
DA:15,0
DA:16,0
DA:17,0
DA:18,0
DA:21,0
DA:24,0
DA:26,0
DA:28,0
DA:30,0
DA:31,0
DA:40,0
DA:43,0
DA:44,0
DA:48,0
DA:52,0
DA:55,0
DA:56,0
DA:60,0
DA:67,0
DA:69,0
DA:85,0
DA:86,0
DA:92,0
DA:95,0
DA:96,0
DA:100,0
DA:104,0
DA:106,0
DA:107,0
DA:110,0
DA:115,0
DA:122,0
DA:123,0
DA:125,0
DA:126,0
DA:127,0
DA:130,0
DA:134,0
DA:139,0
DA:140,0
DA:144,0
DA:145,0
DA:146,0
DA:149,0
DA:160,0
DA:164,0
DA:165,0
DA:169,0
DA:170,0
DA:174,0
DA:181,0
DA:188,0
DA:193,0
DA:200,0
DA:208,0
DA:221,0
DA:235,0
DA:242,0
DA:243,0
DA:246,0
DA:250,0
DA:252,0
DA:253,0
DA:255,0
DA:262,0
DA:263,0
DA:265,0
DA:278,0
DA:284,0
DA:292,0
DA:304,0
DA:307,0
DA:308,0
DA:312,0
DA:316,0
DA:319,0
DA:320,0
DA:324,0
DA:327,0
DA:335,0
DA:337,0
DA:354,0
DA:366,0
DA:375,0
DA:378,0
DA:379,0
DA:382,0
DA:388,0
DA:402,0
DA:405,0
DA:406,0
DA:409,0
DA:415,0
LF:98
LH:0
BRDA:43,0,0,0
BRDA:55,1,0,0
BRDA:85,2,0,0
BRDA:85,3,0,0
BRDA:85,3,1,0
BRDA:85,3,2,0
BRDA:95,4,0,0
BRDA:104,5,0,0
BRDA:104,5,1,0
BRDA:126,6,0,0
BRDA:139,7,0,0
BRDA:164,8,0,0
BRDA:242,9,0,0
BRDA:267,10,0,0
BRDA:267,10,1,0
BRDA:268,11,0,0
BRDA:268,11,1,0
BRDA:307,12,0,0
BRDA:319,13,0,0
BRDA:350,14,0,0
BRDA:357,15,0,0
BRDA:357,15,1,0
BRF:22
BRH:0
end_of_record
TN:
SF:src/survey/dto/get-session-token.dto.ts
FNF:0
FNH:0
DA:1,0
DA:3,0
DA:6,0
LF:3
LH:0
BRF:0
BRH:0
end_of_record
TN:
SF:src/survey/dto/submit-response.dto.ts
FN:28,(anonymous_2)
FNF:1
FNH:0
FNDA:0,(anonymous_2)
DA:1,0
DA:9,0
DA:14,0
DA:17,0
DA:20,0
DA:23,0
DA:28,0
DA:29,0
LF:8
LH:0
BRF:0
BRH:0
end_of_record
TN:
SF:src/telegram/telegram.constants.ts
FNF:0
FNH:0
DA:15,0
DA:23,0
LF:2
LH:0
BRF:0
BRH:0
end_of_record
TN:
SF:src/telegram/telegram.controller.ts
FN:9,(anonymous_4)
FN:12,(anonymous_5)
FN:18,(anonymous_6)
FNF:3
FNH:0
FNDA:0,(anonymous_4)
FNDA:0,(anonymous_5)
FNDA:0,(anonymous_6)
DA:1,0
DA:2,0
DA:6,0
DA:7,0
DA:9,0
DA:12,0
DA:13,0
DA:14,0
DA:18,0
DA:19,0
LF:10
LH:0
BRF:0
BRH:0
end_of_record
TN:
SF:src/telegram/telegram.module.ts
FNF:0
FNH:0
DA:1,0
DA:2,0
DA:3,0
DA:4,0
DA:5,0
DA:6,0
DA:7,0
DA:8,0
DA:9,0
DA:10,0
DA:11,0
DA:12,0
DA:28,0
LF:13
LH:0
BRF:0
BRH:0
end_of_record
TN:
SF:src/telegram/telegram.service.ts
FN:52,(anonymous_4)
FN:77,(anonymous_5)
FN:84,(anonymous_6)
FN:94,(anonymous_7)
FN:115,(anonymous_8)
FN:147,(anonymous_9)
FN:163,(anonymous_10)
FN:202,(anonymous_11)
FN:225,(anonymous_12)
FN:295,(anonymous_13)
FN:318,(anonymous_14)
FN:342,(anonymous_15)
FN:376,(anonymous_16)
FN:400,(anonymous_17)
FN:576,(anonymous_18)
FN:586,(anonymous_19)
FN:599,(anonymous_20)
FN:613,(anonymous_21)
FN:626,(anonymous_22)
FN:640,(anonymous_23)
FN:663,(anonymous_24)
FN:664,(anonymous_25)
FN:710,(anonymous_26)
FN:803,(anonymous_27)
FN:830,(anonymous_28)
FN:857,(anonymous_29)
FN:864,(anonymous_30)
FN:878,(anonymous_31)
FN:915,(anonymous_32)
FN:938,(anonymous_33)
FN:977,(anonymous_34)
FN:1012,(anonymous_35)
FN:1069,(anonymous_36)
FN:1121,(anonymous_37)
FN:1159,(anonymous_38)
FN:1219,(anonymous_39)
FN:1231,(anonymous_40)
FN:1257,(anonymous_41)
FN:1294,(anonymous_42)
FN:1328,(anonymous_43)
FN:1363,(anonymous_44)
FN:1382,(anonymous_45)
FN:1422,(anonymous_46)
FN:1472,(anonymous_47)
FN:1515,(anonymous_48)
FN:1523,(anonymous_49)
FNF:46
FNH:0
FNDA:0,(anonymous_4)
FNDA:0,(anonymous_5)
FNDA:0,(anonymous_6)
FNDA:0,(anonymous_7)
FNDA:0,(anonymous_8)
FNDA:0,(anonymous_9)
FNDA:0,(anonymous_10)
FNDA:0,(anonymous_11)
FNDA:0,(anonymous_12)
FNDA:0,(anonymous_13)
FNDA:0,(anonymous_14)
FNDA:0,(anonymous_15)
FNDA:0,(anonymous_16)
FNDA:0,(anonymous_17)
FNDA:0,(anonymous_18)
FNDA:0,(anonymous_19)
FNDA:0,(anonymous_20)
FNDA:0,(anonymous_21)
FNDA:0,(anonymous_22)
FNDA:0,(anonymous_23)
FNDA:0,(anonymous_24)
FNDA:0,(anonymous_25)
FNDA:0,(anonymous_26)
FNDA:0,(anonymous_27)
FNDA:0,(anonymous_28)
FNDA:0,(anonymous_29)
FNDA:0,(anonymous_30)
FNDA:0,(anonymous_31)
FNDA:0,(anonymous_32)
FNDA:0,(anonymous_33)
FNDA:0,(anonymous_34)
FNDA:0,(anonymous_35)
FNDA:0,(anonymous_36)
FNDA:0,(anonymous_37)
FNDA:0,(anonymous_38)
FNDA:0,(anonymous_39)
FNDA:0,(anonymous_40)
FNDA:0,(anonymous_41)
FNDA:0,(anonymous_42)
FNDA:0,(anonymous_43)
FNDA:0,(anonymous_44)
FNDA:0,(anonymous_45)
FNDA:0,(anonymous_46)
FNDA:0,(anonymous_47)
FNDA:0,(anonymous_48)
FNDA:0,(anonymous_49)
DA:1,0
DA:2,0
DA:3,0
DA:4,0
DA:5,0
DA:6,0
DA:7,0
DA:8,0
DA:9,0
DA:10,0
DA:11,0
DA:12,0
DA:13,0
DA:14,0
DA:15,0
DA:16,0
DA:17,0
DA:31,0
DA:32,0
DA:37,0
DA:44,0
DA:45,0
DA:46,0
DA:49,0
DA:50,0
DA:53,0
DA:54,0
DA:55,0
DA:56,0
DA:57,0
DA:58,0
DA:59,0
DA:60,0
DA:62,0
DA:64,0
DA:65,0
DA:78,0
DA:79,0
DA:82,0
DA:83,0
DA:84,0
DA:87,0
DA:88,0
DA:91,0
DA:95,0
DA:104,0
DA:105,0
DA:110,0
DA:117,0
DA:118,0
DA:119,0
DA:120,0
DA:121,0
DA:122,0
DA:124,0
DA:128,0
DA:148,0
DA:149,0
DA:150,0
DA:151,0
DA:152,0
DA:155,0
DA:156,0
DA:168,0
DA:172,0
DA:174,0
DA:175,0
DA:180,0
DA:181,0
DA:184,0
DA:185,0
DA:186,0
DA:187,0
DA:189,0
DA:190,0
DA:191,0
DA:193,0
DA:194,0
DA:195,0
DA:199,0
DA:203,0
DA:204,0
DA:205,0
DA:207,0
DA:209,0
DA:210,0
DA:211,0
DA:212,0
DA:213,0
DA:214,0
DA:215,0
DA:216,0
DA:218,0
DA:226,0
DA:227,0
DA:228,0
DA:230,0
DA:232,0
DA:233,0
DA:234,0
DA:235,0
DA:236,0
DA:237,0
DA:238,0
DA:239,0
DA:240,0
DA:241,0
DA:242,0
DA:243,0
DA:244,0
DA:246,0
DA:247,0
DA:248,0
DA:252,0
DA:255,0
DA:256,0
DA:257,0
DA:258,0
DA:259,0
DA:260,0
DA:261,0
DA:263,0
DA:265,0
DA:266,0
DA:267,0
DA:268,0
DA:270,0
DA:271,0
DA:272,0
DA:273,0
DA:274,0
DA:275,0
DA:276,0
DA:277,0
DA:278,0
DA:279,0
DA:280,0
DA:281,0
DA:282,0
DA:283,0
DA:284,0
DA:285,0
DA:286,0
DA:287,0
DA:288,0
DA:292,0
DA:297,0
DA:299,0
DA:311,0
DA:319,0
DA:335,0
DA:343,0
DA:366,0
DA:378,0
DA:379,0
DA:383,0
DA:392,0
DA:394,0
DA:406,0
DA:407,0
DA:409,0
DA:411,0
DA:415,0
DA:416,0
DA:418,0
DA:424,0
DA:425,0
DA:429,0
DA:433,0
DA:434,0
DA:436,0
DA:442,0
DA:443,0
DA:447,0
DA:449,0
DA:451,0
DA:452,0
DA:454,0
DA:462,0
DA:467,0
DA:468,0
DA:470,0
DA:473,0
DA:478,0
DA:479,0
DA:481,0
DA:482,0
DA:484,0
DA:485,0
DA:486,0
DA:489,0
DA:498,0
DA:504,0
DA:507,0
DA:508,0
DA:510,0
DA:518,0
DA:523,0
DA:526,0
DA:527,0
DA:531,0
DA:532,0
DA:533,0
DA:537,0
DA:539,0
DA:549,0
DA:550,0
DA:555,0
DA:556,0
DA:560,0
DA:561,0
DA:562,0
DA:563,0
DA:569,0
DA:577,0
DA:578,0
DA:579,0
DA:580,0
DA:587,0
DA:588,0
DA:590,0
DA:591,0
DA:593,0
DA:600,0
DA:601,0
DA:603,0
DA:604,0
DA:605,0
DA:607,0
DA:614,0
DA:615,0
DA:617,0
DA:618,0
DA:620,0
DA:627,0
DA:628,0
DA:630,0
DA:631,0
DA:632,0
DA:634,0
DA:647,0
DA:648,0
DA:649,0
DA:653,0
DA:657,0
DA:659,0
DA:661,0
DA:663,0
DA:664,0
DA:667,0
DA:669,0
DA:672,0
DA:675,0
DA:680,0
DA:682,0
DA:684,0
DA:685,0
DA:690,0
DA:697,0
DA:698,0
DA:699,0
DA:701,0
DA:733,0
DA:758,0
DA:798,0
DA:800,0
DA:804,0
DA:827,0
DA:831,0
DA:854,0
DA:861,0
DA:863,0
DA:864,0
DA:866,0
DA:867,0
DA:871,0
DA:875,0
DA:876,0
DA:878,0
DA:879,0
DA:880,0
DA:887,0
DA:888,0
DA:891,0
DA:899,0
DA:901,0
DA:905,0
DA:907,0
DA:908,0
DA:920,0
DA:921,0
DA:935,0
DA:943,0
DA:945,0
DA:948,0
DA:949,0
DA:951,0
DA:967,0
DA:969,0
DA:970,0
DA:982,0
DA:984,0
DA:986,0
DA:1002,0
DA:1004,0
DA:1005,0
DA:1017,0
DA:1019,0
DA:1021,0
DA:1022,0
DA:1029,0
DA:1030,0
DA:1034,0
DA:1048,0
DA:1059,0
DA:1061,0
DA:1062,0
DA:1074,0
DA:1076,0
DA:1081,0
DA:1095,0
DA:1107,0
DA:1109,0
DA:1110,0
DA:1126,0
DA:1127,0
DA:1130,0
DA:1131,0
DA:1132,0
DA:1136,0
DA:1140,0
DA:1146,0
DA:1148,0
DA:1149,0
DA:1150,0
DA:1154,0
DA:1158,0
DA:1159,0
DA:1160,0
DA:1162,0
DA:1165,0
DA:1166,0
DA:1170,0
DA:1174,0
DA:1179,0
DA:1182,0
DA:1183,0
DA:1188,0
DA:1190,0
DA:1195,0
DA:1197,0
DA:1200,0
DA:1201,0
DA:1205,0
DA:1206,0
DA:1211,0
DA:1225,0
DA:1232,0
DA:1233,0
DA:1248,0
DA:1249,0
DA:1252,0
DA:1253,0
DA:1263,0
DA:1264,0
DA:1281,0
DA:1282,0
DA:1283,0
DA:1284,0
DA:1289,0
DA:1290,0
DA:1299,0
DA:1300,0
DA:1315,0
DA:1316,0
DA:1317,0
DA:1318,0
DA:1323,0
DA:1324,0
DA:1333,0
DA:1334,0
DA:1350,0
DA:1351,0
DA:1352,0
DA:1353,0
DA:1358,0
DA:1359,0
DA:1364,0
DA:1365,0
DA:1378,0
DA:1388,0
DA:1389,0
DA:1409,0
DA:1410,0
DA:1411,0
DA:1412,0
DA:1417,0
DA:1418,0
DA:1428,0
DA:1429,0
DA:1431,0
DA:1432,0
DA:1439,0
DA:1440,0
DA:1442,0
DA:1445,0
DA:1453,0
DA:1454,0
DA:1455,0
DA:1460,0
DA:1461,0
DA:1478,0
DA:1479,0
DA:1481,0
DA:1482,0
DA:1487,0
DA:1488,0
DA:1490,0
DA:1493,0
DA:1501,0
DA:1502,0
DA:1503,0
DA:1508,0
DA:1510,0
DA:1511,0
DA:1519,0
DA:1520,0
DA:1524,0
DA:1525,0
DA:1529,0
DA:1530,0
DA:1531,0
DA:1532,0
DA:1537,0
DA:1538,0
DA:1544,0
DA:1545,0
LF:437
LH:0
BRDA:78,0,0,0
BRDA:87,1,0,0
BRDA:104,2,0,0
BRDA:104,3,0,0
BRDA:104,3,1,0
BRDA:118,4,0,0
BRDA:149,5,0,0
BRDA:149,5,1,0
BRDA:151,6,0,0
BRDA:172,7,0,0
BRDA:172,7,1,0
BRDA:185,8,0,0
BRDA:189,9,0,0
BRDA:193,10,0,0
BRDA:209,11,0,0
BRDA:209,11,1,0
BRDA:211,12,0,0
BRDA:211,12,1,0
BRDA:213,13,0,0
BRDA:213,13,1,0
BRDA:215,14,0,0
BRDA:215,14,1,0
BRDA:232,15,0,0
BRDA:232,15,1,0
BRDA:234,16,0,0
BRDA:234,16,1,0
BRDA:236,17,0,0
BRDA:236,17,1,0
BRDA:238,18,0,0
BRDA:238,18,1,0
BRDA:240,19,0,0
BRDA:240,19,1,0
BRDA:242,20,0,0
BRDA:242,20,1,0
BRDA:244,21,0,0
BRDA:244,21,1,0
BRDA:244,22,0,0
BRDA:244,22,1,0
BRDA:246,23,0,0
BRDA:247,24,0,0
BRDA:247,24,1,0
BRDA:255,25,0,0
BRDA:255,25,1,0
BRDA:257,26,0,0
BRDA:257,26,1,0
BRDA:260,27,0,0
BRDA:263,28,0,0
BRDA:263,28,1,0
BRDA:265,29,0,0
BRDA:266,30,0,0
BRDA:266,30,1,0
BRDA:271,31,0,0
BRDA:271,31,1,0
BRDA:274,32,0,0
BRDA:274,32,1,0
BRDA:277,33,0,0
BRDA:277,33,1,0
BRDA:280,34,0,0
BRDA:280,34,1,0
BRDA:283,35,0,0
BRDA:283,35,1,0
BRDA:286,36,0,0
BRDA:300,37,0,0
BRDA:300,37,1,0
BRDA:406,38,0,0
BRDA:406,38,1,0
BRDA:409,39,0,0
BRDA:409,39,1,0
BRDA:409,39,2,0
BRDA:409,39,3,0
BRDA:409,39,4,0
BRDA:409,39,5,0
BRDA:409,39,6,0
BRDA:449,40,0,0
BRDA:449,40,1,0
BRDA:468,41,0,0
BRDA:468,41,1,0
BRDA:478,42,0,0
BRDA:531,43,0,0
BRDA:531,44,0,0
BRDA:531,44,1,0
BRDA:588,45,0,0
BRDA:601,46,0,0
BRDA:615,47,0,0
BRDA:628,48,0,0
BRDA:643,49,0,0
BRDA:644,50,0,0
BRDA:647,51,0,0
BRDA:684,52,0,0
BRDA:684,52,1,0
BRDA:697,53,0,0
BRDA:736,54,0,0
BRDA:736,54,1,0
BRDA:736,55,0,0
BRDA:736,55,1,0
BRDA:749,56,0,0
BRDA:749,56,1,0
BRDA:749,57,0,0
BRDA:749,57,1,0
BRDA:866,58,0,0
BRDA:879,59,0,0
BRDA:879,59,1,0
BRDA:948,60,0,0
BRDA:948,60,1,0
BRDA:952,61,0,0
BRDA:952,61,1,0
BRDA:959,62,0,0
BRDA:959,62,1,0
BRDA:1021,63,0,0
BRDA:1130,64,0,0
BRDA:1148,65,0,0
BRDA:1162,66,0,0
BRDA:1162,66,1,0
BRDA:1165,67,0,0
BRDA:1183,68,0,0
BRDA:1183,68,1,0
BRDA:1200,69,0,0
BRDA:1200,69,1,0
BRDA:1205,70,0,0
BRDA:1205,70,1,0
BRDA:1248,71,0,0
BRDA:1281,72,0,0
BRDA:1315,73,0,0
BRDA:1350,74,0,0
BRDA:1409,75,0,0
BRDA:1434,76,0,0
BRDA:1434,76,1,0
BRDA:1439,77,0,0
BRDA:1439,77,1,0
BRDA:1442,78,0,0
BRDA:1442,78,1,0
BRDA:1453,79,0,0
BRDA:1487,80,0,0
BRDA:1487,80,1,0
BRDA:1501,81,0,0
BRDA:1529,82,0,0
BRF:136
BRH:0
end_of_record
TN:
SF:src/telegram/calendar/calendar.service.ts
FN:27,(anonymous_1)
FN:52,(anonymous_2)
FN:62,(anonymous_3)
FN:72,(anonymous_4)
FN:83,(anonymous_5)
FN:90,(anonymous_6)
FN:120,(anonymous_7)
FN:149,(anonymous_8)
FN:150,(anonymous_9)
FN:159,(anonymous_10)
FN:228,(anonymous_11)
FN:251,(anonymous_12)
FN:262,(anonymous_13)
FN:306,(anonymous_14)
FN:344,(anonymous_15)
FN:354,(anonymous_16)
FNF:16
FNH:0
FNDA:0,(anonymous_1)
FNDA:0,(anonymous_2)
FNDA:0,(anonymous_3)
FNDA:0,(anonymous_4)
FNDA:0,(anonymous_5)
FNDA:0,(anonymous_6)
FNDA:0,(anonymous_7)
FNDA:0,(anonymous_8)
FNDA:0,(anonymous_9)
FNDA:0,(anonymous_10)
FNDA:0,(anonymous_11)
FNDA:0,(anonymous_12)
FNDA:0,(anonymous_13)
FNDA:0,(anonymous_14)
FNDA:0,(anonymous_15)
FNDA:0,(anonymous_16)
DA:1,0
DA:27,0
DA:28,0
DA:30,0
DA:45,0
DA:47,0
DA:53,0
DA:54,0
DA:56,0
DA:63,0
DA:64,0
DA:65,0
DA:66,0
DA:73,0
DA:74,0
DA:75,0
DA:77,0
DA:84,0
DA:96,0
DA:98,0
DA:99,0
DA:102,0
DA:105,0
DA:108,0
DA:109,0
DA:112,0
DA:114,0
DA:121,0
DA:122,0
DA:124,0
DA:125,0
DA:128,0
DA:129,0
DA:131,0
DA:135,0
DA:139,0
DA:150,0
DA:166,0
DA:167,0
DA:168,0
DA:171,0
DA:172,0
DA:174,0
DA:177,0
DA:178,0
DA:182,0
DA:183,0
DA:184,0
DA:187,0
DA:190,0
DA:191,0
DA:194,0
DA:195,0
DA:196,0
DA:197,0
DA:198,0
DA:200,0
DA:201,0
DA:204,0
DA:207,0
DA:208,0
DA:209,0
DA:214,0
DA:215,0
DA:218,0
DA:219,0
DA:222,0
DA:229,0
DA:231,0
DA:232,0
DA:233,0
DA:234,0
DA:240,0
DA:245,0
DA:252,0
DA:263,0
DA:264,0
DA:266,0
DA:269,0
DA:270,0
DA:271,0
DA:279,0
DA:280,0
DA:281,0
DA:285,0
DA:286,0
DA:287,0
DA:295,0
DA:299,0
DA:307,0
DA:308,0
DA:311,0
DA:312,0
DA:319,0
DA:320,0
DA:327,0
DA:331,0
DA:332,0
DA:338,0
DA:345,0
DA:346,0
DA:348,0
DA:355,0
DA:356,0
DA:358,0
LF:105
LH:0
BRDA:53,0,0,0
BRDA:53,1,0,0
BRDA:53,1,1,0
BRDA:74,2,0,0
BRDA:74,3,0,0
BRDA:74,3,1,0
BRDA:74,3,2,0
BRDA:83,4,0,0
BRDA:94,5,0,0
BRDA:129,6,0,0
BRDA:129,6,1,0
BRDA:129,6,2,0
BRDA:131,7,0,0
BRDA:131,7,1,0
BRDA:135,8,0,0
BRDA:135,8,1,0
BRDA:142,9,0,0
BRDA:142,9,1,0
BRDA:164,10,0,0
BRDA:172,11,0,0
BRDA:172,11,1,0
BRDA:191,12,0,0
BRDA:191,12,1,0
BRDA:194,13,0,0
BRDA:194,13,1,0
BRDA:194,14,0,0
BRDA:194,14,1,0
BRDA:195,15,0,0
BRDA:195,15,1,0
BRDA:195,16,0,0
BRDA:195,16,1,0
BRDA:197,17,0,0
BRDA:197,18,0,0
BRDA:197,18,1,0
BRDA:200,19,0,0
BRDA:200,20,0,0
BRDA:200,20,1,0
BRDA:207,21,0,0
BRDA:214,22,0,0
BRDA:214,22,1,0
BRDA:218,23,0,0
BRDA:231,24,0,0
BRDA:231,25,0,0
BRDA:231,25,1,0
BRDA:253,26,0,0
BRDA:253,26,1,0
BRDA:253,26,2,0
BRDA:266,27,0,0
BRDA:266,27,1,0
BRDA:266,27,2,0
BRDA:266,27,3,0
BRDA:266,27,4,0
BRDA:266,27,5,0
BRDA:266,27,6,0
BRDA:311,28,0,0
BRDA:311,29,0,0
BRDA:311,29,1,0
BRDA:319,30,0,0
BRDA:331,31,0,0
BRDA:345,32,0,0
BRDA:355,33,0,0
BRF:61
BRH:0
end_of_record
TN:
SF:src/telegram/guards/webhook-verification.guard.ts
FN:12,(anonymous_2)
FN:14,(anonymous_3)
FNF:2
FNH:0
FNDA:0,(anonymous_2)
FNDA:0,(anonymous_3)
DA:1,0
DA:7,0
DA:8,0
DA:11,0
DA:12,0
DA:15,0
DA:16,0
DA:18,0
DA:19,0
DA:23,0
DA:25,0
DA:26,0
DA:30,0
DA:31,0
DA:37,0
DA:42,0
DA:43,0
DA:46,0
LF:18
LH:0
BRDA:18,0,0,0
BRDA:25,1,0,0
BRDA:42,2,0,0
BRF:3
BRH:0
end_of_record
